<?xml version="1.0" encoding="UTF-8"?>
<testsuite xmlns:xsi="http://www.w3.org/2001/XMLSchema-instance" xsi:noNamespaceSchemaLocation="https://maven.apache.org/surefire/maven-surefire-plugin/xsd/surefire-test-report-3.0.xsd" version="3.0" name="TestSuite" time="34.764" tests="2" errors="0" skipped="0" failures="0">
  <properties>
    <property name="java.specification.version" value="15"/>
    <property name="sun.jnu.encoding" value="UTF-8"/>
    <property name="java.class.path" value="/home/user/eclipse-workspace/CopyTDDFrameworkWithMultiThread2/target/test-classes:/home/user/eclipse-workspace/CopyTDDFrameworkWithMultiThread2/target/classes:/home/user/.m2/repository/io/appium/java-client/8.5.0/java-client-8.5.0.jar:/home/user/.m2/repository/org/seleniumhq/selenium/selenium-api/4.9.1/selenium-api-4.9.1.jar:/home/user/.m2/repository/org/seleniumhq/selenium/selenium-remote-driver/4.9.1/selenium-remote-driver-4.9.1.jar:/home/user/.m2/repository/com/google/auto/service/auto-service-annotations/1.0.1/auto-service-annotations-1.0.1.jar:/home/user/.m2/repository/com/google/auto/service/auto-service/1.0.1/auto-service-1.0.1.jar:/home/user/.m2/repository/com/google/auto/auto-common/1.2/auto-common-1.2.jar:/home/user/.m2/repository/com/google/guava/guava/31.1-jre/guava-31.1-jre.jar:/home/user/.m2/repository/com/google/guava/failureaccess/1.0.1/failureaccess-1.0.1.jar:/home/user/.m2/repository/com/google/guava/listenablefuture/9999.0-empty-to-avoid-conflict-with-guava/listenablefuture-9999.0-empty-to-avoid-conflict-with-guava.jar:/home/user/.m2/repository/com/google/code/findbugs/jsr305/3.0.2/jsr305-3.0.2.jar:/home/user/.m2/repository/org/checkerframework/checker-qual/3.12.0/checker-qual-3.12.0.jar:/home/user/.m2/repository/com/google/errorprone/error_prone_annotations/2.11.0/error_prone_annotations-2.11.0.jar:/home/user/.m2/repository/com/google/j2objc/j2objc-annotations/1.3/j2objc-annotations-1.3.jar:/home/user/.m2/repository/io/netty/netty-buffer/4.1.91.Final/netty-buffer-4.1.91.Final.jar:/home/user/.m2/repository/io/netty/netty-codec-http/4.1.91.Final/netty-codec-http-4.1.91.Final.jar:/home/user/.m2/repository/io/netty/netty-codec/4.1.91.Final/netty-codec-4.1.91.Final.jar:/home/user/.m2/repository/io/netty/netty-handler/4.1.91.Final/netty-handler-4.1.91.Final.jar:/home/user/.m2/repository/io/netty/netty-common/4.1.91.Final/netty-common-4.1.91.Final.jar:/home/user/.m2/repository/io/netty/netty-transport-classes-epoll/4.1.91.Final/netty-transport-classes-epoll-4.1.91.Final.jar:/home/user/.m2/repository/io/netty/netty-transport-classes-kqueue/4.1.91.Final/netty-transport-classes-kqueue-4.1.91.Final.jar:/home/user/.m2/repository/io/netty/netty-transport-native-epoll/4.1.91.Final/netty-transport-native-epoll-4.1.91.Final.jar:/home/user/.m2/repository/io/netty/netty-transport-native-kqueue/4.1.91.Final/netty-transport-native-kqueue-4.1.91.Final.jar:/home/user/.m2/repository/io/netty/netty-transport-native-unix-common/4.1.91.Final/netty-transport-native-unix-common-4.1.91.Final.jar:/home/user/.m2/repository/io/netty/netty-transport/4.1.91.Final/netty-transport-4.1.91.Final.jar:/home/user/.m2/repository/io/netty/netty-resolver/4.1.91.Final/netty-resolver-4.1.91.Final.jar:/home/user/.m2/repository/io/opentelemetry/opentelemetry-api/1.25.0/opentelemetry-api-1.25.0.jar:/home/user/.m2/repository/io/opentelemetry/opentelemetry-context/1.25.0/opentelemetry-context-1.25.0.jar:/home/user/.m2/repository/io/opentelemetry/opentelemetry-exporter-logging/1.25.0/opentelemetry-exporter-logging-1.25.0.jar:/home/user/.m2/repository/io/opentelemetry/opentelemetry-sdk-metrics/1.25.0/opentelemetry-sdk-metrics-1.25.0.jar:/home/user/.m2/repository/io/opentelemetry/opentelemetry-sdk-logs/1.25.0-alpha/opentelemetry-sdk-logs-1.25.0-alpha.jar:/home/user/.m2/repository/io/opentelemetry/opentelemetry-api-logs/1.25.0-alpha/opentelemetry-api-logs-1.25.0-alpha.jar:/home/user/.m2/repository/io/opentelemetry/opentelemetry-api-events/1.25.0-alpha/opentelemetry-api-events-1.25.0-alpha.jar:/home/user/.m2/repository/io/opentelemetry/opentelemetry-sdk-common/1.25.0/opentelemetry-sdk-common-1.25.0.jar:/home/user/.m2/repository/io/opentelemetry/opentelemetry-sdk-extension-autoconfigure-spi/1.25.0/opentelemetry-sdk-extension-autoconfigure-spi-1.25.0.jar:/home/user/.m2/repository/io/opentelemetry/opentelemetry-sdk-extension-autoconfigure/1.25.0-alpha/opentelemetry-sdk-extension-autoconfigure-1.25.0-alpha.jar:/home/user/.m2/repository/io/opentelemetry/opentelemetry-sdk-trace/1.25.0/opentelemetry-sdk-trace-1.25.0.jar:/home/user/.m2/repository/io/opentelemetry/opentelemetry-sdk/1.25.0/opentelemetry-sdk-1.25.0.jar:/home/user/.m2/repository/io/opentelemetry/opentelemetry-semconv/1.25.0-alpha/opentelemetry-semconv-1.25.0-alpha.jar:/home/user/.m2/repository/io/ous/jtoml/2.0.0/jtoml-2.0.0.jar:/home/user/.m2/repository/net/bytebuddy/byte-buddy/1.14.4/byte-buddy-1.14.4.jar:/home/user/.m2/repository/org/apache/commons/commons-exec/1.3/commons-exec-1.3.jar:/home/user/.m2/repository/org/asynchttpclient/async-http-client/2.12.3/async-http-client-2.12.3.jar:/home/user/.m2/repository/org/asynchttpclient/async-http-client-netty-utils/2.12.3/async-http-client-netty-utils-2.12.3.jar:/home/user/.m2/repository/io/netty/netty-codec-socks/4.1.60.Final/netty-codec-socks-4.1.60.Final.jar:/home/user/.m2/repository/io/netty/netty-handler-proxy/4.1.60.Final/netty-handler-proxy-4.1.60.Final.jar:/home/user/.m2/repository/io/netty/netty-transport-native-epoll/4.1.60.Final/netty-transport-native-epoll-4.1.60.Final-linux-x86_64.jar:/home/user/.m2/repository/io/netty/netty-transport-native-kqueue/4.1.60.Final/netty-transport-native-kqueue-4.1.60.Final-osx-x86_64.jar:/home/user/.m2/repository/com/typesafe/netty/netty-reactive-streams/2.0.4/netty-reactive-streams-2.0.4.jar:/home/user/.m2/repository/com/sun/activation/jakarta.activation/1.2.2/jakarta.activation-1.2.2.jar:/home/user/.m2/repository/org/seleniumhq/selenium/selenium-http/4.9.1/selenium-http-4.9.1.jar:/home/user/.m2/repository/dev/failsafe/failsafe/3.3.1/failsafe-3.3.1.jar:/home/user/.m2/repository/org/seleniumhq/selenium/selenium-json/4.9.1/selenium-json-4.9.1.jar:/home/user/.m2/repository/org/seleniumhq/selenium/selenium-manager/4.9.1/selenium-manager-4.9.1.jar:/home/user/.m2/repository/org/seleniumhq/selenium/selenium-support/4.9.1/selenium-support-4.9.1.jar:/home/user/.m2/repository/com/google/code/gson/gson/2.10.1/gson-2.10.1.jar:/home/user/.m2/repository/cglib/cglib/3.3.0/cglib-3.3.0.jar:/home/user/.m2/repository/org/ow2/asm/asm/7.1/asm-7.1.jar:/home/user/.m2/repository/commons-validator/commons-validator/1.7/commons-validator-1.7.jar:/home/user/.m2/repository/commons-beanutils/commons-beanutils/1.9.4/commons-beanutils-1.9.4.jar:/home/user/.m2/repository/commons-digester/commons-digester/2.1/commons-digester-2.1.jar:/home/user/.m2/repository/commons-logging/commons-logging/1.2/commons-logging-1.2.jar:/home/user/.m2/repository/commons-collections/commons-collections/3.2.2/commons-collections-3.2.2.jar:/home/user/.m2/repository/org/apache/commons/commons-lang3/3.12.0/commons-lang3-3.12.0.jar:/home/user/.m2/repository/org/slf4j/slf4j-api/2.0.7/slf4j-api-2.0.7.jar:/home/user/.m2/repository/org/testng/testng/7.8.0/testng-7.8.0.jar:/home/user/.m2/repository/com/beust/jcommander/1.82/jcommander-1.82.jar:/home/user/.m2/repository/org/webjars/jquery/3.6.1/jquery-3.6.1.jar:/home/user/.m2/repository/io/automation/appium/FirstAppiumProject/0.0.1-SNAPSHOT/FirstAppiumProject-0.0.1-SNAPSHOT.jar:/home/user/.m2/repository/org/seleniumhq/selenium/selenium-java/4.8.1/selenium-java-4.8.1.jar:/home/user/.m2/repository/org/seleniumhq/selenium/selenium-chrome-driver/4.8.1/selenium-chrome-driver-4.8.1.jar:/home/user/.m2/repository/org/seleniumhq/selenium/selenium-chromium-driver/4.8.1/selenium-chromium-driver-4.8.1.jar:/home/user/.m2/repository/org/seleniumhq/selenium/selenium-devtools-v108/4.8.1/selenium-devtools-v108-4.8.1.jar:/home/user/.m2/repository/org/seleniumhq/selenium/selenium-devtools-v109/4.8.1/selenium-devtools-v109-4.8.1.jar:/home/user/.m2/repository/org/seleniumhq/selenium/selenium-devtools-v110/4.8.1/selenium-devtools-v110-4.8.1.jar:/home/user/.m2/repository/org/seleniumhq/selenium/selenium-devtools-v85/4.8.1/selenium-devtools-v85-4.8.1.jar:/home/user/.m2/repository/org/seleniumhq/selenium/selenium-edge-driver/4.8.1/selenium-edge-driver-4.8.1.jar:/home/user/.m2/repository/org/seleniumhq/selenium/selenium-firefox-driver/4.8.1/selenium-firefox-driver-4.8.1.jar:/home/user/.m2/repository/org/seleniumhq/selenium/selenium-ie-driver/4.8.1/selenium-ie-driver-4.8.1.jar:/home/user/.m2/repository/org/seleniumhq/selenium/selenium-safari-driver/4.8.1/selenium-safari-driver-4.8.1.jar:/home/user/.m2/repository/org/json/json/20230227/json-20230227.jar:/home/user/.m2/repository/commons-io/commons-io/2.11.0/commons-io-2.11.0.jar:/home/user/.m2/repository/commons-codec/commons-codec/1.15/commons-codec-1.15.jar:/home/user/.m2/repository/org/apache/logging/log4j/log4j-core/2.20.0/log4j-core-2.20.0.jar:/home/user/.m2/repository/org/apache/logging/log4j/log4j-api/2.20.0/log4j-api-2.20.0.jar:/home/user/.m2/repository/com/aventstack/extentreports-testng-adapter/1.2.2/extentreports-testng-adapter-1.2.2.jar:/home/user/.m2/repository/com/aventstack/klov-reporter/5.0.1/klov-reporter-5.0.1.jar:/home/user/.m2/repository/org/mongodb/bson/3.3.0/bson-3.3.0.jar:/home/user/.m2/repository/org/apache/httpcomponents/httpclient/4.5.2/httpclient-4.5.2.jar:/home/user/.m2/repository/org/apache/httpcomponents/httpcore/4.4.4/httpcore-4.4.4.jar:/home/user/.m2/repository/org/apache/httpcomponents/httpmime/4.5.2/httpmime-4.5.2.jar:/home/user/.m2/repository/org/mongodb/mongodb-driver/3.3.0/mongodb-driver-3.3.0.jar:/home/user/.m2/repository/org/mongodb/mongodb-driver-core/3.3.0/mongodb-driver-core-3.3.0.jar:/home/user/.m2/repository/com/aventstack/extentreports/5.0.9/extentreports-5.0.9.jar:/home/user/.m2/repository/io/reactivex/rxjava3/rxjava/3.0.4/rxjava-3.0.4.jar:/home/user/.m2/repository/org/reactivestreams/reactive-streams/1.0.3/reactive-streams-1.0.3.jar:/home/user/.m2/repository/org/freemarker/freemarker/2.3.30/freemarker-2.3.30.jar:/home/user/.m2/repository/org/projectlombok/lombok/1.18.12/lombok-1.18.12.jar:"/>
    <property name="java.vm.vendor" value="Oracle Corporation"/>
    <property name="sun.arch.data.model" value="64"/>
    <property name="java.vendor.url" value="https://java.oracle.com/"/>
    <property name="user.timezone" value="Asia/Kolkata"/>
    <property name="os.name" value="Linux"/>
    <property name="java.vm.specification.version" value="15"/>
    <property name="sun.java.launcher" value="SUN_STANDARD"/>
    <property name="user.country" value="IN"/>
    <property name="sun.boot.library.path" value="/usr/lib/jvm/jdk-15.0.2/lib"/>
    <property name="sun.java.command" value="/home/user/eclipse-workspace/CopyTDDFrameworkWithMultiThread2/target/surefire/surefirebooter-20230603125409448_3.jar /home/user/eclipse-workspace/CopyTDDFrameworkWithMultiThread2/target/surefire 2023-06-03T12-54-09_249-jvmRun1 surefire-20230603125409448_1tmp surefire_0-20230603125409448_2tmp"/>
    <property name="jdk.debug" value="release"/>
    <property name="surefire.test.class.path" value="/home/user/eclipse-workspace/CopyTDDFrameworkWithMultiThread2/target/test-classes:/home/user/eclipse-workspace/CopyTDDFrameworkWithMultiThread2/target/classes:/home/user/.m2/repository/io/appium/java-client/8.5.0/java-client-8.5.0.jar:/home/user/.m2/repository/org/seleniumhq/selenium/selenium-api/4.9.1/selenium-api-4.9.1.jar:/home/user/.m2/repository/org/seleniumhq/selenium/selenium-remote-driver/4.9.1/selenium-remote-driver-4.9.1.jar:/home/user/.m2/repository/com/google/auto/service/auto-service-annotations/1.0.1/auto-service-annotations-1.0.1.jar:/home/user/.m2/repository/com/google/auto/service/auto-service/1.0.1/auto-service-1.0.1.jar:/home/user/.m2/repository/com/google/auto/auto-common/1.2/auto-common-1.2.jar:/home/user/.m2/repository/com/google/guava/guava/31.1-jre/guava-31.1-jre.jar:/home/user/.m2/repository/com/google/guava/failureaccess/1.0.1/failureaccess-1.0.1.jar:/home/user/.m2/repository/com/google/guava/listenablefuture/9999.0-empty-to-avoid-conflict-with-guava/listenablefuture-9999.0-empty-to-avoid-conflict-with-guava.jar:/home/user/.m2/repository/com/google/code/findbugs/jsr305/3.0.2/jsr305-3.0.2.jar:/home/user/.m2/repository/org/checkerframework/checker-qual/3.12.0/checker-qual-3.12.0.jar:/home/user/.m2/repository/com/google/errorprone/error_prone_annotations/2.11.0/error_prone_annotations-2.11.0.jar:/home/user/.m2/repository/com/google/j2objc/j2objc-annotations/1.3/j2objc-annotations-1.3.jar:/home/user/.m2/repository/io/netty/netty-buffer/4.1.91.Final/netty-buffer-4.1.91.Final.jar:/home/user/.m2/repository/io/netty/netty-codec-http/4.1.91.Final/netty-codec-http-4.1.91.Final.jar:/home/user/.m2/repository/io/netty/netty-codec/4.1.91.Final/netty-codec-4.1.91.Final.jar:/home/user/.m2/repository/io/netty/netty-handler/4.1.91.Final/netty-handler-4.1.91.Final.jar:/home/user/.m2/repository/io/netty/netty-common/4.1.91.Final/netty-common-4.1.91.Final.jar:/home/user/.m2/repository/io/netty/netty-transport-classes-epoll/4.1.91.Final/netty-transport-classes-epoll-4.1.91.Final.jar:/home/user/.m2/repository/io/netty/netty-transport-classes-kqueue/4.1.91.Final/netty-transport-classes-kqueue-4.1.91.Final.jar:/home/user/.m2/repository/io/netty/netty-transport-native-epoll/4.1.91.Final/netty-transport-native-epoll-4.1.91.Final.jar:/home/user/.m2/repository/io/netty/netty-transport-native-kqueue/4.1.91.Final/netty-transport-native-kqueue-4.1.91.Final.jar:/home/user/.m2/repository/io/netty/netty-transport-native-unix-common/4.1.91.Final/netty-transport-native-unix-common-4.1.91.Final.jar:/home/user/.m2/repository/io/netty/netty-transport/4.1.91.Final/netty-transport-4.1.91.Final.jar:/home/user/.m2/repository/io/netty/netty-resolver/4.1.91.Final/netty-resolver-4.1.91.Final.jar:/home/user/.m2/repository/io/opentelemetry/opentelemetry-api/1.25.0/opentelemetry-api-1.25.0.jar:/home/user/.m2/repository/io/opentelemetry/opentelemetry-context/1.25.0/opentelemetry-context-1.25.0.jar:/home/user/.m2/repository/io/opentelemetry/opentelemetry-exporter-logging/1.25.0/opentelemetry-exporter-logging-1.25.0.jar:/home/user/.m2/repository/io/opentelemetry/opentelemetry-sdk-metrics/1.25.0/opentelemetry-sdk-metrics-1.25.0.jar:/home/user/.m2/repository/io/opentelemetry/opentelemetry-sdk-logs/1.25.0-alpha/opentelemetry-sdk-logs-1.25.0-alpha.jar:/home/user/.m2/repository/io/opentelemetry/opentelemetry-api-logs/1.25.0-alpha/opentelemetry-api-logs-1.25.0-alpha.jar:/home/user/.m2/repository/io/opentelemetry/opentelemetry-api-events/1.25.0-alpha/opentelemetry-api-events-1.25.0-alpha.jar:/home/user/.m2/repository/io/opentelemetry/opentelemetry-sdk-common/1.25.0/opentelemetry-sdk-common-1.25.0.jar:/home/user/.m2/repository/io/opentelemetry/opentelemetry-sdk-extension-autoconfigure-spi/1.25.0/opentelemetry-sdk-extension-autoconfigure-spi-1.25.0.jar:/home/user/.m2/repository/io/opentelemetry/opentelemetry-sdk-extension-autoconfigure/1.25.0-alpha/opentelemetry-sdk-extension-autoconfigure-1.25.0-alpha.jar:/home/user/.m2/repository/io/opentelemetry/opentelemetry-sdk-trace/1.25.0/opentelemetry-sdk-trace-1.25.0.jar:/home/user/.m2/repository/io/opentelemetry/opentelemetry-sdk/1.25.0/opentelemetry-sdk-1.25.0.jar:/home/user/.m2/repository/io/opentelemetry/opentelemetry-semconv/1.25.0-alpha/opentelemetry-semconv-1.25.0-alpha.jar:/home/user/.m2/repository/io/ous/jtoml/2.0.0/jtoml-2.0.0.jar:/home/user/.m2/repository/net/bytebuddy/byte-buddy/1.14.4/byte-buddy-1.14.4.jar:/home/user/.m2/repository/org/apache/commons/commons-exec/1.3/commons-exec-1.3.jar:/home/user/.m2/repository/org/asynchttpclient/async-http-client/2.12.3/async-http-client-2.12.3.jar:/home/user/.m2/repository/org/asynchttpclient/async-http-client-netty-utils/2.12.3/async-http-client-netty-utils-2.12.3.jar:/home/user/.m2/repository/io/netty/netty-codec-socks/4.1.60.Final/netty-codec-socks-4.1.60.Final.jar:/home/user/.m2/repository/io/netty/netty-handler-proxy/4.1.60.Final/netty-handler-proxy-4.1.60.Final.jar:/home/user/.m2/repository/io/netty/netty-transport-native-epoll/4.1.60.Final/netty-transport-native-epoll-4.1.60.Final-linux-x86_64.jar:/home/user/.m2/repository/io/netty/netty-transport-native-kqueue/4.1.60.Final/netty-transport-native-kqueue-4.1.60.Final-osx-x86_64.jar:/home/user/.m2/repository/com/typesafe/netty/netty-reactive-streams/2.0.4/netty-reactive-streams-2.0.4.jar:/home/user/.m2/repository/com/sun/activation/jakarta.activation/1.2.2/jakarta.activation-1.2.2.jar:/home/user/.m2/repository/org/seleniumhq/selenium/selenium-http/4.9.1/selenium-http-4.9.1.jar:/home/user/.m2/repository/dev/failsafe/failsafe/3.3.1/failsafe-3.3.1.jar:/home/user/.m2/repository/org/seleniumhq/selenium/selenium-json/4.9.1/selenium-json-4.9.1.jar:/home/user/.m2/repository/org/seleniumhq/selenium/selenium-manager/4.9.1/selenium-manager-4.9.1.jar:/home/user/.m2/repository/org/seleniumhq/selenium/selenium-support/4.9.1/selenium-support-4.9.1.jar:/home/user/.m2/repository/com/google/code/gson/gson/2.10.1/gson-2.10.1.jar:/home/user/.m2/repository/cglib/cglib/3.3.0/cglib-3.3.0.jar:/home/user/.m2/repository/org/ow2/asm/asm/7.1/asm-7.1.jar:/home/user/.m2/repository/commons-validator/commons-validator/1.7/commons-validator-1.7.jar:/home/user/.m2/repository/commons-beanutils/commons-beanutils/1.9.4/commons-beanutils-1.9.4.jar:/home/user/.m2/repository/commons-digester/commons-digester/2.1/commons-digester-2.1.jar:/home/user/.m2/repository/commons-logging/commons-logging/1.2/commons-logging-1.2.jar:/home/user/.m2/repository/commons-collections/commons-collections/3.2.2/commons-collections-3.2.2.jar:/home/user/.m2/repository/org/apache/commons/commons-lang3/3.12.0/commons-lang3-3.12.0.jar:/home/user/.m2/repository/org/slf4j/slf4j-api/2.0.7/slf4j-api-2.0.7.jar:/home/user/.m2/repository/org/testng/testng/7.8.0/testng-7.8.0.jar:/home/user/.m2/repository/com/beust/jcommander/1.82/jcommander-1.82.jar:/home/user/.m2/repository/org/webjars/jquery/3.6.1/jquery-3.6.1.jar:/home/user/.m2/repository/io/automation/appium/FirstAppiumProject/0.0.1-SNAPSHOT/FirstAppiumProject-0.0.1-SNAPSHOT.jar:/home/user/.m2/repository/org/seleniumhq/selenium/selenium-java/4.8.1/selenium-java-4.8.1.jar:/home/user/.m2/repository/org/seleniumhq/selenium/selenium-chrome-driver/4.8.1/selenium-chrome-driver-4.8.1.jar:/home/user/.m2/repository/org/seleniumhq/selenium/selenium-chromium-driver/4.8.1/selenium-chromium-driver-4.8.1.jar:/home/user/.m2/repository/org/seleniumhq/selenium/selenium-devtools-v108/4.8.1/selenium-devtools-v108-4.8.1.jar:/home/user/.m2/repository/org/seleniumhq/selenium/selenium-devtools-v109/4.8.1/selenium-devtools-v109-4.8.1.jar:/home/user/.m2/repository/org/seleniumhq/selenium/selenium-devtools-v110/4.8.1/selenium-devtools-v110-4.8.1.jar:/home/user/.m2/repository/org/seleniumhq/selenium/selenium-devtools-v85/4.8.1/selenium-devtools-v85-4.8.1.jar:/home/user/.m2/repository/org/seleniumhq/selenium/selenium-edge-driver/4.8.1/selenium-edge-driver-4.8.1.jar:/home/user/.m2/repository/org/seleniumhq/selenium/selenium-firefox-driver/4.8.1/selenium-firefox-driver-4.8.1.jar:/home/user/.m2/repository/org/seleniumhq/selenium/selenium-ie-driver/4.8.1/selenium-ie-driver-4.8.1.jar:/home/user/.m2/repository/org/seleniumhq/selenium/selenium-safari-driver/4.8.1/selenium-safari-driver-4.8.1.jar:/home/user/.m2/repository/org/json/json/20230227/json-20230227.jar:/home/user/.m2/repository/commons-io/commons-io/2.11.0/commons-io-2.11.0.jar:/home/user/.m2/repository/commons-codec/commons-codec/1.15/commons-codec-1.15.jar:/home/user/.m2/repository/org/apache/logging/log4j/log4j-core/2.20.0/log4j-core-2.20.0.jar:/home/user/.m2/repository/org/apache/logging/log4j/log4j-api/2.20.0/log4j-api-2.20.0.jar:/home/user/.m2/repository/com/aventstack/extentreports-testng-adapter/1.2.2/extentreports-testng-adapter-1.2.2.jar:/home/user/.m2/repository/com/aventstack/klov-reporter/5.0.1/klov-reporter-5.0.1.jar:/home/user/.m2/repository/org/mongodb/bson/3.3.0/bson-3.3.0.jar:/home/user/.m2/repository/org/apache/httpcomponents/httpclient/4.5.2/httpclient-4.5.2.jar:/home/user/.m2/repository/org/apache/httpcomponents/httpcore/4.4.4/httpcore-4.4.4.jar:/home/user/.m2/repository/org/apache/httpcomponents/httpmime/4.5.2/httpmime-4.5.2.jar:/home/user/.m2/repository/org/mongodb/mongodb-driver/3.3.0/mongodb-driver-3.3.0.jar:/home/user/.m2/repository/org/mongodb/mongodb-driver-core/3.3.0/mongodb-driver-core-3.3.0.jar:/home/user/.m2/repository/com/aventstack/extentreports/5.0.9/extentreports-5.0.9.jar:/home/user/.m2/repository/io/reactivex/rxjava3/rxjava/3.0.4/rxjava-3.0.4.jar:/home/user/.m2/repository/org/reactivestreams/reactive-streams/1.0.3/reactive-streams-1.0.3.jar:/home/user/.m2/repository/org/freemarker/freemarker/2.3.30/freemarker-2.3.30.jar:/home/user/.m2/repository/org/projectlombok/lombok/1.18.12/lombok-1.18.12.jar:"/>
    <property name="sun.cpu.endian" value="little"/>
    <property name="user.home" value="/home/user"/>
    <property name="user.language" value="en"/>
    <property name="java.specification.vendor" value="Oracle Corporation"/>
    <property name="java.version.date" value="2021-01-19"/>
    <property name="java.home" value="/usr/lib/jvm/jdk-15.0.2"/>
    <property name="file.separator" value="/"/>
    <property name="basedir" value="/home/user/eclipse-workspace/CopyTDDFrameworkWithMultiThread2"/>
    <property name="java.vm.compressedOopsMode" value="Zero based"/>
    <property name="line.separator" value="&#10;"/>
    <property name="java.vm.specification.vendor" value="Oracle Corporation"/>
    <property name="java.specification.name" value="Java Platform API Specification"/>
    <property name="surefire.real.class.path" value="/home/user/eclipse-workspace/CopyTDDFrameworkWithMultiThread2/target/surefire/surefirebooter-20230603125409448_3.jar"/>
    <property name="sun.management.compiler" value="HotSpot 64-Bit Tiered Compilers"/>
    <property name="java.runtime.version" value="15.0.2+7-27"/>
    <property name="user.name" value="user"/>
    <property name="path.separator" value=":"/>
    <property name="os.version" value="5.15.0-69-generic"/>
    <property name="java.runtime.name" value="Java(TM) SE Runtime Environment"/>
    <property name="file.encoding" value="UTF-8"/>
    <property name="java.vm.name" value="Java HotSpot(TM) 64-Bit Server VM"/>
    <property name="localRepository" value="/home/user/.m2/repository"/>
    <property name="java.vendor.url.bug" value="https://bugreport.java.com/bugreport/"/>
    <property name="java.io.tmpdir" value="/tmp"/>
    <property name="java.version" value="15.0.2"/>
    <property name="user.dir" value="/home/user/eclipse-workspace/CopyTDDFrameworkWithMultiThread2"/>
    <property name="os.arch" value="amd64"/>
    <property name="java.vm.specification.name" value="Java Virtual Machine Specification"/>
    <property name="java.library.path" value="/usr/java/packages/lib:/usr/lib64:/lib64:/lib:/usr/lib"/>
    <property name="java.vm.info" value="mixed mode, sharing"/>
    <property name="java.vendor" value="Oracle Corporation"/>
    <property name="java.vm.version" value="15.0.2+7-27"/>
    <property name="sun.io.unicode.encoding" value="UnicodeLittle"/>
    <property name="java.class.version" value="59.0"/>
  </properties>
  <testcase name="invalidUserName" classname="com.qa.tests.LoginTests" time="10.328">
    <system-out><![CDATA[&amp#27;[35m[Appium]&amp#27;[39m Welcome to Appium v2.0.0-beta.57
&amp#27;[35m[Appium]&amp#27;[39m Non-default server args:
&amp#27;[35m[Appium]&amp#27;[39m { sessionOverride: &amp#27;[33mtrue&amp#27;[39m }
&amp#27;[35m[Appium]&amp#27;[39m Attempting to load driver uiautomator2...
[debug] &amp#27;[35m[Appium]&amp#27;[39m Requiring driver at /home/user/.appium/node_modules/appium-uiautomator2-driver
&amp#27;[35m[Appium]&amp#27;[39m Appium REST http interface listener started on 0.0.0.0:4723
&amp#27;[35m[Appium]&amp#27;[39m Available drivers:
&amp#27;[35m[Appium]&amp#27;[39m   - uiautomator2@2.12.6 (automationName 'UiAutomator2')
&amp#27;[35m[Appium]&amp#27;[39m No plugins have been installed. Use the "appium plugin" command to install the one(s) you want to use.
&amp#27;[38;5;0m[HTTP]&amp#27;[0m &amp#27;[37m-->&amp#27;[39m &amp#27;[37mGET&amp#27;[39m &amp#27;[37m/status&amp#27;[39m
&amp#27;[38;5;0m[HTTP]&amp#27;[0m &amp#27;[90m{}&amp#27;[39m
[debug] &amp#27;[38;5;16m[AppiumDriver@d974]&amp#27;[0m Calling AppiumDriver.getStatus() with args: []
[debug] &amp#27;[38;5;16m[AppiumDriver@d974]&amp#27;[0m Responding to client with driver.getStatus() result: {"build":{"version":"2.0.0-beta.57"}}
&amp#27;[38;5;0m[HTTP]&amp#27;[0m &amp#27;[37m<-- GET /status &amp#27;[39m&amp#27;[32m200&amp#27;[39m &amp#27;[90m11 ms - 47&amp#27;[39m
&amp#27;[38;5;0m[HTTP]&amp#27;[0m &amp#27;[90m&amp#27;[39m
Appium server started for print
[INFO ] 2023-06-03 12:54:12.964 com.qa.BaseTest:150 - Appium server started
[INFO ] 2023-06-03 12:54:12.989 com.qa.BaseTest:204 - log path: logs/Android_Pixel 3A
[INFO ] 2023-06-03 12:54:12.995 com.qa.BaseTest:245 - /home/user/eclipse-workspace/CopyTDDFrameworkWithMultiThread2/target/test-classes/app/Android-MyDemoAppRN.1.3.0.build-244.apk
[debug] &amp#27;[38;5;0m[HTTP]&amp#27;[0m Request idempotency key: ca1fb9fe-90a6-4fb4-ad49-4ad7d0af245d
&amp#27;[38;5;0m[HTTP]&amp#27;[0m &amp#27;[37m-->&amp#27;[39m &amp#27;[37mPOST&amp#27;[39m &amp#27;[37m/session&amp#27;[39m
&amp#27;[38;5;0m[HTTP]&amp#27;[0m &amp#27;[90m{"capabilities":{"firstMatch":[{}],"alwaysMatch":{"appium:app":"/home/user/eclipse-workspace/CopyTDDFrameworkWithMultiThread2/target/test-classes/app/Android-MyDemoAppRN.1.3.0.build-244.apk","appium:automationName":"UiAutomator2","appium:avd":"Pixel_3A_V10","appium:chromeDriverPort":"11001","appium:deviceName":"Pixel 3A","appium:newCommandTimeout":"180","appium:platformVersion":"10.0","appium:sytemPort":"10001","appium:udid":"emulator-5556","platformName":"ANDROID"}}}&amp#27;[39m
[debug] &amp#27;[38;5;16m[AppiumDriver@d974]&amp#27;[0m Calling AppiumDriver.createSession() with args: [null,null,{"firstMatch":[{}],"alwaysMatch":{"appium:app":"/home/user/eclipse-workspace/CopyTDDFrameworkWithMultiThread2/target/test-classes/app/Android-MyDemoAppRN.1.3.0.build-244.apk","appium:automationName":"UiAutomator2","appium:avd":"Pixel_3A_V10","appium:chromeDriverPort":"11001","appium:deviceName":"Pixel 3A","appium:newCommandTimeout":"180","appium:platformVersion":"10.0","appium:sytemPort":"10001","appium:udid":"emulator-5556","platformName":"ANDROID"}}]
[debug] &amp#27;[38;5;16m[AppiumDriver@d974]&amp#27;[0m Event 'newSessionRequested' logged at 1685777053432 (12:54:13 GMT+0530 (India Standard Time))
&amp#27;[35m[Appium]&amp#27;[39m Attempting to find matching driver for automationName 'UiAutomator2' and platformName 'ANDROID'
&amp#27;[35m[Appium]&amp#27;[39m The 'uiautomator2' driver was installed and matched caps.
&amp#27;[35m[Appium]&amp#27;[39m Will require it at /home/user/.appium/node_modules/appium-uiautomator2-driver
[debug] &amp#27;[35m[Appium]&amp#27;[39m Requiring driver at /home/user/.appium/node_modules/appium-uiautomator2-driver
&amp#27;[38;5;16m[AppiumDriver@d974]&amp#27;[0m Appium v2.0.0-beta.57 creating new AndroidUiautomator2Driver (v2.12.6) session
&amp#27;[38;5;16m[AppiumDriver@d974]&amp#27;[0m Checking BaseDriver versions for Appium and AndroidUiautomator2Driver
&amp#27;[38;5;16m[AppiumDriver@d974]&amp#27;[0m Appium's BaseDriver version is 9.3.3
&amp#27;[38;5;16m[AppiumDriver@d974]&amp#27;[0m AndroidUiautomator2Driver's BaseDriver version is 9.3.3
[debug] &amp#27;[38;5;16m[AppiumDriver@d974]&amp#27;[0m There are no active sessions for cleanup
[debug] &amp#27;[38;5;32m[AndroidUiautomator2Driver@57d8]&amp#27;[0m Creating session with W3C capabilities: {
[debug] &amp#27;[38;5;32m[AndroidUiautomator2Driver@57d8]&amp#27;[0m   "alwaysMatch": {
[debug] &amp#27;[38;5;32m[AndroidUiautomator2Driver@57d8]&amp#27;[0m     "platformName": "ANDROID",
[debug] &amp#27;[38;5;32m[AndroidUiautomator2Driver@57d8]&amp#27;[0m     "appium:app": "/home/user/eclipse-workspace/CopyTDDFrameworkWithMultiThread2/target/test-classes/app/Android-MyDemoAppRN.1.3.0.build-244.apk",
[debug] &amp#27;[38;5;32m[AndroidUiautomator2Driver@57d8]&amp#27;[0m     "appium:automationName": "UiAutomator2",
[debug] &amp#27;[38;5;32m[AndroidUiautomator2Driver@57d8]&amp#27;[0m     "appium:avd": "Pixel_3A_V10",
[debug] &amp#27;[38;5;32m[AndroidUiautomator2Driver@57d8]&amp#27;[0m     "appium:chromeDriverPort": "11001",
[debug] &amp#27;[38;5;32m[AndroidUiautomator2Driver@57d8]&amp#27;[0m     "appium:deviceName": "Pixel 3A",
[debug] &amp#27;[38;5;32m[AndroidUiautomator2Driver@57d8]&amp#27;[0m     "appium:newCommandTimeout": "180",
[debug] &amp#27;[38;5;32m[AndroidUiautomator2Driver@57d8]&amp#27;[0m     "appium:platformVersion": "10.0",
[debug] &amp#27;[38;5;32m[AndroidUiautomator2Driver@57d8]&amp#27;[0m     "appium:sytemPort": "10001",
[debug] &amp#27;[38;5;32m[AndroidUiautomator2Driver@57d8]&amp#27;[0m     "appium:udid": "emulator-5556"
[debug] &amp#27;[38;5;32m[AndroidUiautomator2Driver@57d8]&amp#27;[0m   },
[debug] &amp#27;[38;5;32m[AndroidUiautomator2Driver@57d8]&amp#27;[0m   "firstMatch": [
[debug] &amp#27;[38;5;32m[AndroidUiautomator2Driver@57d8]&amp#27;[0m     {}
[debug] &amp#27;[38;5;32m[AndroidUiautomator2Driver@57d8]&amp#27;[0m   ]
[debug] &amp#27;[38;5;32m[AndroidUiautomator2Driver@57d8]&amp#27;[0m }
&amp#27;[38;5;48m[BaseDriver]&amp#27;[0m Number capability passed in as string. Functionality may be compromised.
&amp#27;[38;5;48m[BaseDriver]&amp#27;[0m Number capability passed in as string. Functionality may be compromised.
&amp#27;[38;5;32m[AndroidUiautomator2Driver@57d8]&amp#27;[0m Capability 'newCommandTimeout' changed from string ('180') to integer (180). This may cause unexpected behavior
&amp#27;[38;5;32m[AndroidUiautomator2Driver@57d8]&amp#27;[0m Capability 'chromeDriverPort' changed from string ('11001') to integer (11001). This may cause unexpected behavior
&amp#27;[38;5;32m[AndroidUiautomator2Driver@57d8]&amp#27;[0m The following capabilities were provided, but are not recognized by Appium:
&amp#27;[38;5;32m[AndroidUiautomator2Driver@57d8]&amp#27;[0m   sytemPort
&amp#27;[38;5;32m[AndroidUiautomator2Driver@57d8 (0cc448fc)]&amp#27;[0m Session created with session id: 0cc448fc-d9ee-4d68-9362-cf0f5e3d1047
&amp#27;[38;5;48m[BaseDriver]&amp#27;[0m Using local app '/home/user/eclipse-workspace/CopyTDDFrameworkWithMultiThread2/target/test-classes/app/Android-MyDemoAppRN.1.3.0.build-244.apk'
[debug] &amp#27;[38;5;32m[AndroidUiautomator2Driver@57d8 (0cc448fc)]&amp#27;[0m Checking whether app is actually present
&amp#27;[38;5;64m[ADB]&amp#27;[0m Found 2 'build-tools' folders under '/home/user/Android/Sdk' (newest first):
&amp#27;[38;5;64m[ADB]&amp#27;[0m     /home/user/Android/Sdk/build-tools/33.0.1
&amp#27;[38;5;64m[ADB]&amp#27;[0m     /home/user/Android/Sdk/build-tools/30.0.3
&amp#27;[38;5;64m[ADB]&amp#27;[0m Using 'adb' from '/home/user/Android/Sdk/platform-tools/adb'
[debug] &amp#27;[38;5;64m[ADB]&amp#27;[0m Running '/home/user/Android/Sdk/platform-tools/adb -P 5037 start-server'
[debug] &amp#27;[38;5;64m[ADB]&amp#27;[0m Trying to find 'Pixel_3A_V10' emulator
[debug] &amp#27;[38;5;64m[ADB]&amp#27;[0m Getting connected emulators
[debug] &amp#27;[38;5;64m[ADB]&amp#27;[0m Getting connected devices
[debug] &amp#27;[38;5;64m[ADB]&amp#27;[0m Connected devices: [{"udid":"emulator-5554","state":"device"}]
[debug] &amp#27;[38;5;64m[ADB]&amp#27;[0m 1 emulator connected
[debug] &amp#27;[38;5;64m[ADB]&amp#27;[0m Overriding /home/user/.emulator_console_auth_token with an empty string to avoid telnet authentication for emulator commands
[debug] &amp#27;[38;5;64m[ADB]&amp#27;[0m Executing Emulator console command: avd name
[debug] &amp#27;[38;5;64m[ADB]&amp#27;[0m Found emulator 'Pixel_3A_V10' on port 5554
[debug] &amp#27;[38;5;64m[ADB]&amp#27;[0m Setting device id to emulator-5554
[debug] &amp#27;[38;5;80m[AndroidDriver]&amp#27;[0m Not launching AVD because it is already running.
&amp#27;[38;5;80m[AndroidDriver]&amp#27;[0m Using device: emulator-5554
&amp#27;[38;5;64m[ADB]&amp#27;[0m Using 'adb' from '/home/user/Android/Sdk/platform-tools/adb'
[debug] &amp#27;[38;5;64m[ADB]&amp#27;[0m Running '/home/user/Android/Sdk/platform-tools/adb -P 5037 start-server'
[debug] &amp#27;[38;5;64m[ADB]&amp#27;[0m Setting device id to emulator-5554
[debug] &amp#27;[38;5;64m[ADB]&amp#27;[0m Running '/home/user/Android/Sdk/platform-tools/adb -P 5037 -s emulator-5554 shell getprop ro.build.version.sdk'
[debug] &amp#27;[38;5;64m[ADB]&amp#27;[0m Current device property 'ro.build.version.sdk': 29
&amp#27;[38;5;64m[ADB]&amp#27;[0m Getting device platform version
[debug] &amp#27;[38;5;64m[ADB]&amp#27;[0m Running '/home/user/Android/Sdk/platform-tools/adb -P 5037 -s emulator-5554 shell getprop ro.build.version.release'
[debug] &amp#27;[38;5;64m[ADB]&amp#27;[0m Current device property 'ro.build.version.release': 10
[debug] &amp#27;[38;5;64m[ADB]&amp#27;[0m Device API level: 29
&amp#27;[38;5;32m[AndroidUiautomator2Driver@57d8 (0cc448fc)]&amp#27;[0m Relaxing hidden api policy
[debug] &amp#27;[38;5;64m[ADB]&amp#27;[0m Running '/home/user/Android/Sdk/platform-tools/adb -P 5037 -s emulator-5554 shell 'settings put global hidden_api_policy_pre_p_apps 1;settings put global hidden_api_policy_p_apps 1;settings put global hidden_api_policy 1''
[debug] &amp#27;[38;5;80m[AndroidDriver]&amp#27;[0m Parsing package and activity from app manifest
&amp#27;[38;5;64m[ADB]&amp#27;[0m Package name: 'com.saucelabs.mydemoapp.rn'
&amp#27;[38;5;64m[ADB]&amp#27;[0m Main activity name: 'com.saucelabs.mydemoapp.rn.MainActivity'
[debug] &amp#27;[38;5;80m[AndroidDriver]&amp#27;[0m Parsed package and activity are: com.saucelabs.mydemoapp.rn/com.saucelabs.mydemoapp.rn.MainActivity
[debug] &amp#27;[38;5;64m[ADB]&amp#27;[0m Running '/home/user/Android/Sdk/platform-tools/adb -P 5037 -s emulator-5554 wait-for-device'
[debug] &amp#27;[38;5;64m[ADB]&amp#27;[0m Running '/home/user/Android/Sdk/platform-tools/adb -P 5037 -s emulator-5554 shell echo ping'
[debug] &amp#27;[38;5;80m[AndroidDriver]&amp#27;[0m Pushing settings apk to device...
[debug] &amp#27;[38;5;64m[ADB]&amp#27;[0m Getting install status for io.appium.settings
[debug] &amp#27;[38;5;64m[ADB]&amp#27;[0m Running '/home/user/Android/Sdk/platform-tools/adb -P 5037 -s emulator-5554 shell dumpsys package io.appium.settings'
[debug] &amp#27;[38;5;64m[ADB]&amp#27;[0m 'io.appium.settings' is installed
[debug] &amp#27;[38;5;64m[ADB]&amp#27;[0m Getting package info for 'io.appium.settings'
[debug] &amp#27;[38;5;64m[ADB]&amp#27;[0m Running '/home/user/Android/Sdk/platform-tools/adb -P 5037 -s emulator-5554 shell dumpsys package io.appium.settings'
[debug] &amp#27;[38;5;64m[ADB]&amp#27;[0m The version name of the installed 'io.appium.settings' is greater or equal to the application version name ('5.0.3' >= '5.0.3')
[debug] &amp#27;[38;5;64m[ADB]&amp#27;[0m There is no need to install/upgrade '/home/user/.appium/node_modules/appium-uiautomator2-driver/node_modules/io.appium.settings/apks/settings_apk-debug.apk'
[debug] &amp#27;[38;5;64m[ADB]&amp#27;[0m Getting IDs of all 'io.appium.settings' processes
[debug] &amp#27;[38;5;64m[ADB]&amp#27;[0m Running '/home/user/Android/Sdk/platform-tools/adb -P 5037 -s emulator-5554 shell 'pgrep --help; echo $?''
[debug] &amp#27;[38;5;64m[ADB]&amp#27;[0m Running '/home/user/Android/Sdk/platform-tools/adb -P 5037 -s emulator-5554 shell pgrep -f \(\[\[:blank:\]\]\|\^\)io\.appium\.settings\(\[\[:blank:\]\]\|\$\)'
[debug] &amp#27;[38;5;80m[AndroidDriver]&amp#27;[0m io.appium.settings is already running. There is no need to reset its permissions.
[debug] &amp#27;[38;5;96m[Logcat]&amp#27;[0m Starting logs capture with command: /home/user/Android/Sdk/platform-tools/adb -P 5037 -s emulator-5554 logcat -v threadtime
[debug] &amp#27;[38;5;32m[AndroidUiautomator2Driver@57d8 (0cc448fc)]&amp#27;[0m Forwarding UiAutomator2 Server port 6790 to local port 8200
[debug] &amp#27;[38;5;64m[ADB]&amp#27;[0m Forwarding system: 8200 to device: 6790
[debug] &amp#27;[38;5;64m[ADB]&amp#27;[0m Running '/home/user/Android/Sdk/platform-tools/adb -P 5037 -s emulator-5554 forward tcp:8200 tcp:6790'
[debug] &amp#27;[38;5;64m[ADB]&amp#27;[0m Getting install status for io.appium.uiautomator2.server
[debug] &amp#27;[38;5;64m[ADB]&amp#27;[0m Running '/home/user/Android/Sdk/platform-tools/adb -P 5037 -s emulator-5554 shell dumpsys package io.appium.uiautomator2.server'
[debug] &amp#27;[38;5;64m[ADB]&amp#27;[0m 'io.appium.uiautomator2.server' is installed
[debug] &amp#27;[38;5;64m[ADB]&amp#27;[0m Getting package info for 'io.appium.uiautomator2.server'
[debug] &amp#27;[38;5;64m[ADB]&amp#27;[0m Running '/home/user/Android/Sdk/platform-tools/adb -P 5037 -s emulator-5554 shell dumpsys package io.appium.uiautomator2.server'
[debug] &amp#27;[38;5;64m[ADB]&amp#27;[0m The version name of the installed 'io.appium.uiautomator2.server' is greater or equal to the application version name ('5.7.8' >= '5.7.8')
[debug] &amp#27;[38;5;32m[AndroidUiautomator2Driver@57d8 (0cc448fc)]&amp#27;[0m io.appium.uiautomator2.server installation state: sameVersionInstalled
[debug] &amp#27;[38;5;64m[ADB]&amp#27;[0m Checking app cert for /home/user/.appium/node_modules/appium-uiautomator2-driver/node_modules/appium-uiautomator2-server/apks/appium-uiautomator2-server-v5.7.8.apk
&amp#27;[38;5;64m[ADB]&amp#27;[0m Using 'apksigner.jar' from '/home/user/Android/Sdk/build-tools/33.0.1/lib/apksigner.jar'
[debug] &amp#27;[38;5;64m[ADB]&amp#27;[0m Starting apksigner: /usr/lib/jvm/jdk-15.0.2/bin/java -Xmx1024M -Xss1m -jar /home/user/Android/Sdk/build-tools/33.0.1/lib/apksigner.jar verify --print-certs /home/user/.appium/node_modules/appium-uiautomator2-driver/node_modules/appium-uiautomator2-server/apks/appium-uiautomator2-server-v5.7.8.apk
[debug] &amp#27;[38;5;64m[ADB]&amp#27;[0m apksigner stdout: Signer #1 certificate DN: EMAILADDRESS=android@android.com, CN=Android, OU=Android, O=Android, L=Mountain View, ST=California, C=US
[debug] &amp#27;[38;5;64m[ADB]&amp#27;[0m Signer #1 certificate SHA-256 digest: a40da80a59d170caa950cf15c18c454d47a39b26989d8b640ecd745ba71bf5dc
[debug] &amp#27;[38;5;64m[ADB]&amp#27;[0m Signer #1 certificate SHA-1 digest: 61ed377e85d386a8dfee6b864bd85b0bfaa5af81
[debug] &amp#27;[38;5;64m[ADB]&amp#27;[0m Signer #1 certificate MD5 digest: e89b158e4bcf988ebd09eb83f5378e87
[debug] &amp#27;[38;5;64m[ADB]&amp#27;[0m 
[debug] &amp#27;[38;5;64m[ADB]&amp#27;[0m sha256 hash did match for 'appium-uiautomator2-server-v5.7.8.apk'
&amp#27;[38;5;64m[ADB]&amp#27;[0m '/home/user/.appium/node_modules/appium-uiautomator2-driver/node_modules/appium-uiautomator2-server/apks/appium-uiautomator2-server-v5.7.8.apk' is signed with the default certificate
[debug] &amp#27;[38;5;64m[ADB]&amp#27;[0m Getting install status for io.appium.uiautomator2.server.test
[debug] &amp#27;[38;5;64m[ADB]&amp#27;[0m Running '/home/user/Android/Sdk/platform-tools/adb -P 5037 -s emulator-5554 shell dumpsys package io.appium.uiautomator2.server.test'
[debug] &amp#27;[38;5;64m[ADB]&amp#27;[0m 'io.appium.uiautomator2.server.test' is installed
[debug] &amp#27;[38;5;64m[ADB]&amp#27;[0m Checking app cert for /home/user/.appium/node_modules/appium-uiautomator2-driver/node_modules/appium-uiautomator2-server/apks/appium-uiautomator2-server-debug-androidTest.apk
[debug] &amp#27;[38;5;64m[ADB]&amp#27;[0m Starting apksigner: /usr/lib/jvm/jdk-15.0.2/bin/java -Xmx1024M -Xss1m -jar /home/user/Android/Sdk/build-tools/33.0.1/lib/apksigner.jar verify --print-certs /home/user/.appium/node_modules/appium-uiautomator2-driver/node_modules/appium-uiautomator2-server/apks/appium-uiautomator2-server-debug-androidTest.apk
[debug] &amp#27;[38;5;64m[ADB]&amp#27;[0m apksigner stdout: Signer #1 certificate DN: EMAILADDRESS=android@android.com, CN=Android, OU=Android, O=Android, L=Mountain View, ST=California, C=US
[debug] &amp#27;[38;5;64m[ADB]&amp#27;[0m Signer #1 certificate SHA-256 digest: a40da80a59d170caa950cf15c18c454d47a39b26989d8b640ecd745ba71bf5dc
[debug] &amp#27;[38;5;64m[ADB]&amp#27;[0m Signer #1 certificate SHA-1 digest: 61ed377e85d386a8dfee6b864bd85b0bfaa5af81
[debug] &amp#27;[38;5;64m[ADB]&amp#27;[0m Signer #1 certificate MD5 digest: e89b158e4bcf988ebd09eb83f5378e87
[debug] &amp#27;[38;5;64m[ADB]&amp#27;[0m 
[debug] &amp#27;[38;5;64m[ADB]&amp#27;[0m sha256 hash did match for 'appium-uiautomator2-server-debug-androidTest.apk'
&amp#27;[38;5;64m[ADB]&amp#27;[0m '/home/user/.appium/node_modules/appium-uiautomator2-driver/node_modules/appium-uiautomator2-server/apks/appium-uiautomator2-server-debug-androidTest.apk' is signed with the default certificate
&amp#27;[38;5;32m[AndroidUiautomator2Driver@57d8 (0cc448fc)]&amp#27;[0m Server packages are not going to be (re)installed
[debug] &amp#27;[38;5;32m[AndroidUiautomator2Driver@57d8 (0cc448fc)]&amp#27;[0m Waiting up to 30000ms for services to be available
[debug] &amp#27;[38;5;64m[ADB]&amp#27;[0m Running '/home/user/Android/Sdk/platform-tools/adb -P 5037 -s emulator-5554 shell pm list instrumentation'
[debug] &amp#27;[38;5;32m[AndroidUiautomator2Driver@57d8 (0cc448fc)]&amp#27;[0m Instrumentation target 'io.appium.uiautomator2.server.test/androidx.test.runner.AndroidJUnitRunner' is available
&amp#27;[38;5;64m[ADB]&amp#27;[0m Adding packages ["io.appium.settings","io.appium.uiautomator2.server","io.appium.uiautomator2.server.test"] to Doze whitelist
[debug] &amp#27;[38;5;64m[ADB]&amp#27;[0m Got the following command chunks to execute: [["dumpsys","deviceidle","whitelist","+io.appium.settings",";","dumpsys","deviceidle","whitelist","+io.appium.uiautomator2.server",";","dumpsys","deviceidle","whitelist","+io.appium.uiautomator2.server.test",";"]]
[debug] &amp#27;[38;5;64m[ADB]&amp#27;[0m Running '/home/user/Android/Sdk/platform-tools/adb -P 5037 -s emulator-5554 shell dumpsys deviceidle whitelist +io.appium.settings ; dumpsys deviceidle whitelist +io.appium.uiautomator2.server ; dumpsys deviceidle whitelist +io.appium.uiautomator2.server.test ;'
[debug] &amp#27;[38;5;64m[ADB]&amp#27;[0m Checking app cert for /home/user/eclipse-workspace/CopyTDDFrameworkWithMultiThread2/target/test-classes/app/Android-MyDemoAppRN.1.3.0.build-244.apk
[debug] &amp#27;[38;5;64m[ADB]&amp#27;[0m Starting apksigner: /usr/lib/jvm/jdk-15.0.2/bin/java -Xmx1024M -Xss1m -jar /home/user/Android/Sdk/build-tools/33.0.1/lib/apksigner.jar verify --print-certs /home/user/eclipse-workspace/CopyTDDFrameworkWithMultiThread2/target/test-classes/app/Android-MyDemoAppRN.1.3.0.build-244.apk
[debug] &amp#27;[38;5;64m[ADB]&amp#27;[0m apksigner stdout: Signer #1 certificate DN: CN=Android Debug, OU=Android, O=Unknown, L=Unknown, ST=Unknown, C=US
[debug] &amp#27;[38;5;64m[ADB]&amp#27;[0m Signer #1 certificate SHA-256 digest: fac61745dc0903786fb9ede62a962b399f7348f0bb6f899b8332667591033b9c
[debug] &amp#27;[38;5;64m[ADB]&amp#27;[0m Signer #1 certificate SHA-1 digest: 5e8f16062ea3cd2c4a0d547876baa6f38cabf625
[debug] &amp#27;[38;5;64m[ADB]&amp#27;[0m Signer #1 certificate MD5 digest: 20f46148b72d8e5e5ca23d37a4f41490
[debug] &amp#27;[38;5;64m[ADB]&amp#27;[0m 
&amp#27;[38;5;64m[ADB]&amp#27;[0m '/home/user/eclipse-workspace/CopyTDDFrameworkWithMultiThread2/target/test-classes/app/Android-MyDemoAppRN.1.3.0.build-244.apk' is signed with a non-default certificate
[debug] &amp#27;[38;5;64m[ADB]&amp#27;[0m Getting install status for com.saucelabs.mydemoapp.rn
[debug] &amp#27;[38;5;64m[ADB]&amp#27;[0m Running '/home/user/Android/Sdk/platform-tools/adb -P 5037 -s emulator-5554 shell dumpsys package com.saucelabs.mydemoapp.rn'
[debug] &amp#27;[38;5;64m[ADB]&amp#27;[0m 'com.saucelabs.mydemoapp.rn' is installed
[debug] &amp#27;[38;5;64m[ADB]&amp#27;[0m Getting package info for 'com.saucelabs.mydemoapp.rn'
[debug] &amp#27;[38;5;64m[ADB]&amp#27;[0m Running '/home/user/Android/Sdk/platform-tools/adb -P 5037 -s emulator-5554 shell dumpsys package com.saucelabs.mydemoapp.rn'
[debug] &amp#27;[38;5;64m[ADB]&amp#27;[0m The version name of the installed 'com.saucelabs.mydemoapp.rn' is greater or equal to the application version name ('1.3.0' >= '1.3.0')
[debug] &amp#27;[38;5;64m[ADB]&amp#27;[0m There is no need to install/upgrade '/home/user/eclipse-workspace/CopyTDDFrameworkWithMultiThread2/target/test-classes/app/Android-MyDemoAppRN.1.3.0.build-244.apk'
&amp#27;[38;5;80m[AndroidDriver]&amp#27;[0m Performing fast reset on 'com.saucelabs.mydemoapp.rn'
[debug] &amp#27;[38;5;64m[ADB]&amp#27;[0m Getting install status for com.saucelabs.mydemoapp.rn
[debug] &amp#27;[38;5;64m[ADB]&amp#27;[0m Running '/home/user/Android/Sdk/platform-tools/adb -P 5037 -s emulator-5554 shell dumpsys package com.saucelabs.mydemoapp.rn'
[debug] &amp#27;[38;5;64m[ADB]&amp#27;[0m 'com.saucelabs.mydemoapp.rn' is installed
[debug] &amp#27;[38;5;64m[ADB]&amp#27;[0m Running '/home/user/Android/Sdk/platform-tools/adb -P 5037 -s emulator-5554 shell am force-stop com.saucelabs.mydemoapp.rn'
[debug] &amp#27;[38;5;64m[ADB]&amp#27;[0m Running '/home/user/Android/Sdk/platform-tools/adb -P 5037 -s emulator-5554 shell pm clear com.saucelabs.mydemoapp.rn'
[debug] &amp#27;[38;5;80m[AndroidDriver]&amp#27;[0m Performed fast reset on the installed 'com.saucelabs.mydemoapp.rn' application (stop and clear)
[debug] &amp#27;[38;5;32m[AndroidUiautomator2Driver@57d8 (0cc448fc)]&amp#27;[0m Performing shallow cleanup of automation leftovers
[debug] &amp#27;[38;5;32m[AndroidUiautomator2Driver@57d8 (0cc448fc)]&amp#27;[0m No obsolete sessions have been detected (socket hang up)
[debug] &amp#27;[38;5;64m[ADB]&amp#27;[0m Running '/home/user/Android/Sdk/platform-tools/adb -P 5037 -s emulator-5554 shell am force-stop io.appium.uiautomator2.server.test'
&amp#27;[38;5;32m[AndroidUiautomator2Driver@57d8 (0cc448fc)]&amp#27;[0m Starting UIAutomator2 server 5.7.8
&amp#27;[38;5;32m[AndroidUiautomator2Driver@57d8 (0cc448fc)]&amp#27;[0m Using UIAutomator2 server from '/home/user/.appium/node_modules/appium-uiautomator2-driver/node_modules/appium-uiautomator2-server/apks/appium-uiautomator2-server-v5.7.8.apk' and test from '/home/user/.appium/node_modules/appium-uiautomator2-driver/node_modules/appium-uiautomator2-server/apks/appium-uiautomator2-server-debug-androidTest.apk'
&amp#27;[38;5;32m[AndroidUiautomator2Driver@57d8 (0cc448fc)]&amp#27;[0m Waiting up to 30000ms for UiAutomator2 to be online...
[debug] &amp#27;[38;5;64m[ADB]&amp#27;[0m Creating ADB subprocess with args: ["-P",5037,"-s","emulator-5554","shell","am","instrument","-w","-e","disableAnalytics",true,"io.appium.uiautomator2.server.test/androidx.test.runner.AndroidJUnitRunner"]
[debug] &amp#27;[38;5;32m[AndroidUiautomator2Driver@57d8 (0cc448fc)]&amp#27;[0m Matched '/status' to command name 'getStatus'
[debug] &amp#27;[38;5;32m[AndroidUiautomator2Driver@57d8 (0cc448fc)]&amp#27;[0m Proxying [GET /status] to [GET http://127.0.0.1:8200/status] with no body
&amp#27;[38;5;32m[AndroidUiautomator2Driver@57d8 (0cc448fc)]&amp#27;[0m socket hang up
[debug] &amp#27;[38;5;112m[Instrumentation]&amp#27;[0m io.appium.uiautomator2.server.test.AppiumUiAutomator2Server:
[debug] &amp#27;[38;5;32m[AndroidUiautomator2Driver@57d8 (0cc448fc)]&amp#27;[0m Matched '/status' to command name 'getStatus'
[debug] &amp#27;[38;5;32m[AndroidUiautomator2Driver@57d8 (0cc448fc)]&amp#27;[0m Proxying [GET /status] to [GET http://127.0.0.1:8200/status] with no body
&amp#27;[38;5;32m[AndroidUiautomator2Driver@57d8 (0cc448fc)]&amp#27;[0m socket hang up
[debug] &amp#27;[38;5;32m[AndroidUiautomator2Driver@57d8 (0cc448fc)]&amp#27;[0m Matched '/status' to command name 'getStatus'
[debug] &amp#27;[38;5;32m[AndroidUiautomator2Driver@57d8 (0cc448fc)]&amp#27;[0m Proxying [GET /status] to [GET http://127.0.0.1:8200/status] with no body
[debug] &amp#27;[38;5;32m[AndroidUiautomator2Driver@57d8 (0cc448fc)]&amp#27;[0m Got response with status 200: {"sessionId":"None","value":{"message":"UiAutomator2 Server is ready to accept commands","ready":true}}
[debug] &amp#27;[38;5;32m[AndroidUiautomator2Driver@57d8 (0cc448fc)]&amp#27;[0m The initialization of the instrumentation process took 2080ms
[debug] &amp#27;[38;5;32m[AndroidUiautomator2Driver@57d8 (0cc448fc)]&amp#27;[0m Matched '/session' to command name 'createSession'
[debug] &amp#27;[38;5;32m[AndroidUiautomator2Driver@57d8 (0cc448fc)]&amp#27;[0m Proxying [POST /session] to [POST http://127.0.0.1:8200/session] with body: {"capabilities":{"firstMatch":[{"platform":"LINUX","webStorageEnabled":false,"takesScreenshot":true,"javascriptEnabled":true,"databaseEnabled":false,"networkConnectionEnabled":true,"locationContextEnabled":false,"warnings":{},"desired":{"platformName":"ANDROID","app":"/home/user/eclipse-workspace/CopyTDDFrameworkWithMultiThread2/target/test-classes/app/Android-MyDemoAppRN.1.3.0.build-244.apk","automationName":"UiAutomator2","avd":"Pixel_3A_V10","chromeDriverPort":11001,"deviceName":"Pixel 3A","newCommandTimeout":180,"platformVersion":"10.0","sytemPort":"10001","udid":"emulator-5556"},"platformName":"ANDROID","app":"/home/user/eclipse-workspace/CopyTDDFrameworkWithMultiThread2/target/test-classes/app/Android-MyDemoAppRN.1.3.0.build-244.apk","automationName":"UiAutomator2","avd":"Pixel_3A_V10","chromeDriverPort":11001,"deviceName":"emulator-5554","newCommandTimeout":180,"platformVersion":"10.0","sytemPort":"10001","udid":"emulator-5556","deviceUDID":"emulator-5554","appPackage":"com.saucelabs.mydemoapp.rn"}]...
[debug] &amp#27;[38;5;32m[AndroidUiautomator2Driver@57d8 (0cc448fc)]&amp#27;[0m Got response with status 200: {"sessionId":"715f4330-d6cb-4b7c-bcbb-525481150e55","value":{"capabilities":{"firstMatch":[{"platform":"LINUX","webStorageEnabled":false,"takesScreenshot":true,"javascriptEnabled":true,"databaseEnabled":false,"networkConnectionEnabled":true,"locationContextEnabled":false,"warnings":{},"desired":{"platformName":"ANDROID","app":"/home/user/eclipse-workspace/CopyTDDFrameworkWithMultiThread2/target/test-classes/app/Android-MyDemoAppRN.1.3.0.build-244.apk","automationName":"UiAutomator2","avd":"Pixel_3A_V10","chromeDriverPort":11001,"deviceName":"Pixel 3A","newCommandTimeout":180,"platformVersion":"10.0","sytemPort":"10001","udid":"emulator-5556"},"platformName":"ANDROID","app":"/home/user/eclipse-workspace/CopyTDDFrameworkWithMultiThread2/target/test-classes/app/Android-MyDemoAppRN.1.3.0.build-244.apk","automationName":"UiAutomator2","avd":"Pixel_3A_V10","chromeDriverPort":11001,"deviceName":"emulator-5554","newCommandTimeout":180,"platformVersion":"10.0","sytemPort":"10001","udid":"emulator-5556","deviceUDID"...
&amp#27;[38;5;32m[AndroidUiautomator2Driver@57d8 (0cc448fc)]&amp#27;[0m Determined the downstream protocol as 'W3C'
[debug] &amp#27;[38;5;32m[AndroidUiautomator2Driver@57d8 (0cc448fc)]&amp#27;[0m Proxying [GET /appium/device/info] to [GET http://127.0.0.1:8200/session/715f4330-d6cb-4b7c-bcbb-525481150e55/appium/device/info] with no body
[debug] &amp#27;[38;5;32m[AndroidUiautomator2Driver@57d8 (0cc448fc)]&amp#27;[0m Got response with status 200: {"sessionId":"715f4330-d6cb-4b7c-bcbb-525481150e55","value":{"androidId":"c077a1697b1f7e66","apiVersion":"29","bluetooth":null,"brand":"google","carrierName":"Android","displayDensity":440,"locale":"en_US","manufacturer":"Google","model":"Android SDK built for x86","networks":[{"capabilities":{"SSID":null,"linkDownBandwidthKbps":102400,"linkUpstreamBandwidthKbps":51200,"networkCapabilities":"NET_CAPABILITY_MMS,NET_CAPABILITY_SUPL,NET_CAPABILITY_DUN,NET_CAPABILITY_FOTA,NET_CAPABILITY_IMS,NET_CAPABILITY_CBS,NET_CAPABILITY_INTERNET,NET_CAPABILITY_NOT_RESTRICTED,NET_CAPABILITY_TRUSTED,NET_CAPABILITY_NOT_VPN,NET_CAPABILITY_VALIDATED,NET_CAPABILITY_NOT_ROAMING,NET_CAPABILITY_NOT_CONGESTED,NET_CAPABILITY_NOT_SUSPENDED","signalStrength":-2147483648,"transportTypes":"TRANSPORT_CELLULAR"},"detailedState":"CONNECTED","extraInfo":"epc.tmobile.com","isAvailable":true,"isConnected":true,"isFailover":false,"isRoaming":false,"state":"CONNECTED","subtype":13,"subtypeName":"LTE","type":0,"typeName":"MOBILE"},{"capabilities"...
[debug] &amp#27;[38;5;64m[ADB]&amp#27;[0m Running '/home/user/Android/Sdk/platform-tools/adb -P 5037 -s emulator-5554 shell dumpsys window'
&amp#27;[38;5;80m[AndroidDriver]&amp#27;[0m Screen already unlocked, doing nothing
&amp#27;[38;5;32m[AndroidUiautomator2Driver@57d8 (0cc448fc)]&amp#27;[0m Starting 'com.saucelabs.mydemoapp.rn/com.saucelabs.mydemoapp.rn.MainActivity and waiting for 'com.saucelabs.mydemoapp.rn/com.saucelabs.mydemoapp.rn.MainActivity'
[debug] &amp#27;[38;5;64m[ADB]&amp#27;[0m Running '/home/user/Android/Sdk/platform-tools/adb -P 5037 -s emulator-5554 shell am start -W -n com.saucelabs.mydemoapp.rn/com.saucelabs.mydemoapp.rn.MainActivity -S -a android.intent.action.MAIN -c android.intent.category.LAUNCHER -f 0x10200000'
[debug] &amp#27;[38;5;64m[ADB]&amp#27;[0m Waiting up to 20000ms for activity matching pkg: 'com.saucelabs.mydemoapp.rn' and activity: 'com.saucelabs.mydemoapp.rn.MainActivity' to be focused
[debug] &amp#27;[38;5;64m[ADB]&amp#27;[0m Possible activities, to be checked: 'com.saucelabs.mydemoapp.rn.MainActivity', 'com.saucelabs.mydemoapp.rn.com.saucelabs.mydemoapp.rn.MainActivity'
[debug] &amp#27;[38;5;64m[ADB]&amp#27;[0m Getting focused package and activity
[debug] &amp#27;[38;5;64m[ADB]&amp#27;[0m Running '/home/user/Android/Sdk/platform-tools/adb -P 5037 -s emulator-5554 shell dumpsys window displays'
[debug] &amp#27;[38;5;64m[ADB]&amp#27;[0m Found package: 'com.saucelabs.mydemoapp.rn' and fully qualified activity name : 'com.saucelabs.mydemoapp.rn.MainActivity'
[debug] &amp#27;[38;5;32m[AndroidUiautomator2Driver@57d8 (0cc448fc)]&amp#27;[0m Proxying [GET /appium/device/pixel_ratio] to [GET http://127.0.0.1:8200/session/715f4330-d6cb-4b7c-bcbb-525481150e55/appium/device/pixel_ratio] with no body
[debug] &amp#27;[38;5;32m[AndroidUiautomator2Driver@57d8 (0cc448fc)]&amp#27;[0m Got response with status 200: {"sessionId":"715f4330-d6cb-4b7c-bcbb-525481150e55","value":2.75}
[debug] &amp#27;[38;5;32m[AndroidUiautomator2Driver@57d8 (0cc448fc)]&amp#27;[0m Matched '/appium/device/system_bars' to command name 'getSystemBars'
[debug] &amp#27;[38;5;32m[AndroidUiautomator2Driver@57d8 (0cc448fc)]&amp#27;[0m Proxying [GET /appium/device/system_bars] to [GET http://127.0.0.1:8200/session/715f4330-d6cb-4b7c-bcbb-525481150e55/appium/device/system_bars] with no body
[debug] &amp#27;[38;5;32m[AndroidUiautomator2Driver@57d8 (0cc448fc)]&amp#27;[0m Got response with status 200: {"sessionId":"715f4330-d6cb-4b7c-bcbb-525481150e55","value":{"statusBar":66}}
[debug] &amp#27;[38;5;32m[AndroidUiautomator2Driver@57d8 (0cc448fc)]&amp#27;[0m Matched '/window/current/size' to command name 'getWindowSize'
[debug] &amp#27;[38;5;32m[AndroidUiautomator2Driver@57d8 (0cc448fc)]&amp#27;[0m Proxying [GET /window/current/size] to [GET http://127.0.0.1:8200/session/715f4330-d6cb-4b7c-bcbb-525481150e55/window/current/size] with no body
[debug] &amp#27;[38;5;32m[AndroidUiautomator2Driver@57d8 (0cc448fc)]&amp#27;[0m Got response with status 200: {"sessionId":"715f4330-d6cb-4b7c-bcbb-525481150e55","value":{"height":2088,"width":1080}}
&amp#27;[38;5;16m[AppiumDriver@d974]&amp#27;[0m New AndroidUiautomator2Driver session created successfully, session 0cc448fc-d9ee-4d68-9362-cf0f5e3d1047 added to master session list
[debug] &amp#27;[38;5;16m[AppiumDriver@d974]&amp#27;[0m Event 'newSessionStarted' logged at 1685777059975 (12:54:19 GMT+0530 (India Standard Time))
[debug] &amp#27;[38;5;32m[AndroidUiautomator2Driver@57d8 (0cc448fc)]&amp#27;[0m Cached the protocol value 'W3C' for the new session 0cc448fc-d9ee-4d68-9362-cf0f5e3d1047
[debug] &amp#27;[38;5;32m[AndroidUiautomator2Driver@57d8 (0cc448fc)]&amp#27;[0m Responding to client with driver.createSession() result: {"capabilities":{"platform":"LINUX","webStorageEnabled":false,"takesScreenshot":true,"javascriptEnabled":true,"databaseEnabled":false,"networkConnectionEnabled":true,"locationContextEnabled":false,"warnings":{},"desired":{"platformName":"ANDROID","app":"/home/user/eclipse-workspace/CopyTDDFrameworkWithMultiThread2/target/test-classes/app/Android-MyDemoAppRN.1.3.0.build-244.apk","automationName":"UiAutomator2","avd":"Pixel_3A_V10","chromeDriverPort":11001,"deviceName":"Pixel 3A","newCommandTimeout":180,"platformVersion":"10.0","sytemPort":"10001","udid":"emulator-5556"},"platformName":"ANDROID","app":"/home/user/eclipse-workspace/CopyTDDFrameworkWithMultiThread2/target/test-classes/app/Android-MyDemoAppRN.1.3.0.build-244.apk","automationName":"UiAutomator2","avd":"Pixel_3A_V10","chromeDriverPort":11001,"deviceName":"emulator-5554","newCommandTimeout":180,"platformVersion":"10","sytemPort":"10001","udid":"emulator-5556","deviceUDID":"emulator-5554","appPackage":"com.saucelabs.mydemoapp.rn","deviceApiLevel":2...
&amp#27;[38;5;0m[HTTP]&amp#27;[0m &amp#27;[37m<-- POST /session &amp#27;[39m&amp#27;[32m200&amp#27;[39m &amp#27;[90m6545 ms - 1313&amp#27;[39m
&amp#27;[38;5;0m[HTTP]&amp#27;[0m &amp#27;[90m&amp#27;[39m
[INFO ] 2023-06-03 12:54:20.053 com.qa.BaseTest:251 - Session id:0cc448fc-d9ee-4d68-9362-cf0f5e3d1047
&amp#27;[38;5;0m[HTTP]&amp#27;[0m &amp#27;[37m-->&amp#27;[39m &amp#27;[37mPOST&amp#27;[39m &amp#27;[37m/session/0cc448fc-d9ee-4d68-9362-cf0f5e3d1047/execute/sync&amp#27;[39m
&amp#27;[38;5;0m[HTTP]&amp#27;[0m &amp#27;[90m{"script":"mobile: terminateApp","args":[{"bundleId":"com.saucelabs.mydemoapp.rn","appId":"com.saucelabs.mydemoapp.rn"}]}&amp#27;[39m
[debug] &amp#27;[38;5;32m[AndroidUiautomator2Driver@57d8 (0cc448fc)]&amp#27;[0m Calling AppiumDriver.execute() with args: ["mobile: terminateApp",[{"bundleId":"com.saucelabs.mydemoapp.rn","appId":"com.saucelabs.mydemoapp.rn"}],"0cc448fc-d9ee-4d68-9362-cf0f5e3d1047"]
&amp#27;[38;5;32m[AndroidUiautomator2Driver@57d8 (0cc448fc)]&amp#27;[0m Executing native command 'mobile: terminateApp'
&amp#27;[38;5;32m[AndroidUiautomator2Driver@57d8 (0cc448fc)]&amp#27;[0m Terminating 'com.saucelabs.mydemoapp.rn'
[debug] &amp#27;[38;5;64m[ADB]&amp#27;[0m Getting IDs of all 'com.saucelabs.mydemoapp.rn' processes
[debug] &amp#27;[38;5;64m[ADB]&amp#27;[0m Running '/home/user/Android/Sdk/platform-tools/adb -P 5037 -s emulator-5554 shell pgrep -f \(\[\[:blank:\]\]\|\^\)com\.saucelabs\.mydemoapp\.rn\(\[\[:blank:\]\]\|\$\)'
[debug] &amp#27;[38;5;64m[ADB]&amp#27;[0m Running '/home/user/Android/Sdk/platform-tools/adb -P 5037 -s emulator-5554 shell am force-stop com.saucelabs.mydemoapp.rn'
&amp#27;[38;5;32m[AndroidUiautomator2Driver@57d8 (0cc448fc)]&amp#27;[0m Querying the state of 'com.saucelabs.mydemoapp.rn'
[debug] &amp#27;[38;5;64m[ADB]&amp#27;[0m Getting install status for com.saucelabs.mydemoapp.rn
[debug] &amp#27;[38;5;64m[ADB]&amp#27;[0m Running '/home/user/Android/Sdk/platform-tools/adb -P 5037 -s emulator-5554 shell dumpsys package com.saucelabs.mydemoapp.rn'
[debug] &amp#27;[38;5;64m[ADB]&amp#27;[0m 'com.saucelabs.mydemoapp.rn' is installed
[debug] &amp#27;[38;5;64m[ADB]&amp#27;[0m Getting IDs of all 'com.saucelabs.mydemoapp.rn' processes
[debug] &amp#27;[38;5;64m[ADB]&amp#27;[0m Running '/home/user/Android/Sdk/platform-tools/adb -P 5037 -s emulator-5554 shell pgrep -f \(\[\[:blank:\]\]\|\^\)com\.saucelabs\.mydemoapp\.rn\(\[\[:blank:\]\]\|\$\)'
&amp#27;[38;5;32m[AndroidUiautomator2Driver@57d8 (0cc448fc)]&amp#27;[0m 'com.saucelabs.mydemoapp.rn' has been successfully terminated
[debug] &amp#27;[38;5;32m[AndroidUiautomator2Driver@57d8 (0cc448fc)]&amp#27;[0m Responding to client with driver.execute() result: true
&amp#27;[38;5;0m[HTTP]&amp#27;[0m &amp#27;[37m<-- POST /session/0cc448fc-d9ee-4d68-9362-cf0f5e3d1047/execute/sync &amp#27;[39m&amp#27;[32m200&amp#27;[39m &amp#27;[90m244 ms - 14&amp#27;[39m
&amp#27;[38;5;0m[HTTP]&amp#27;[0m &amp#27;[90m&amp#27;[39m
&amp#27;[38;5;0m[HTTP]&amp#27;[0m &amp#27;[37m-->&amp#27;[39m &amp#27;[37mPOST&amp#27;[39m &amp#27;[37m/session/0cc448fc-d9ee-4d68-9362-cf0f5e3d1047/execute/sync&amp#27;[39m
&amp#27;[38;5;0m[HTTP]&amp#27;[0m &amp#27;[90m{"script":"mobile: activateApp","args":[{"bundleId":"com.saucelabs.mydemoapp.rn","appId":"com.saucelabs.mydemoapp.rn"}]}&amp#27;[39m
[debug] &amp#27;[38;5;32m[AndroidUiautomator2Driver@57d8 (0cc448fc)]&amp#27;[0m Calling AppiumDriver.execute() with args: ["mobile: activateApp",[{"bundleId":"com.saucelabs.mydemoapp.rn","appId":"com.saucelabs.mydemoapp.rn"}],"0cc448fc-d9ee-4d68-9362-cf0f5e3d1047"]
&amp#27;[38;5;32m[AndroidUiautomator2Driver@57d8 (0cc448fc)]&amp#27;[0m Executing native command 'mobile: activateApp'
[debug] &amp#27;[38;5;32m[AndroidUiautomator2Driver@57d8 (0cc448fc)]&amp#27;[0m Activating 'com.saucelabs.mydemoapp.rn'
[debug] &amp#27;[38;5;64m[ADB]&amp#27;[0m Running '/home/user/Android/Sdk/platform-tools/adb -P 5037 -s emulator-5554 shell cmd package resolve-activity --brief com.saucelabs.mydemoapp.rn'
[debug] &amp#27;[38;5;64m[ADB]&amp#27;[0m Running '/home/user/Android/Sdk/platform-tools/adb -P 5037 -s emulator-5554 shell am start-activity -a android.intent.action.MAIN -c android.intent.category.LAUNCHER -f 0x10200000 -n com.saucelabs.mydemoapp.rn/.MainActivity'
[debug] &amp#27;[38;5;32m[AndroidUiautomator2Driver@57d8 (0cc448fc)]&amp#27;[0m Starting: Intent { act=android.intent.action.MAIN cat=[android.intent.category.LAUNCHER] flg=0x10200000 cmp=com.saucelabs.mydemoapp.rn/.MainActivity }
[debug] &amp#27;[38;5;32m[AndroidUiautomator2Driver@57d8 (0cc448fc)]&amp#27;[0m Responding to client with driver.execute() result: null
&amp#27;[38;5;0m[HTTP]&amp#27;[0m &amp#27;[37m<-- POST /session/0cc448fc-d9ee-4d68-9362-cf0f5e3d1047/execute/sync &amp#27;[39m&amp#27;[32m200&amp#27;[39m &amp#27;[90m97 ms - 14&amp#27;[39m
&amp#27;[38;5;0m[HTTP]&amp#27;[0m &amp#27;[90m&amp#27;[39m
&amp#27;[38;5;0m[HTTP]&amp#27;[0m &amp#27;[37m-->&amp#27;[39m &amp#27;[37mPOST&amp#27;[39m &amp#27;[37m/session/0cc448fc-d9ee-4d68-9362-cf0f5e3d1047/appium/start_recording_screen&amp#27;[39m
&amp#27;[38;5;0m[HTTP]&amp#27;[0m &amp#27;[90m{}&amp#27;[39m
[debug] &amp#27;[38;5;32m[AndroidUiautomator2Driver@57d8 (0cc448fc)]&amp#27;[0m Calling AppiumDriver.startRecordingScreen() with args: [null,"0cc448fc-d9ee-4d68-9362-cf0f5e3d1047"]
[debug] &amp#27;[38;5;64m[ADB]&amp#27;[0m Getting IDs of all 'screenrecord' processes
[debug] &amp#27;[38;5;64m[ADB]&amp#27;[0m Running '/home/user/Android/Sdk/platform-tools/adb -P 5037 -s emulator-5554 shell pgrep -f \(\[\[:blank:\]\]\|\^\)screenrecord\(\[\[:blank:\]\]\|\$\)'
&amp#27;[38;5;32m[AndroidUiautomator2Driver@57d8 (0cc448fc)]&amp#27;[0m Screen recording has not been previously started by Appium. There is nothing to stop
[debug] &amp#27;[38;5;64m[ADB]&amp#27;[0m Getting IDs of all 'screenrecord' processes
[debug] &amp#27;[38;5;64m[ADB]&amp#27;[0m Running '/home/user/Android/Sdk/platform-tools/adb -P 5037 -s emulator-5554 shell pgrep -f \(\[\[:blank:\]\]\|\^\)screenrecord\(\[\[:blank:\]\]\|\$\)'
[debug] &amp#27;[38;5;64m[ADB]&amp#27;[0m Building screenrecord process with the command line: adb -P 5037 -s emulator-5554 shell screenrecord --time-limit 180 /sdcard/108a2221.mp4
[debug] &amp#27;[38;5;64m[ADB]&amp#27;[0m Running '/home/user/Android/Sdk/platform-tools/adb -P 5037 -s emulator-5554 shell "[ -e '/sdcard/108a2221.mp4' ] && echo __PASS__"'
[debug] &amp#27;[38;5;64m[ADB]&amp#27;[0m Running '/home/user/Android/Sdk/platform-tools/adb -P 5037 -s emulator-5554 shell "[ -e '/sdcard/108a2221.mp4' ] && echo __PASS__"'
[debug] &amp#27;[38;5;32m[AndroidUiautomator2Driver@57d8 (0cc448fc)]&amp#27;[0m Responding to client with driver.startRecordingScreen() result: ""
&amp#27;[38;5;0m[HTTP]&amp#27;[0m &amp#27;[37m<-- POST /session/0cc448fc-d9ee-4d68-9362-cf0f5e3d1047/appium/start_recording_screen &amp#27;[39m&amp#27;[32m200&amp#27;[39m &amp#27;[90m480 ms - 12&amp#27;[39m
&amp#27;[38;5;0m[HTTP]&amp#27;[0m &amp#27;[90m&amp#27;[39m
[INFO ] 2023-06-03 12:54:21.005 com.qa.tests.LoginTests:64 - 
******** starting test ********invalidUserName*******

&amp#27;[38;5;0m[HTTP]&amp#27;[0m &amp#27;[37m-->&amp#27;[39m &amp#27;[37mGET&amp#27;[39m &amp#27;[37m/session/0cc448fc-d9ee-4d68-9362-cf0f5e3d1047/context&amp#27;[39m
&amp#27;[38;5;0m[HTTP]&amp#27;[0m &amp#27;[90m{}&amp#27;[39m
[debug] &amp#27;[38;5;32m[AndroidUiautomator2Driver@57d8 (0cc448fc)]&amp#27;[0m Calling AppiumDriver.getCurrentContext() with args: ["0cc448fc-d9ee-4d68-9362-cf0f5e3d1047"]
[debug] &amp#27;[38;5;32m[AndroidUiautomator2Driver@57d8 (0cc448fc)]&amp#27;[0m Responding to client with driver.getCurrentContext() result: "NATIVE_APP"
&amp#27;[38;5;0m[HTTP]&amp#27;[0m &amp#27;[37m<-- GET /session/0cc448fc-d9ee-4d68-9362-cf0f5e3d1047/context &amp#27;[39m&amp#27;[32m200&amp#27;[39m &amp#27;[90m2 ms - 22&amp#27;[39m
&amp#27;[38;5;0m[HTTP]&amp#27;[0m &amp#27;[90m&amp#27;[39m
&amp#27;[38;5;0m[HTTP]&amp#27;[0m &amp#27;[37m-->&amp#27;[39m &amp#27;[37mPOST&amp#27;[39m &amp#27;[37m/session/0cc448fc-d9ee-4d68-9362-cf0f5e3d1047/element&amp#27;[39m
&amp#27;[38;5;0m[HTTP]&amp#27;[0m &amp#27;[90m{"using":"xpath","value":"//android.view.ViewGroup[@content-desc=\"open menu\"]/android.widget.ImageView"}&amp#27;[39m
[debug] &amp#27;[38;5;32m[AndroidUiautomator2Driver@57d8 (0cc448fc)]&amp#27;[0m Calling AppiumDriver.findElement() with args: ["xpath","//android.view.ViewGroup[@content-desc=\"open menu\"]/android.widget.ImageView","0cc448fc-d9ee-4d68-9362-cf0f5e3d1047"]
[debug] &amp#27;[38;5;32m[AndroidUiautomator2Driver@57d8 (0cc448fc)]&amp#27;[0m Valid locator strategies for this request: xpath, id, class name, accessibility id, css selector, -android uiautomator
[debug] &amp#27;[38;5;32m[AndroidUiautomator2Driver@57d8 (0cc448fc)]&amp#27;[0m Waiting up to 0 ms for condition
[debug] &amp#27;[38;5;32m[AndroidUiautomator2Driver@57d8 (0cc448fc)]&amp#27;[0m Matched '/element' to command name 'findElement'
[debug] &amp#27;[38;5;32m[AndroidUiautomator2Driver@57d8 (0cc448fc)]&amp#27;[0m Proxying [POST /element] to [POST http://127.0.0.1:8200/session/715f4330-d6cb-4b7c-bcbb-525481150e55/element] with body: {"strategy":"xpath","selector":"//android.view.ViewGroup[@content-desc=\"open menu\"]/android.widget.ImageView","context":"","multiple":false}
[debug] &amp#27;[38;5;32m[AndroidUiautomator2Driver@57d8 (0cc448fc)]&amp#27;[0m Got response with status 200: {"sessionId":"715f4330-d6cb-4b7c-bcbb-525481150e55","value":{"ELEMENT":"00000000-0000-0031-ffff-ffff00000025","element-6066-11e4-a52e-4f735466cecf":"00000000-0000-0031-ffff-ffff00000025"}}
[debug] &amp#27;[38;5;32m[AndroidUiautomator2Driver@57d8 (0cc448fc)]&amp#27;[0m Responding to client with driver.findElement() result: {"element-6066-11e4-a52e-4f735466cecf":"00000000-0000-0031-ffff-ffff00000025","ELEMENT":"00000000-0000-0031-ffff-ffff00000025"}
&amp#27;[38;5;0m[HTTP]&amp#27;[0m &amp#27;[37m<-- POST /session/0cc448fc-d9ee-4d68-9362-cf0f5e3d1047/element &amp#27;[39m&amp#27;[32m200&amp#27;[39m &amp#27;[90m1514 ms - 137&amp#27;[39m
&amp#27;[38;5;0m[HTTP]&amp#27;[0m &amp#27;[90m&amp#27;[39m
&amp#27;[38;5;0m[HTTP]&amp#27;[0m &amp#27;[37m-->&amp#27;[39m &amp#27;[37mGET&amp#27;[39m &amp#27;[37m/session/0cc448fc-d9ee-4d68-9362-cf0f5e3d1047/element/00000000-0000-0031-ffff-ffff00000025/displayed&amp#27;[39m
&amp#27;[38;5;0m[HTTP]&amp#27;[0m &amp#27;[90m{}&amp#27;[39m
[debug] &amp#27;[38;5;32m[AndroidUiautomator2Driver@57d8 (0cc448fc)]&amp#27;[0m Calling AppiumDriver.elementDisplayed() with args: ["00000000-0000-0031-ffff-ffff00000025","0cc448fc-d9ee-4d68-9362-cf0f5e3d1047"]
[debug] &amp#27;[38;5;32m[AndroidUiautomator2Driver@57d8 (0cc448fc)]&amp#27;[0m Matched '/element/00000000-0000-0031-ffff-ffff00000025/attribute/displayed' to command name 'getAttribute'
[debug] &amp#27;[38;5;32m[AndroidUiautomator2Driver@57d8 (0cc448fc)]&amp#27;[0m Proxying [GET /element/00000000-0000-0031-ffff-ffff00000025/attribute/displayed] to [GET http://127.0.0.1:8200/session/715f4330-d6cb-4b7c-bcbb-525481150e55/element/00000000-0000-0031-ffff-ffff00000025/attribute/displayed] with no body
[debug] &amp#27;[38;5;32m[AndroidUiautomator2Driver@57d8 (0cc448fc)]&amp#27;[0m Got response with status 200: {"sessionId":"715f4330-d6cb-4b7c-bcbb-525481150e55","value":"true"}
[debug] &amp#27;[38;5;32m[AndroidUiautomator2Driver@57d8 (0cc448fc)]&amp#27;[0m Responding to client with driver.elementDisplayed() result: true
&amp#27;[38;5;0m[HTTP]&amp#27;[0m &amp#27;[37m<-- GET /session/0cc448fc-d9ee-4d68-9362-cf0f5e3d1047/element/00000000-0000-0031-ffff-ffff00000025/displayed &amp#27;[39m&amp#27;[32m200&amp#27;[39m &amp#27;[90m9 ms - 14&amp#27;[39m
&amp#27;[38;5;0m[HTTP]&amp#27;[0m &amp#27;[90m&amp#27;[39m
&amp#27;[38;5;0m[HTTP]&amp#27;[0m &amp#27;[37m-->&amp#27;[39m &amp#27;[37mGET&amp#27;[39m &amp#27;[37m/session/0cc448fc-d9ee-4d68-9362-cf0f5e3d1047/context&amp#27;[39m
&amp#27;[38;5;0m[HTTP]&amp#27;[0m &amp#27;[90m{}&amp#27;[39m
[debug] &amp#27;[38;5;32m[AndroidUiautomator2Driver@57d8 (0cc448fc)]&amp#27;[0m Calling AppiumDriver.getCurrentContext() with args: ["0cc448fc-d9ee-4d68-9362-cf0f5e3d1047"]
[debug] &amp#27;[38;5;32m[AndroidUiautomator2Driver@57d8 (0cc448fc)]&amp#27;[0m Responding to client with driver.getCurrentContext() result: "NATIVE_APP"
&amp#27;[38;5;0m[HTTP]&amp#27;[0m &amp#27;[37m<-- GET /session/0cc448fc-d9ee-4d68-9362-cf0f5e3d1047/context &amp#27;[39m&amp#27;[32m200&amp#27;[39m &amp#27;[90m1 ms - 22&amp#27;[39m
&amp#27;[38;5;0m[HTTP]&amp#27;[0m &amp#27;[90m&amp#27;[39m
&amp#27;[38;5;0m[HTTP]&amp#27;[0m &amp#27;[37m-->&amp#27;[39m &amp#27;[37mPOST&amp#27;[39m &amp#27;[37m/session/0cc448fc-d9ee-4d68-9362-cf0f5e3d1047/element&amp#27;[39m
&amp#27;[38;5;0m[HTTP]&amp#27;[0m &amp#27;[90m{"using":"xpath","value":"//android.view.ViewGroup[@content-desc=\"open menu\"]/android.widget.ImageView"}&amp#27;[39m
[debug] &amp#27;[38;5;32m[AndroidUiautomator2Driver@57d8 (0cc448fc)]&amp#27;[0m Calling AppiumDriver.findElement() with args: ["xpath","//android.view.ViewGroup[@content-desc=\"open menu\"]/android.widget.ImageView","0cc448fc-d9ee-4d68-9362-cf0f5e3d1047"]
[debug] &amp#27;[38;5;32m[AndroidUiautomator2Driver@57d8 (0cc448fc)]&amp#27;[0m Valid locator strategies for this request: xpath, id, class name, accessibility id, css selector, -android uiautomator
[debug] &amp#27;[38;5;32m[AndroidUiautomator2Driver@57d8 (0cc448fc)]&amp#27;[0m Waiting up to 0 ms for condition
[debug] &amp#27;[38;5;32m[AndroidUiautomator2Driver@57d8 (0cc448fc)]&amp#27;[0m Matched '/element' to command name 'findElement'
[debug] &amp#27;[38;5;32m[AndroidUiautomator2Driver@57d8 (0cc448fc)]&amp#27;[0m Proxying [POST /element] to [POST http://127.0.0.1:8200/session/715f4330-d6cb-4b7c-bcbb-525481150e55/element] with body: {"strategy":"xpath","selector":"//android.view.ViewGroup[@content-desc=\"open menu\"]/android.widget.ImageView","context":"","multiple":false}
[debug] &amp#27;[38;5;32m[AndroidUiautomator2Driver@57d8 (0cc448fc)]&amp#27;[0m Got response with status 200: {"sessionId":"715f4330-d6cb-4b7c-bcbb-525481150e55","value":{"ELEMENT":"00000000-0000-0031-ffff-ffff00000025","element-6066-11e4-a52e-4f735466cecf":"00000000-0000-0031-ffff-ffff00000025"}}
[debug] &amp#27;[38;5;32m[AndroidUiautomator2Driver@57d8 (0cc448fc)]&amp#27;[0m Responding to client with driver.findElement() result: {"element-6066-11e4-a52e-4f735466cecf":"00000000-0000-0031-ffff-ffff00000025","ELEMENT":"00000000-0000-0031-ffff-ffff00000025"}
&amp#27;[38;5;0m[HTTP]&amp#27;[0m &amp#27;[37m<-- POST /session/0cc448fc-d9ee-4d68-9362-cf0f5e3d1047/element &amp#27;[39m&amp#27;[32m200&amp#27;[39m &amp#27;[90m81 ms - 137&amp#27;[39m
&amp#27;[38;5;0m[HTTP]&amp#27;[0m &amp#27;[90m&amp#27;[39m
&amp#27;[38;5;0m[HTTP]&amp#27;[0m &amp#27;[37m-->&amp#27;[39m &amp#27;[37mPOST&amp#27;[39m &amp#27;[37m/session/0cc448fc-d9ee-4d68-9362-cf0f5e3d1047/element/00000000-0000-0031-ffff-ffff00000025/click&amp#27;[39m
&amp#27;[38;5;0m[HTTP]&amp#27;[0m &amp#27;[90m{"id":"00000000-0000-0031-ffff-ffff00000025"}&amp#27;[39m
[debug] &amp#27;[38;5;32m[AndroidUiautomator2Driver@57d8 (0cc448fc)]&amp#27;[0m Calling AppiumDriver.click() with args: ["00000000-0000-0031-ffff-ffff00000025","0cc448fc-d9ee-4d68-9362-cf0f5e3d1047"]
[debug] &amp#27;[38;5;32m[AndroidUiautomator2Driver@57d8 (0cc448fc)]&amp#27;[0m Matched '/element/00000000-0000-0031-ffff-ffff00000025/click' to command name 'click'
[debug] &amp#27;[38;5;32m[AndroidUiautomator2Driver@57d8 (0cc448fc)]&amp#27;[0m Proxying [POST /element/00000000-0000-0031-ffff-ffff00000025/click] to [POST http://127.0.0.1:8200/session/715f4330-d6cb-4b7c-bcbb-525481150e55/element/00000000-0000-0031-ffff-ffff00000025/click] with body: {"element":"00000000-0000-0031-ffff-ffff00000025"}
[debug] &amp#27;[38;5;32m[AndroidUiautomator2Driver@57d8 (0cc448fc)]&amp#27;[0m Got response with status 200: {"sessionId":"715f4330-d6cb-4b7c-bcbb-525481150e55","value":null}
[debug] &amp#27;[38;5;32m[AndroidUiautomator2Driver@57d8 (0cc448fc)]&amp#27;[0m Responding to client with driver.click() result: null
&amp#27;[38;5;0m[HTTP]&amp#27;[0m &amp#27;[37m<-- POST /session/0cc448fc-d9ee-4d68-9362-cf0f5e3d1047/element/00000000-0000-0031-ffff-ffff00000025/click &amp#27;[39m&amp#27;[32m200&amp#27;[39m &amp#27;[90m56 ms - 14&amp#27;[39m
&amp#27;[38;5;0m[HTTP]&amp#27;[0m &amp#27;[90m&amp#27;[39m
&amp#27;[38;5;0m[HTTP]&amp#27;[0m &amp#27;[37m-->&amp#27;[39m &amp#27;[37mGET&amp#27;[39m &amp#27;[37m/session/0cc448fc-d9ee-4d68-9362-cf0f5e3d1047/context&amp#27;[39m
&amp#27;[38;5;0m[HTTP]&amp#27;[0m &amp#27;[90m{}&amp#27;[39m
[debug] &amp#27;[38;5;32m[AndroidUiautomator2Driver@57d8 (0cc448fc)]&amp#27;[0m Calling AppiumDriver.getCurrentContext() with args: ["0cc448fc-d9ee-4d68-9362-cf0f5e3d1047"]
[debug] &amp#27;[38;5;32m[AndroidUiautomator2Driver@57d8 (0cc448fc)]&amp#27;[0m Responding to client with driver.getCurrentContext() result: "NATIVE_APP"
&amp#27;[38;5;0m[HTTP]&amp#27;[0m &amp#27;[37m<-- GET /session/0cc448fc-d9ee-4d68-9362-cf0f5e3d1047/context &amp#27;[39m&amp#27;[32m200&amp#27;[39m &amp#27;[90m1 ms - 22&amp#27;[39m
&amp#27;[38;5;0m[HTTP]&amp#27;[0m &amp#27;[90m&amp#27;[39m
&amp#27;[38;5;0m[HTTP]&amp#27;[0m &amp#27;[37m-->&amp#27;[39m &amp#27;[37mPOST&amp#27;[39m &amp#27;[37m/session/0cc448fc-d9ee-4d68-9362-cf0f5e3d1047/element&amp#27;[39m
&amp#27;[38;5;0m[HTTP]&amp#27;[0m &amp#27;[90m{"using":"xpath","value":"//android.view.ViewGroup[@content-desc=\"menu item log in\"]"}&amp#27;[39m
[debug] &amp#27;[38;5;32m[AndroidUiautomator2Driver@57d8 (0cc448fc)]&amp#27;[0m Calling AppiumDriver.findElement() with args: ["xpath","//android.view.ViewGroup[@content-desc=\"menu item log in\"]","0cc448fc-d9ee-4d68-9362-cf0f5e3d1047"]
[debug] &amp#27;[38;5;32m[AndroidUiautomator2Driver@57d8 (0cc448fc)]&amp#27;[0m Valid locator strategies for this request: xpath, id, class name, accessibility id, css selector, -android uiautomator
[debug] &amp#27;[38;5;32m[AndroidUiautomator2Driver@57d8 (0cc448fc)]&amp#27;[0m Waiting up to 0 ms for condition
[debug] &amp#27;[38;5;32m[AndroidUiautomator2Driver@57d8 (0cc448fc)]&amp#27;[0m Matched '/element' to command name 'findElement'
[debug] &amp#27;[38;5;32m[AndroidUiautomator2Driver@57d8 (0cc448fc)]&amp#27;[0m Proxying [POST /element] to [POST http://127.0.0.1:8200/session/715f4330-d6cb-4b7c-bcbb-525481150e55/element] with body: {"strategy":"xpath","selector":"//android.view.ViewGroup[@content-desc=\"menu item log in\"]","context":"","multiple":false}
[debug] &amp#27;[38;5;32m[AndroidUiautomator2Driver@57d8 (0cc448fc)]&amp#27;[0m Got response with status 200: {"sessionId":"715f4330-d6cb-4b7c-bcbb-525481150e55","value":{"ELEMENT":"00000000-0000-0031-ffff-ffff000000a2","element-6066-11e4-a52e-4f735466cecf":"00000000-0000-0031-ffff-ffff000000a2"}}
[debug] &amp#27;[38;5;32m[AndroidUiautomator2Driver@57d8 (0cc448fc)]&amp#27;[0m Responding to client with driver.findElement() result: {"element-6066-11e4-a52e-4f735466cecf":"00000000-0000-0031-ffff-ffff000000a2","ELEMENT":"00000000-0000-0031-ffff-ffff000000a2"}
&amp#27;[38;5;0m[HTTP]&amp#27;[0m &amp#27;[37m<-- POST /session/0cc448fc-d9ee-4d68-9362-cf0f5e3d1047/element &amp#27;[39m&amp#27;[32m200&amp#27;[39m &amp#27;[90m103 ms - 137&amp#27;[39m
&amp#27;[38;5;0m[HTTP]&amp#27;[0m &amp#27;[90m&amp#27;[39m
&amp#27;[38;5;0m[HTTP]&amp#27;[0m &amp#27;[37m-->&amp#27;[39m &amp#27;[37mGET&amp#27;[39m &amp#27;[37m/session/0cc448fc-d9ee-4d68-9362-cf0f5e3d1047/element/00000000-0000-0031-ffff-ffff000000a2/displayed&amp#27;[39m
&amp#27;[38;5;0m[HTTP]&amp#27;[0m &amp#27;[90m{}&amp#27;[39m
[debug] &amp#27;[38;5;32m[AndroidUiautomator2Driver@57d8 (0cc448fc)]&amp#27;[0m Calling AppiumDriver.elementDisplayed() with args: ["00000000-0000-0031-ffff-ffff000000a2","0cc448fc-d9ee-4d68-9362-cf0f5e3d1047"]
[debug] &amp#27;[38;5;32m[AndroidUiautomator2Driver@57d8 (0cc448fc)]&amp#27;[0m Matched '/element/00000000-0000-0031-ffff-ffff000000a2/attribute/displayed' to command name 'getAttribute'
[debug] &amp#27;[38;5;32m[AndroidUiautomator2Driver@57d8 (0cc448fc)]&amp#27;[0m Proxying [GET /element/00000000-0000-0031-ffff-ffff000000a2/attribute/displayed] to [GET http://127.0.0.1:8200/session/715f4330-d6cb-4b7c-bcbb-525481150e55/element/00000000-0000-0031-ffff-ffff000000a2/attribute/displayed] with no body
[debug] &amp#27;[38;5;32m[AndroidUiautomator2Driver@57d8 (0cc448fc)]&amp#27;[0m Got response with status 200: {"sessionId":"715f4330-d6cb-4b7c-bcbb-525481150e55","value":"true"}
[debug] &amp#27;[38;5;32m[AndroidUiautomator2Driver@57d8 (0cc448fc)]&amp#27;[0m Responding to client with driver.elementDisplayed() result: true
&amp#27;[38;5;0m[HTTP]&amp#27;[0m &amp#27;[37m<-- GET /session/0cc448fc-d9ee-4d68-9362-cf0f5e3d1047/element/00000000-0000-0031-ffff-ffff000000a2/displayed &amp#27;[39m&amp#27;[32m200&amp#27;[39m &amp#27;[90m9 ms - 14&amp#27;[39m
&amp#27;[38;5;0m[HTTP]&amp#27;[0m &amp#27;[90m&amp#27;[39m
[INFO ] 2023-06-03 12:54:25.977 com.qa.BaseTest:279 - Press settings button
&amp#27;[38;5;0m[HTTP]&amp#27;[0m &amp#27;[37m-->&amp#27;[39m &amp#27;[37mGET&amp#27;[39m &amp#27;[37m/session/0cc448fc-d9ee-4d68-9362-cf0f5e3d1047/context&amp#27;[39m
&amp#27;[38;5;0m[HTTP]&amp#27;[0m &amp#27;[90m{}&amp#27;[39m
[debug] &amp#27;[38;5;32m[AndroidUiautomator2Driver@57d8 (0cc448fc)]&amp#27;[0m Calling AppiumDriver.getCurrentContext() with args: ["0cc448fc-d9ee-4d68-9362-cf0f5e3d1047"]
[debug] &amp#27;[38;5;32m[AndroidUiautomator2Driver@57d8 (0cc448fc)]&amp#27;[0m Responding to client with driver.getCurrentContext() result: "NATIVE_APP"
&amp#27;[38;5;0m[HTTP]&amp#27;[0m &amp#27;[37m<-- GET /session/0cc448fc-d9ee-4d68-9362-cf0f5e3d1047/context &amp#27;[39m&amp#27;[32m200&amp#27;[39m &amp#27;[90m1 ms - 22&amp#27;[39m
&amp#27;[38;5;0m[HTTP]&amp#27;[0m &amp#27;[90m&amp#27;[39m
&amp#27;[38;5;0m[HTTP]&amp#27;[0m &amp#27;[37m-->&amp#27;[39m &amp#27;[37mPOST&amp#27;[39m &amp#27;[37m/session/0cc448fc-d9ee-4d68-9362-cf0f5e3d1047/element&amp#27;[39m
&amp#27;[38;5;0m[HTTP]&amp#27;[0m &amp#27;[90m{"using":"xpath","value":"//android.view.ViewGroup[@content-desc=\"menu item log in\"]"}&amp#27;[39m
[debug] &amp#27;[38;5;32m[AndroidUiautomator2Driver@57d8 (0cc448fc)]&amp#27;[0m Calling AppiumDriver.findElement() with args: ["xpath","//android.view.ViewGroup[@content-desc=\"menu item log in\"]","0cc448fc-d9ee-4d68-9362-cf0f5e3d1047"]
[debug] &amp#27;[38;5;32m[AndroidUiautomator2Driver@57d8 (0cc448fc)]&amp#27;[0m Valid locator strategies for this request: xpath, id, class name, accessibility id, css selector, -android uiautomator
[debug] &amp#27;[38;5;32m[AndroidUiautomator2Driver@57d8 (0cc448fc)]&amp#27;[0m Waiting up to 0 ms for condition
[debug] &amp#27;[38;5;32m[AndroidUiautomator2Driver@57d8 (0cc448fc)]&amp#27;[0m Matched '/element' to command name 'findElement'
[debug] &amp#27;[38;5;32m[AndroidUiautomator2Driver@57d8 (0cc448fc)]&amp#27;[0m Proxying [POST /element] to [POST http://127.0.0.1:8200/session/715f4330-d6cb-4b7c-bcbb-525481150e55/element] with body: {"strategy":"xpath","selector":"//android.view.ViewGroup[@content-desc=\"menu item log in\"]","context":"","multiple":false}
[debug] &amp#27;[38;5;32m[AndroidUiautomator2Driver@57d8 (0cc448fc)]&amp#27;[0m Got response with status 200: {"sessionId":"715f4330-d6cb-4b7c-bcbb-525481150e55","value":{"ELEMENT":"00000000-0000-0031-ffff-ffff000000a2","element-6066-11e4-a52e-4f735466cecf":"00000000-0000-0031-ffff-ffff000000a2"}}
[debug] &amp#27;[38;5;32m[AndroidUiautomator2Driver@57d8 (0cc448fc)]&amp#27;[0m Responding to client with driver.findElement() result: {"element-6066-11e4-a52e-4f735466cecf":"00000000-0000-0031-ffff-ffff000000a2","ELEMENT":"00000000-0000-0031-ffff-ffff000000a2"}
&amp#27;[38;5;0m[HTTP]&amp#27;[0m &amp#27;[37m<-- POST /session/0cc448fc-d9ee-4d68-9362-cf0f5e3d1047/element &amp#27;[39m&amp#27;[32m200&amp#27;[39m &amp#27;[90m81 ms - 137&amp#27;[39m
&amp#27;[38;5;0m[HTTP]&amp#27;[0m &amp#27;[90m&amp#27;[39m
&amp#27;[38;5;0m[HTTP]&amp#27;[0m &amp#27;[37m-->&amp#27;[39m &amp#27;[37mPOST&amp#27;[39m &amp#27;[37m/session/0cc448fc-d9ee-4d68-9362-cf0f5e3d1047/element/00000000-0000-0031-ffff-ffff000000a2/click&amp#27;[39m
&amp#27;[38;5;0m[HTTP]&amp#27;[0m &amp#27;[90m{"id":"00000000-0000-0031-ffff-ffff000000a2"}&amp#27;[39m
[debug] &amp#27;[38;5;32m[AndroidUiautomator2Driver@57d8 (0cc448fc)]&amp#27;[0m Calling AppiumDriver.click() with args: ["00000000-0000-0031-ffff-ffff000000a2","0cc448fc-d9ee-4d68-9362-cf0f5e3d1047"]
[debug] &amp#27;[38;5;32m[AndroidUiautomator2Driver@57d8 (0cc448fc)]&amp#27;[0m Matched '/element/00000000-0000-0031-ffff-ffff000000a2/click' to command name 'click'
[debug] &amp#27;[38;5;32m[AndroidUiautomator2Driver@57d8 (0cc448fc)]&amp#27;[0m Proxying [POST /element/00000000-0000-0031-ffff-ffff000000a2/click] to [POST http://127.0.0.1:8200/session/715f4330-d6cb-4b7c-bcbb-525481150e55/element/00000000-0000-0031-ffff-ffff000000a2/click] with body: {"element":"00000000-0000-0031-ffff-ffff000000a2"}
[debug] &amp#27;[38;5;32m[AndroidUiautomator2Driver@57d8 (0cc448fc)]&amp#27;[0m Got response with status 200: {"sessionId":"715f4330-d6cb-4b7c-bcbb-525481150e55","value":null}
[debug] &amp#27;[38;5;32m[AndroidUiautomator2Driver@57d8 (0cc448fc)]&amp#27;[0m Responding to client with driver.click() result: null
&amp#27;[38;5;0m[HTTP]&amp#27;[0m &amp#27;[37m<-- POST /session/0cc448fc-d9ee-4d68-9362-cf0f5e3d1047/element/00000000-0000-0031-ffff-ffff000000a2/click &amp#27;[39m&amp#27;[32m200&amp#27;[39m &amp#27;[90m42 ms - 14&amp#27;[39m
&amp#27;[38;5;0m[HTTP]&amp#27;[0m &amp#27;[90m&amp#27;[39m
&amp#27;[38;5;0m[HTTP]&amp#27;[0m &amp#27;[37m-->&amp#27;[39m &amp#27;[37mGET&amp#27;[39m &amp#27;[37m/session/0cc448fc-d9ee-4d68-9362-cf0f5e3d1047/context&amp#27;[39m
&amp#27;[38;5;0m[HTTP]&amp#27;[0m &amp#27;[90m{}&amp#27;[39m
[debug] &amp#27;[38;5;32m[AndroidUiautomator2Driver@57d8 (0cc448fc)]&amp#27;[0m Calling AppiumDriver.getCurrentContext() with args: ["0cc448fc-d9ee-4d68-9362-cf0f5e3d1047"]
[debug] &amp#27;[38;5;32m[AndroidUiautomator2Driver@57d8 (0cc448fc)]&amp#27;[0m Responding to client with driver.getCurrentContext() result: "NATIVE_APP"
&amp#27;[38;5;0m[HTTP]&amp#27;[0m &amp#27;[37m<-- GET /session/0cc448fc-d9ee-4d68-9362-cf0f5e3d1047/context &amp#27;[39m&amp#27;[32m200&amp#27;[39m &amp#27;[90m2 ms - 22&amp#27;[39m
&amp#27;[38;5;0m[HTTP]&amp#27;[0m &amp#27;[90m&amp#27;[39m
&amp#27;[38;5;0m[HTTP]&amp#27;[0m &amp#27;[37m-->&amp#27;[39m &amp#27;[37mPOST&amp#27;[39m &amp#27;[37m/session/0cc448fc-d9ee-4d68-9362-cf0f5e3d1047/element&amp#27;[39m
&amp#27;[38;5;0m[HTTP]&amp#27;[0m &amp#27;[90m{"using":"accessibility id","value":"Username input field"}&amp#27;[39m
[debug] &amp#27;[38;5;32m[AndroidUiautomator2Driver@57d8 (0cc448fc)]&amp#27;[0m Calling AppiumDriver.findElement() with args: ["accessibility id","Username input field","0cc448fc-d9ee-4d68-9362-cf0f5e3d1047"]
[debug] &amp#27;[38;5;32m[AndroidUiautomator2Driver@57d8 (0cc448fc)]&amp#27;[0m Valid locator strategies for this request: xpath, id, class name, accessibility id, css selector, -android uiautomator
[debug] &amp#27;[38;5;32m[AndroidUiautomator2Driver@57d8 (0cc448fc)]&amp#27;[0m Waiting up to 0 ms for condition
[debug] &amp#27;[38;5;32m[AndroidUiautomator2Driver@57d8 (0cc448fc)]&amp#27;[0m Matched '/element' to command name 'findElement'
[debug] &amp#27;[38;5;32m[AndroidUiautomator2Driver@57d8 (0cc448fc)]&amp#27;[0m Proxying [POST /element] to [POST http://127.0.0.1:8200/session/715f4330-d6cb-4b7c-bcbb-525481150e55/element] with body: {"strategy":"accessibility id","selector":"Username input field","context":"","multiple":false}
&amp#27;[38;5;32m[AndroidUiautomator2Driver@57d8 (0cc448fc)]&amp#27;[0m Got response with status 404: {"sessionId":"715f4330-d6cb-4b7c-bcbb-525481150e55","value":{"error":"no such element","message":"An element could not be located on the page using the given search parameters","stacktrace":"io.appium.uiautomator2.common.exceptions.ElementNotFoundException: An element could not be located on the page using the given search parameters\n\tat io.appium.uiautomator2.handler.FindElement.safeHandle(FindElement.java:70)\n\tat io.appium.uiautomator2.handler.request.SafeRequestHandler.handle(SafeRequestHandler.java:59)\n\tat io.appium.uiautomator2.server.AppiumServlet.handleRequest(AppiumServlet.java:267)\n\tat io.appium.uiautomator2.server.AppiumServlet.handleHttpRequest(AppiumServlet.java:261)\n\tat io.appium.uiautomator2.http.ServerHandler.channelRead(ServerHandler.java:68)\n\tat io.netty.channel.AbstractChannelHandlerContext.invokeChannelRead(AbstractChannelHandlerContext.java:366)\n\tat io.netty.channel.AbstractChannelHandlerContext.invokeChannelRead(AbstractChannelHandlerContext.java:352)\n\tat io.netty.chann...
[debug] &amp#27;[38;5;128m[W3C]&amp#27;[0m Matched W3C error code 'no such element' to NoSuchElementError
[debug] &amp#27;[38;5;32m[AndroidUiautomator2Driver@57d8 (0cc448fc)]&amp#27;[0m Encountered internal error running command: NoSuchElementError: An element could not be located on the page using the given search parameters.
[debug] &amp#27;[38;5;32m[AndroidUiautomator2Driver@57d8 (0cc448fc)]&amp#27;[0m     at AndroidUiautomator2Driver.findElOrEls (/home/user/.appium/node_modules/appium-uiautomator2-driver/node_modules/appium-android-driver/lib/commands/find.js:75:11)
[debug] &amp#27;[38;5;32m[AndroidUiautomator2Driver@57d8 (0cc448fc)]&amp#27;[0m     at processTicksAndRejections (node:internal/process/task_queues:95:5)
[debug] &amp#27;[38;5;32m[AndroidUiautomator2Driver@57d8 (0cc448fc)]&amp#27;[0m     at AndroidUiautomator2Driver.findElOrElsWithProcessing (/usr/local/lib/nodejs/node-v18.13.0-linux-x64/lib/node_modules/appium/node_modules/@appium/base-driver/lib/basedriver/commands/find.ts:65:14)
[debug] &amp#27;[38;5;32m[AndroidUiautomator2Driver@57d8 (0cc448fc)]&amp#27;[0m     at AndroidUiautomator2Driver.findElement (/usr/local/lib/nodejs/node-v18.13.0-linux-x64/lib/node_modules/appium/node_modules/@appium/base-driver/lib/basedriver/commands/find.ts:12:12)
&amp#27;[38;5;0m[HTTP]&amp#27;[0m &amp#27;[37m<-- POST /session/0cc448fc-d9ee-4d68-9362-cf0f5e3d1047/element &amp#27;[39m&amp#27;[33m404&amp#27;[39m &amp#27;[90m85 ms - 878&amp#27;[39m
&amp#27;[38;5;0m[HTTP]&amp#27;[0m &amp#27;[90m&amp#27;[39m
&amp#27;[38;5;0m[HTTP]&amp#27;[0m &amp#27;[37m-->&amp#27;[39m &amp#27;[37mPOST&amp#27;[39m &amp#27;[37m/session/0cc448fc-d9ee-4d68-9362-cf0f5e3d1047/element&amp#27;[39m
&amp#27;[38;5;0m[HTTP]&amp#27;[0m &amp#27;[90m{"using":"accessibility id","value":"Username input field"}&amp#27;[39m
[debug] &amp#27;[38;5;32m[AndroidUiautomator2Driver@57d8 (0cc448fc)]&amp#27;[0m Calling AppiumDriver.findElement() with args: ["accessibility id","Username input field","0cc448fc-d9ee-4d68-9362-cf0f5e3d1047"]
[debug] &amp#27;[38;5;32m[AndroidUiautomator2Driver@57d8 (0cc448fc)]&amp#27;[0m Valid locator strategies for this request: xpath, id, class name, accessibility id, css selector, -android uiautomator
[debug] &amp#27;[38;5;32m[AndroidUiautomator2Driver@57d8 (0cc448fc)]&amp#27;[0m Waiting up to 0 ms for condition
[debug] &amp#27;[38;5;32m[AndroidUiautomator2Driver@57d8 (0cc448fc)]&amp#27;[0m Matched '/element' to command name 'findElement'
[debug] &amp#27;[38;5;32m[AndroidUiautomator2Driver@57d8 (0cc448fc)]&amp#27;[0m Proxying [POST /element] to [POST http://127.0.0.1:8200/session/715f4330-d6cb-4b7c-bcbb-525481150e55/element] with body: {"strategy":"accessibility id","selector":"Username input field","context":"","multiple":false}
[debug] &amp#27;[38;5;32m[AndroidUiautomator2Driver@57d8 (0cc448fc)]&amp#27;[0m Got response with status 200: {"sessionId":"715f4330-d6cb-4b7c-bcbb-525481150e55","value":{"ELEMENT":"00000000-0000-0031-ffff-ffff000000c0","element-6066-11e4-a52e-4f735466cecf":"00000000-0000-0031-ffff-ffff000000c0"}}
[debug] &amp#27;[38;5;32m[AndroidUiautomator2Driver@57d8 (0cc448fc)]&amp#27;[0m Responding to client with driver.findElement() result: {"element-6066-11e4-a52e-4f735466cecf":"00000000-0000-0031-ffff-ffff000000c0","ELEMENT":"00000000-0000-0031-ffff-ffff000000c0"}
&amp#27;[38;5;0m[HTTP]&amp#27;[0m &amp#27;[37m<-- POST /session/0cc448fc-d9ee-4d68-9362-cf0f5e3d1047/element &amp#27;[39m&amp#27;[32m200&amp#27;[39m &amp#27;[90m1033 ms - 137&amp#27;[39m
&amp#27;[38;5;0m[HTTP]&amp#27;[0m &amp#27;[90m&amp#27;[39m
&amp#27;[38;5;0m[HTTP]&amp#27;[0m &amp#27;[37m-->&amp#27;[39m &amp#27;[37mGET&amp#27;[39m &amp#27;[37m/session/0cc448fc-d9ee-4d68-9362-cf0f5e3d1047/element/00000000-0000-0031-ffff-ffff000000c0/displayed&amp#27;[39m
&amp#27;[38;5;0m[HTTP]&amp#27;[0m &amp#27;[90m{}&amp#27;[39m
[debug] &amp#27;[38;5;32m[AndroidUiautomator2Driver@57d8 (0cc448fc)]&amp#27;[0m Calling AppiumDriver.elementDisplayed() with args: ["00000000-0000-0031-ffff-ffff000000c0","0cc448fc-d9ee-4d68-9362-cf0f5e3d1047"]
[debug] &amp#27;[38;5;32m[AndroidUiautomator2Driver@57d8 (0cc448fc)]&amp#27;[0m Matched '/element/00000000-0000-0031-ffff-ffff000000c0/attribute/displayed' to command name 'getAttribute'
[debug] &amp#27;[38;5;32m[AndroidUiautomator2Driver@57d8 (0cc448fc)]&amp#27;[0m Proxying [GET /element/00000000-0000-0031-ffff-ffff000000c0/attribute/displayed] to [GET http://127.0.0.1:8200/session/715f4330-d6cb-4b7c-bcbb-525481150e55/element/00000000-0000-0031-ffff-ffff000000c0/attribute/displayed] with no body
[debug] &amp#27;[38;5;32m[AndroidUiautomator2Driver@57d8 (0cc448fc)]&amp#27;[0m Got response with status 200: {"sessionId":"715f4330-d6cb-4b7c-bcbb-525481150e55","value":"true"}
[debug] &amp#27;[38;5;32m[AndroidUiautomator2Driver@57d8 (0cc448fc)]&amp#27;[0m Responding to client with driver.elementDisplayed() result: true
&amp#27;[38;5;0m[HTTP]&amp#27;[0m &amp#27;[37m<-- GET /session/0cc448fc-d9ee-4d68-9362-cf0f5e3d1047/element/00000000-0000-0031-ffff-ffff000000c0/displayed &amp#27;[39m&amp#27;[32m200&amp#27;[39m &amp#27;[90m16 ms - 14&amp#27;[39m
&amp#27;[38;5;0m[HTTP]&amp#27;[0m &amp#27;[90m&amp#27;[39m
[INFO ] 2023-06-03 12:54:27.801 com.qa.BaseTest:297 - Clearing username field
&amp#27;[38;5;0m[HTTP]&amp#27;[0m &amp#27;[37m-->&amp#27;[39m &amp#27;[37mGET&amp#27;[39m &amp#27;[37m/session/0cc448fc-d9ee-4d68-9362-cf0f5e3d1047/context&amp#27;[39m
&amp#27;[38;5;0m[HTTP]&amp#27;[0m &amp#27;[90m{}&amp#27;[39m
[debug] &amp#27;[38;5;32m[AndroidUiautomator2Driver@57d8 (0cc448fc)]&amp#27;[0m Calling AppiumDriver.getCurrentContext() with args: ["0cc448fc-d9ee-4d68-9362-cf0f5e3d1047"]
[debug] &amp#27;[38;5;32m[AndroidUiautomator2Driver@57d8 (0cc448fc)]&amp#27;[0m Responding to client with driver.getCurrentContext() result: "NATIVE_APP"
&amp#27;[38;5;0m[HTTP]&amp#27;[0m &amp#27;[37m<-- GET /session/0cc448fc-d9ee-4d68-9362-cf0f5e3d1047/context &amp#27;[39m&amp#27;[32m200&amp#27;[39m &amp#27;[90m1 ms - 22&amp#27;[39m
&amp#27;[38;5;0m[HTTP]&amp#27;[0m &amp#27;[90m&amp#27;[39m
&amp#27;[38;5;0m[HTTP]&amp#27;[0m &amp#27;[37m-->&amp#27;[39m &amp#27;[37mPOST&amp#27;[39m &amp#27;[37m/session/0cc448fc-d9ee-4d68-9362-cf0f5e3d1047/element&amp#27;[39m
&amp#27;[38;5;0m[HTTP]&amp#27;[0m &amp#27;[90m{"using":"accessibility id","value":"Username input field"}&amp#27;[39m
[debug] &amp#27;[38;5;32m[AndroidUiautomator2Driver@57d8 (0cc448fc)]&amp#27;[0m Calling AppiumDriver.findElement() with args: ["accessibility id","Username input field","0cc448fc-d9ee-4d68-9362-cf0f5e3d1047"]
[debug] &amp#27;[38;5;32m[AndroidUiautomator2Driver@57d8 (0cc448fc)]&amp#27;[0m Valid locator strategies for this request: xpath, id, class name, accessibility id, css selector, -android uiautomator
[debug] &amp#27;[38;5;32m[AndroidUiautomator2Driver@57d8 (0cc448fc)]&amp#27;[0m Waiting up to 0 ms for condition
[debug] &amp#27;[38;5;32m[AndroidUiautomator2Driver@57d8 (0cc448fc)]&amp#27;[0m Matched '/element' to command name 'findElement'
[debug] &amp#27;[38;5;32m[AndroidUiautomator2Driver@57d8 (0cc448fc)]&amp#27;[0m Proxying [POST /element] to [POST http://127.0.0.1:8200/session/715f4330-d6cb-4b7c-bcbb-525481150e55/element] with body: {"strategy":"accessibility id","selector":"Username input field","context":"","multiple":false}
[debug] &amp#27;[38;5;32m[AndroidUiautomator2Driver@57d8 (0cc448fc)]&amp#27;[0m Got response with status 200: {"sessionId":"715f4330-d6cb-4b7c-bcbb-525481150e55","value":{"ELEMENT":"00000000-0000-0031-ffff-ffff000000c0","element-6066-11e4-a52e-4f735466cecf":"00000000-0000-0031-ffff-ffff000000c0"}}
[debug] &amp#27;[38;5;32m[AndroidUiautomator2Driver@57d8 (0cc448fc)]&amp#27;[0m Responding to client with driver.findElement() result: {"element-6066-11e4-a52e-4f735466cecf":"00000000-0000-0031-ffff-ffff000000c0","ELEMENT":"00000000-0000-0031-ffff-ffff000000c0"}
&amp#27;[38;5;0m[HTTP]&amp#27;[0m &amp#27;[37m<-- POST /session/0cc448fc-d9ee-4d68-9362-cf0f5e3d1047/element &amp#27;[39m&amp#27;[32m200&amp#27;[39m &amp#27;[90m14 ms - 137&amp#27;[39m
&amp#27;[38;5;0m[HTTP]&amp#27;[0m &amp#27;[90m&amp#27;[39m
&amp#27;[38;5;0m[HTTP]&amp#27;[0m &amp#27;[37m-->&amp#27;[39m &amp#27;[37mPOST&amp#27;[39m &amp#27;[37m/session/0cc448fc-d9ee-4d68-9362-cf0f5e3d1047/element/00000000-0000-0031-ffff-ffff000000c0/clear&amp#27;[39m
&amp#27;[38;5;0m[HTTP]&amp#27;[0m &amp#27;[90m{"id":"00000000-0000-0031-ffff-ffff000000c0"}&amp#27;[39m
[debug] &amp#27;[38;5;32m[AndroidUiautomator2Driver@57d8 (0cc448fc)]&amp#27;[0m Calling AppiumDriver.clear() with args: ["00000000-0000-0031-ffff-ffff000000c0","0cc448fc-d9ee-4d68-9362-cf0f5e3d1047"]
[debug] &amp#27;[38;5;32m[AndroidUiautomator2Driver@57d8 (0cc448fc)]&amp#27;[0m Matched '/element/00000000-0000-0031-ffff-ffff000000c0/clear' to command name 'clear'
[debug] &amp#27;[38;5;32m[AndroidUiautomator2Driver@57d8 (0cc448fc)]&amp#27;[0m Proxying [POST /element/00000000-0000-0031-ffff-ffff000000c0/clear] to [POST http://127.0.0.1:8200/session/715f4330-d6cb-4b7c-bcbb-525481150e55/element/00000000-0000-0031-ffff-ffff000000c0/clear] with body: {"elementId":"00000000-0000-0031-ffff-ffff000000c0"}
[debug] &amp#27;[38;5;32m[AndroidUiautomator2Driver@57d8 (0cc448fc)]&amp#27;[0m Got response with status 200: {"sessionId":"715f4330-d6cb-4b7c-bcbb-525481150e55","value":null}
[debug] &amp#27;[38;5;32m[AndroidUiautomator2Driver@57d8 (0cc448fc)]&amp#27;[0m Responding to client with driver.clear() result: null
&amp#27;[38;5;0m[HTTP]&amp#27;[0m &amp#27;[37m<-- POST /session/0cc448fc-d9ee-4d68-9362-cf0f5e3d1047/element/00000000-0000-0031-ffff-ffff000000c0/clear &amp#27;[39m&amp#27;[32m200&amp#27;[39m &amp#27;[90m11 ms - 14&amp#27;[39m
&amp#27;[38;5;0m[HTTP]&amp#27;[0m &amp#27;[90m&amp#27;[39m
&amp#27;[38;5;0m[HTTP]&amp#27;[0m &amp#27;[37m-->&amp#27;[39m &amp#27;[37mGET&amp#27;[39m &amp#27;[37m/session/0cc448fc-d9ee-4d68-9362-cf0f5e3d1047/context&amp#27;[39m
&amp#27;[38;5;0m[HTTP]&amp#27;[0m &amp#27;[90m{}&amp#27;[39m
[debug] &amp#27;[38;5;32m[AndroidUiautomator2Driver@57d8 (0cc448fc)]&amp#27;[0m Calling AppiumDriver.getCurrentContext() with args: ["0cc448fc-d9ee-4d68-9362-cf0f5e3d1047"]
[debug] &amp#27;[38;5;32m[AndroidUiautomator2Driver@57d8 (0cc448fc)]&amp#27;[0m Responding to client with driver.getCurrentContext() result: "NATIVE_APP"
&amp#27;[38;5;0m[HTTP]&amp#27;[0m &amp#27;[37m<-- GET /session/0cc448fc-d9ee-4d68-9362-cf0f5e3d1047/context &amp#27;[39m&amp#27;[32m200&amp#27;[39m &amp#27;[90m1 ms - 22&amp#27;[39m
&amp#27;[38;5;0m[HTTP]&amp#27;[0m &amp#27;[90m&amp#27;[39m
&amp#27;[38;5;0m[HTTP]&amp#27;[0m &amp#27;[37m-->&amp#27;[39m &amp#27;[37mPOST&amp#27;[39m &amp#27;[37m/session/0cc448fc-d9ee-4d68-9362-cf0f5e3d1047/element&amp#27;[39m
&amp#27;[38;5;0m[HTTP]&amp#27;[0m &amp#27;[90m{"using":"accessibility id","value":"Username input field"}&amp#27;[39m
[debug] &amp#27;[38;5;32m[AndroidUiautomator2Driver@57d8 (0cc448fc)]&amp#27;[0m Calling AppiumDriver.findElement() with args: ["accessibility id","Username input field","0cc448fc-d9ee-4d68-9362-cf0f5e3d1047"]
[debug] &amp#27;[38;5;32m[AndroidUiautomator2Driver@57d8 (0cc448fc)]&amp#27;[0m Valid locator strategies for this request: xpath, id, class name, accessibility id, css selector, -android uiautomator
[debug] &amp#27;[38;5;32m[AndroidUiautomator2Driver@57d8 (0cc448fc)]&amp#27;[0m Waiting up to 0 ms for condition
[debug] &amp#27;[38;5;32m[AndroidUiautomator2Driver@57d8 (0cc448fc)]&amp#27;[0m Matched '/element' to command name 'findElement'
[debug] &amp#27;[38;5;32m[AndroidUiautomator2Driver@57d8 (0cc448fc)]&amp#27;[0m Proxying [POST /element] to [POST http://127.0.0.1:8200/session/715f4330-d6cb-4b7c-bcbb-525481150e55/element] with body: {"strategy":"accessibility id","selector":"Username input field","context":"","multiple":false}
[debug] &amp#27;[38;5;32m[AndroidUiautomator2Driver@57d8 (0cc448fc)]&amp#27;[0m Got response with status 200: {"sessionId":"715f4330-d6cb-4b7c-bcbb-525481150e55","value":{"ELEMENT":"00000000-0000-0031-ffff-ffff000000c0","element-6066-11e4-a52e-4f735466cecf":"00000000-0000-0031-ffff-ffff000000c0"}}
[debug] &amp#27;[38;5;32m[AndroidUiautomator2Driver@57d8 (0cc448fc)]&amp#27;[0m Responding to client with driver.findElement() result: {"element-6066-11e4-a52e-4f735466cecf":"00000000-0000-0031-ffff-ffff000000c0","ELEMENT":"00000000-0000-0031-ffff-ffff000000c0"}
&amp#27;[38;5;0m[HTTP]&amp#27;[0m &amp#27;[37m<-- POST /session/0cc448fc-d9ee-4d68-9362-cf0f5e3d1047/element &amp#27;[39m&amp#27;[32m200&amp#27;[39m &amp#27;[90m505 ms - 137&amp#27;[39m
&amp#27;[38;5;0m[HTTP]&amp#27;[0m &amp#27;[90m&amp#27;[39m
&amp#27;[38;5;0m[HTTP]&amp#27;[0m &amp#27;[37m-->&amp#27;[39m &amp#27;[37mGET&amp#27;[39m &amp#27;[37m/session/0cc448fc-d9ee-4d68-9362-cf0f5e3d1047/element/00000000-0000-0031-ffff-ffff000000c0/displayed&amp#27;[39m
&amp#27;[38;5;0m[HTTP]&amp#27;[0m &amp#27;[90m{}&amp#27;[39m
[debug] &amp#27;[38;5;32m[AndroidUiautomator2Driver@57d8 (0cc448fc)]&amp#27;[0m Calling AppiumDriver.elementDisplayed() with args: ["00000000-0000-0031-ffff-ffff000000c0","0cc448fc-d9ee-4d68-9362-cf0f5e3d1047"]
[debug] &amp#27;[38;5;32m[AndroidUiautomator2Driver@57d8 (0cc448fc)]&amp#27;[0m Matched '/element/00000000-0000-0031-ffff-ffff000000c0/attribute/displayed' to command name 'getAttribute'
[debug] &amp#27;[38;5;32m[AndroidUiautomator2Driver@57d8 (0cc448fc)]&amp#27;[0m Proxying [GET /element/00000000-0000-0031-ffff-ffff000000c0/attribute/displayed] to [GET http://127.0.0.1:8200/session/715f4330-d6cb-4b7c-bcbb-525481150e55/element/00000000-0000-0031-ffff-ffff000000c0/attribute/displayed] with no body
[debug] &amp#27;[38;5;32m[AndroidUiautomator2Driver@57d8 (0cc448fc)]&amp#27;[0m Got response with status 200: {"sessionId":"715f4330-d6cb-4b7c-bcbb-525481150e55","value":"true"}
[debug] &amp#27;[38;5;32m[AndroidUiautomator2Driver@57d8 (0cc448fc)]&amp#27;[0m Responding to client with driver.elementDisplayed() result: true
&amp#27;[38;5;0m[HTTP]&amp#27;[0m &amp#27;[37m<-- GET /session/0cc448fc-d9ee-4d68-9362-cf0f5e3d1047/element/00000000-0000-0031-ffff-ffff000000c0/displayed &amp#27;[39m&amp#27;[32m200&amp#27;[39m &amp#27;[90m14 ms - 14&amp#27;[39m
&amp#27;[38;5;0m[HTTP]&amp#27;[0m &amp#27;[90m&amp#27;[39m
[INFO ] 2023-06-03 12:54:28.377 com.qa.BaseTest:291 - Login with username- invalidusername
&amp#27;[38;5;0m[HTTP]&amp#27;[0m &amp#27;[37m-->&amp#27;[39m &amp#27;[37mGET&amp#27;[39m &amp#27;[37m/session/0cc448fc-d9ee-4d68-9362-cf0f5e3d1047/context&amp#27;[39m
&amp#27;[38;5;0m[HTTP]&amp#27;[0m &amp#27;[90m{}&amp#27;[39m
[debug] &amp#27;[38;5;32m[AndroidUiautomator2Driver@57d8 (0cc448fc)]&amp#27;[0m Calling AppiumDriver.getCurrentContext() with args: ["0cc448fc-d9ee-4d68-9362-cf0f5e3d1047"]
[debug] &amp#27;[38;5;32m[AndroidUiautomator2Driver@57d8 (0cc448fc)]&amp#27;[0m Responding to client with driver.getCurrentContext() result: "NATIVE_APP"
&amp#27;[38;5;0m[HTTP]&amp#27;[0m &amp#27;[37m<-- GET /session/0cc448fc-d9ee-4d68-9362-cf0f5e3d1047/context &amp#27;[39m&amp#27;[32m200&amp#27;[39m &amp#27;[90m2 ms - 22&amp#27;[39m
&amp#27;[38;5;0m[HTTP]&amp#27;[0m &amp#27;[90m&amp#27;[39m
&amp#27;[38;5;0m[HTTP]&amp#27;[0m &amp#27;[37m-->&amp#27;[39m &amp#27;[37mPOST&amp#27;[39m &amp#27;[37m/session/0cc448fc-d9ee-4d68-9362-cf0f5e3d1047/element&amp#27;[39m
&amp#27;[38;5;0m[HTTP]&amp#27;[0m &amp#27;[90m{"using":"accessibility id","value":"Username input field"}&amp#27;[39m
[debug] &amp#27;[38;5;32m[AndroidUiautomator2Driver@57d8 (0cc448fc)]&amp#27;[0m Calling AppiumDriver.findElement() with args: ["accessibility id","Username input field","0cc448fc-d9ee-4d68-9362-cf0f5e3d1047"]
[debug] &amp#27;[38;5;32m[AndroidUiautomator2Driver@57d8 (0cc448fc)]&amp#27;[0m Valid locator strategies for this request: xpath, id, class name, accessibility id, css selector, -android uiautomator
[debug] &amp#27;[38;5;32m[AndroidUiautomator2Driver@57d8 (0cc448fc)]&amp#27;[0m Waiting up to 0 ms for condition
[debug] &amp#27;[38;5;32m[AndroidUiautomator2Driver@57d8 (0cc448fc)]&amp#27;[0m Matched '/element' to command name 'findElement'
[debug] &amp#27;[38;5;32m[AndroidUiautomator2Driver@57d8 (0cc448fc)]&amp#27;[0m Proxying [POST /element] to [POST http://127.0.0.1:8200/session/715f4330-d6cb-4b7c-bcbb-525481150e55/element] with body: {"strategy":"accessibility id","selector":"Username input field","context":"","multiple":false}
[debug] &amp#27;[38;5;32m[AndroidUiautomator2Driver@57d8 (0cc448fc)]&amp#27;[0m Got response with status 200: {"sessionId":"715f4330-d6cb-4b7c-bcbb-525481150e55","value":{"ELEMENT":"00000000-0000-0031-ffff-ffff000000c0","element-6066-11e4-a52e-4f735466cecf":"00000000-0000-0031-ffff-ffff000000c0"}}
[debug] &amp#27;[38;5;32m[AndroidUiautomator2Driver@57d8 (0cc448fc)]&amp#27;[0m Responding to client with driver.findElement() result: {"element-6066-11e4-a52e-4f735466cecf":"00000000-0000-0031-ffff-ffff000000c0","ELEMENT":"00000000-0000-0031-ffff-ffff000000c0"}
&amp#27;[38;5;0m[HTTP]&amp#27;[0m &amp#27;[37m<-- POST /session/0cc448fc-d9ee-4d68-9362-cf0f5e3d1047/element &amp#27;[39m&amp#27;[32m200&amp#27;[39m &amp#27;[90m17 ms - 137&amp#27;[39m
&amp#27;[38;5;0m[HTTP]&amp#27;[0m &amp#27;[90m&amp#27;[39m
&amp#27;[38;5;0m[HTTP]&amp#27;[0m &amp#27;[37m-->&amp#27;[39m &amp#27;[37mPOST&amp#27;[39m &amp#27;[37m/session/0cc448fc-d9ee-4d68-9362-cf0f5e3d1047/element/00000000-0000-0031-ffff-ffff000000c0/value&amp#27;[39m
&amp#27;[38;5;0m[HTTP]&amp#27;[0m &amp#27;[90m{"id":"00000000-0000-0031-ffff-ffff000000c0","text":"invalidusername","value":["i","n","v","a","l","i","d","u","s","e","r","n","a","m","e"]}&amp#27;[39m
[debug] &amp#27;[38;5;32m[AndroidUiautomator2Driver@57d8 (0cc448fc)]&amp#27;[0m Calling AppiumDriver.setValue() with args: [["i","n","v","a","l","i","d","u","s","e","r","n","a","m","e"],"00000000-0000-0031-ffff-ffff000000c0","0cc448fc-d9ee-4d68-9362-cf0f5e3d1047"]
[debug] &amp#27;[38;5;32m[AndroidUiautomator2Driver@57d8 (0cc448fc)]&amp#27;[0m Matched '/element/00000000-0000-0031-ffff-ffff000000c0/value' to command name 'setValue'
[debug] &amp#27;[38;5;32m[AndroidUiautomator2Driver@57d8 (0cc448fc)]&amp#27;[0m Added 'value' property ["i","n","v","a","l","i","d","u","s","e","r","n","a","m","e"] to 'setValue' request body
[debug] &amp#27;[38;5;32m[AndroidUiautomator2Driver@57d8 (0cc448fc)]&amp#27;[0m Proxying [POST /element/00000000-0000-0031-ffff-ffff000000c0/value] to [POST http://127.0.0.1:8200/session/715f4330-d6cb-4b7c-bcbb-525481150e55/element/00000000-0000-0031-ffff-ffff000000c0/value] with body: {"elementId":"00000000-0000-0031-ffff-ffff000000c0","text":"invalidusername","replace":false,"value":["i","n","v","a","l","i","d","u","s","e","r","n","a","m","e"]}
[debug] &amp#27;[38;5;32m[AndroidUiautomator2Driver@57d8 (0cc448fc)]&amp#27;[0m Got response with status 200: {"sessionId":"715f4330-d6cb-4b7c-bcbb-525481150e55","value":null}
[debug] &amp#27;[38;5;32m[AndroidUiautomator2Driver@57d8 (0cc448fc)]&amp#27;[0m Responding to client with driver.setValue() result: null
&amp#27;[38;5;0m[HTTP]&amp#27;[0m &amp#27;[37m<-- POST /session/0cc448fc-d9ee-4d68-9362-cf0f5e3d1047/element/00000000-0000-0031-ffff-ffff000000c0/value &amp#27;[39m&amp#27;[32m200&amp#27;[39m &amp#27;[90m22 ms - 14&amp#27;[39m
&amp#27;[38;5;0m[HTTP]&amp#27;[0m &amp#27;[90m&amp#27;[39m
&amp#27;[38;5;0m[HTTP]&amp#27;[0m &amp#27;[37m-->&amp#27;[39m &amp#27;[37mGET&amp#27;[39m &amp#27;[37m/session/0cc448fc-d9ee-4d68-9362-cf0f5e3d1047/context&amp#27;[39m
&amp#27;[38;5;0m[HTTP]&amp#27;[0m &amp#27;[90m{}&amp#27;[39m
[debug] &amp#27;[38;5;32m[AndroidUiautomator2Driver@57d8 (0cc448fc)]&amp#27;[0m Calling AppiumDriver.getCurrentContext() with args: ["0cc448fc-d9ee-4d68-9362-cf0f5e3d1047"]
[debug] &amp#27;[38;5;32m[AndroidUiautomator2Driver@57d8 (0cc448fc)]&amp#27;[0m Responding to client with driver.getCurrentContext() result: "NATIVE_APP"
&amp#27;[38;5;0m[HTTP]&amp#27;[0m &amp#27;[37m<-- GET /session/0cc448fc-d9ee-4d68-9362-cf0f5e3d1047/context &amp#27;[39m&amp#27;[32m200&amp#27;[39m &amp#27;[90m2 ms - 22&amp#27;[39m
&amp#27;[38;5;0m[HTTP]&amp#27;[0m &amp#27;[90m&amp#27;[39m
&amp#27;[38;5;0m[HTTP]&amp#27;[0m &amp#27;[37m-->&amp#27;[39m &amp#27;[37mPOST&amp#27;[39m &amp#27;[37m/session/0cc448fc-d9ee-4d68-9362-cf0f5e3d1047/element&amp#27;[39m
&amp#27;[38;5;0m[HTTP]&amp#27;[0m &amp#27;[90m{"using":"accessibility id","value":"Password input field"}&amp#27;[39m
[debug] &amp#27;[38;5;32m[AndroidUiautomator2Driver@57d8 (0cc448fc)]&amp#27;[0m Calling AppiumDriver.findElement() with args: ["accessibility id","Password input field","0cc448fc-d9ee-4d68-9362-cf0f5e3d1047"]
[debug] &amp#27;[38;5;32m[AndroidUiautomator2Driver@57d8 (0cc448fc)]&amp#27;[0m Valid locator strategies for this request: xpath, id, class name, accessibility id, css selector, -android uiautomator
[debug] &amp#27;[38;5;32m[AndroidUiautomator2Driver@57d8 (0cc448fc)]&amp#27;[0m Waiting up to 0 ms for condition
[debug] &amp#27;[38;5;32m[AndroidUiautomator2Driver@57d8 (0cc448fc)]&amp#27;[0m Matched '/element' to command name 'findElement'
[debug] &amp#27;[38;5;32m[AndroidUiautomator2Driver@57d8 (0cc448fc)]&amp#27;[0m Proxying [POST /element] to [POST http://127.0.0.1:8200/session/715f4330-d6cb-4b7c-bcbb-525481150e55/element] with body: {"strategy":"accessibility id","selector":"Password input field","context":"","multiple":false}
[debug] &amp#27;[38;5;32m[AndroidUiautomator2Driver@57d8 (0cc448fc)]&amp#27;[0m Got response with status 200: {"sessionId":"715f4330-d6cb-4b7c-bcbb-525481150e55","value":{"ELEMENT":"00000000-0000-0031-ffff-ffff000000c3","element-6066-11e4-a52e-4f735466cecf":"00000000-0000-0031-ffff-ffff000000c3"}}
[debug] &amp#27;[38;5;32m[AndroidUiautomator2Driver@57d8 (0cc448fc)]&amp#27;[0m Responding to client with driver.findElement() result: {"element-6066-11e4-a52e-4f735466cecf":"00000000-0000-0031-ffff-ffff000000c3","ELEMENT":"00000000-0000-0031-ffff-ffff000000c3"}
&amp#27;[38;5;0m[HTTP]&amp#27;[0m &amp#27;[37m<-- POST /session/0cc448fc-d9ee-4d68-9362-cf0f5e3d1047/element &amp#27;[39m&amp#27;[32m200&amp#27;[39m &amp#27;[90m723 ms - 137&amp#27;[39m
&amp#27;[38;5;0m[HTTP]&amp#27;[0m &amp#27;[90m&amp#27;[39m
&amp#27;[38;5;0m[HTTP]&amp#27;[0m &amp#27;[37m-->&amp#27;[39m &amp#27;[37mGET&amp#27;[39m &amp#27;[37m/session/0cc448fc-d9ee-4d68-9362-cf0f5e3d1047/element/00000000-0000-0031-ffff-ffff000000c3/displayed&amp#27;[39m
&amp#27;[38;5;0m[HTTP]&amp#27;[0m &amp#27;[90m{}&amp#27;[39m
[debug] &amp#27;[38;5;32m[AndroidUiautomator2Driver@57d8 (0cc448fc)]&amp#27;[0m Calling AppiumDriver.elementDisplayed() with args: ["00000000-0000-0031-ffff-ffff000000c3","0cc448fc-d9ee-4d68-9362-cf0f5e3d1047"]
[debug] &amp#27;[38;5;32m[AndroidUiautomator2Driver@57d8 (0cc448fc)]&amp#27;[0m Matched '/element/00000000-0000-0031-ffff-ffff000000c3/attribute/displayed' to command name 'getAttribute'
[debug] &amp#27;[38;5;32m[AndroidUiautomator2Driver@57d8 (0cc448fc)]&amp#27;[0m Proxying [GET /element/00000000-0000-0031-ffff-ffff000000c3/attribute/displayed] to [GET http://127.0.0.1:8200/session/715f4330-d6cb-4b7c-bcbb-525481150e55/element/00000000-0000-0031-ffff-ffff000000c3/attribute/displayed] with no body
[debug] &amp#27;[38;5;32m[AndroidUiautomator2Driver@57d8 (0cc448fc)]&amp#27;[0m Got response with status 200: {"sessionId":"715f4330-d6cb-4b7c-bcbb-525481150e55","value":"true"}
[debug] &amp#27;[38;5;32m[AndroidUiautomator2Driver@57d8 (0cc448fc)]&amp#27;[0m Responding to client with driver.elementDisplayed() result: true
&amp#27;[38;5;0m[HTTP]&amp#27;[0m &amp#27;[37m<-- GET /session/0cc448fc-d9ee-4d68-9362-cf0f5e3d1047/element/00000000-0000-0031-ffff-ffff000000c3/displayed &amp#27;[39m&amp#27;[32m200&amp#27;[39m &amp#27;[90m12 ms - 14&amp#27;[39m
&amp#27;[38;5;0m[HTTP]&amp#27;[0m &amp#27;[90m&amp#27;[39m
[INFO ] 2023-06-03 12:54:29.196 com.qa.BaseTest:297 - Clearing password field
&amp#27;[38;5;0m[HTTP]&amp#27;[0m &amp#27;[37m-->&amp#27;[39m &amp#27;[37mGET&amp#27;[39m &amp#27;[37m/session/0cc448fc-d9ee-4d68-9362-cf0f5e3d1047/context&amp#27;[39m
&amp#27;[38;5;0m[HTTP]&amp#27;[0m &amp#27;[90m{}&amp#27;[39m
[debug] &amp#27;[38;5;32m[AndroidUiautomator2Driver@57d8 (0cc448fc)]&amp#27;[0m Calling AppiumDriver.getCurrentContext() with args: ["0cc448fc-d9ee-4d68-9362-cf0f5e3d1047"]
[debug] &amp#27;[38;5;32m[AndroidUiautomator2Driver@57d8 (0cc448fc)]&amp#27;[0m Responding to client with driver.getCurrentContext() result: "NATIVE_APP"
&amp#27;[38;5;0m[HTTP]&amp#27;[0m &amp#27;[37m<-- GET /session/0cc448fc-d9ee-4d68-9362-cf0f5e3d1047/context &amp#27;[39m&amp#27;[32m200&amp#27;[39m &amp#27;[90m1 ms - 22&amp#27;[39m
&amp#27;[38;5;0m[HTTP]&amp#27;[0m &amp#27;[90m&amp#27;[39m
&amp#27;[38;5;0m[HTTP]&amp#27;[0m &amp#27;[37m-->&amp#27;[39m &amp#27;[37mPOST&amp#27;[39m &amp#27;[37m/session/0cc448fc-d9ee-4d68-9362-cf0f5e3d1047/element&amp#27;[39m
&amp#27;[38;5;0m[HTTP]&amp#27;[0m &amp#27;[90m{"using":"accessibility id","value":"Password input field"}&amp#27;[39m
[debug] &amp#27;[38;5;32m[AndroidUiautomator2Driver@57d8 (0cc448fc)]&amp#27;[0m Calling AppiumDriver.findElement() with args: ["accessibility id","Password input field","0cc448fc-d9ee-4d68-9362-cf0f5e3d1047"]
[debug] &amp#27;[38;5;32m[AndroidUiautomator2Driver@57d8 (0cc448fc)]&amp#27;[0m Valid locator strategies for this request: xpath, id, class name, accessibility id, css selector, -android uiautomator
[debug] &amp#27;[38;5;32m[AndroidUiautomator2Driver@57d8 (0cc448fc)]&amp#27;[0m Waiting up to 0 ms for condition
[debug] &amp#27;[38;5;32m[AndroidUiautomator2Driver@57d8 (0cc448fc)]&amp#27;[0m Matched '/element' to command name 'findElement'
[debug] &amp#27;[38;5;32m[AndroidUiautomator2Driver@57d8 (0cc448fc)]&amp#27;[0m Proxying [POST /element] to [POST http://127.0.0.1:8200/session/715f4330-d6cb-4b7c-bcbb-525481150e55/element] with body: {"strategy":"accessibility id","selector":"Password input field","context":"","multiple":false}
[debug] &amp#27;[38;5;32m[AndroidUiautomator2Driver@57d8 (0cc448fc)]&amp#27;[0m Got response with status 200: {"sessionId":"715f4330-d6cb-4b7c-bcbb-525481150e55","value":{"ELEMENT":"00000000-0000-0031-ffff-ffff000000c3","element-6066-11e4-a52e-4f735466cecf":"00000000-0000-0031-ffff-ffff000000c3"}}
[debug] &amp#27;[38;5;32m[AndroidUiautomator2Driver@57d8 (0cc448fc)]&amp#27;[0m Responding to client with driver.findElement() result: {"element-6066-11e4-a52e-4f735466cecf":"00000000-0000-0031-ffff-ffff000000c3","ELEMENT":"00000000-0000-0031-ffff-ffff000000c3"}
&amp#27;[38;5;0m[HTTP]&amp#27;[0m &amp#27;[37m<-- POST /session/0cc448fc-d9ee-4d68-9362-cf0f5e3d1047/element &amp#27;[39m&amp#27;[32m200&amp#27;[39m &amp#27;[90m16 ms - 137&amp#27;[39m
&amp#27;[38;5;0m[HTTP]&amp#27;[0m &amp#27;[90m&amp#27;[39m
&amp#27;[38;5;0m[HTTP]&amp#27;[0m &amp#27;[37m-->&amp#27;[39m &amp#27;[37mPOST&amp#27;[39m &amp#27;[37m/session/0cc448fc-d9ee-4d68-9362-cf0f5e3d1047/element/00000000-0000-0031-ffff-ffff000000c3/clear&amp#27;[39m
&amp#27;[38;5;0m[HTTP]&amp#27;[0m &amp#27;[90m{"id":"00000000-0000-0031-ffff-ffff000000c3"}&amp#27;[39m
[debug] &amp#27;[38;5;32m[AndroidUiautomator2Driver@57d8 (0cc448fc)]&amp#27;[0m Calling AppiumDriver.clear() with args: ["00000000-0000-0031-ffff-ffff000000c3","0cc448fc-d9ee-4d68-9362-cf0f5e3d1047"]
[debug] &amp#27;[38;5;32m[AndroidUiautomator2Driver@57d8 (0cc448fc)]&amp#27;[0m Matched '/element/00000000-0000-0031-ffff-ffff000000c3/clear' to command name 'clear'
[debug] &amp#27;[38;5;32m[AndroidUiautomator2Driver@57d8 (0cc448fc)]&amp#27;[0m Proxying [POST /element/00000000-0000-0031-ffff-ffff000000c3/clear] to [POST http://127.0.0.1:8200/session/715f4330-d6cb-4b7c-bcbb-525481150e55/element/00000000-0000-0031-ffff-ffff000000c3/clear] with body: {"elementId":"00000000-0000-0031-ffff-ffff000000c3"}
[debug] &amp#27;[38;5;32m[AndroidUiautomator2Driver@57d8 (0cc448fc)]&amp#27;[0m Got response with status 200: {"sessionId":"715f4330-d6cb-4b7c-bcbb-525481150e55","value":null}
[debug] &amp#27;[38;5;32m[AndroidUiautomator2Driver@57d8 (0cc448fc)]&amp#27;[0m Responding to client with driver.clear() result: null
&amp#27;[38;5;0m[HTTP]&amp#27;[0m &amp#27;[37m<-- POST /session/0cc448fc-d9ee-4d68-9362-cf0f5e3d1047/element/00000000-0000-0031-ffff-ffff000000c3/clear &amp#27;[39m&amp#27;[32m200&amp#27;[39m &amp#27;[90m15 ms - 14&amp#27;[39m
&amp#27;[38;5;0m[HTTP]&amp#27;[0m &amp#27;[90m&amp#27;[39m
&amp#27;[38;5;0m[HTTP]&amp#27;[0m &amp#27;[37m-->&amp#27;[39m &amp#27;[37mGET&amp#27;[39m &amp#27;[37m/session/0cc448fc-d9ee-4d68-9362-cf0f5e3d1047/context&amp#27;[39m
&amp#27;[38;5;0m[HTTP]&amp#27;[0m &amp#27;[90m{}&amp#27;[39m
[debug] &amp#27;[38;5;32m[AndroidUiautomator2Driver@57d8 (0cc448fc)]&amp#27;[0m Calling AppiumDriver.getCurrentContext() with args: ["0cc448fc-d9ee-4d68-9362-cf0f5e3d1047"]
[debug] &amp#27;[38;5;32m[AndroidUiautomator2Driver@57d8 (0cc448fc)]&amp#27;[0m Responding to client with driver.getCurrentContext() result: "NATIVE_APP"
&amp#27;[38;5;0m[HTTP]&amp#27;[0m &amp#27;[37m<-- GET /session/0cc448fc-d9ee-4d68-9362-cf0f5e3d1047/context &amp#27;[39m&amp#27;[32m200&amp#27;[39m &amp#27;[90m1 ms - 22&amp#27;[39m
&amp#27;[38;5;0m[HTTP]&amp#27;[0m &amp#27;[90m&amp#27;[39m
&amp#27;[38;5;0m[HTTP]&amp#27;[0m &amp#27;[37m-->&amp#27;[39m &amp#27;[37mPOST&amp#27;[39m &amp#27;[37m/session/0cc448fc-d9ee-4d68-9362-cf0f5e3d1047/element&amp#27;[39m
&amp#27;[38;5;0m[HTTP]&amp#27;[0m &amp#27;[90m{"using":"accessibility id","value":"Password input field"}&amp#27;[39m
[debug] &amp#27;[38;5;32m[AndroidUiautomator2Driver@57d8 (0cc448fc)]&amp#27;[0m Calling AppiumDriver.findElement() with args: ["accessibility id","Password input field","0cc448fc-d9ee-4d68-9362-cf0f5e3d1047"]
[debug] &amp#27;[38;5;32m[AndroidUiautomator2Driver@57d8 (0cc448fc)]&amp#27;[0m Valid locator strategies for this request: xpath, id, class name, accessibility id, css selector, -android uiautomator
[debug] &amp#27;[38;5;32m[AndroidUiautomator2Driver@57d8 (0cc448fc)]&amp#27;[0m Waiting up to 0 ms for condition
[debug] &amp#27;[38;5;32m[AndroidUiautomator2Driver@57d8 (0cc448fc)]&amp#27;[0m Matched '/element' to command name 'findElement'
[debug] &amp#27;[38;5;32m[AndroidUiautomator2Driver@57d8 (0cc448fc)]&amp#27;[0m Proxying [POST /element] to [POST http://127.0.0.1:8200/session/715f4330-d6cb-4b7c-bcbb-525481150e55/element] with body: {"strategy":"accessibility id","selector":"Password input field","context":"","multiple":false}
[debug] &amp#27;[38;5;32m[AndroidUiautomator2Driver@57d8 (0cc448fc)]&amp#27;[0m Got response with status 200: {"sessionId":"715f4330-d6cb-4b7c-bcbb-525481150e55","value":{"ELEMENT":"00000000-0000-0031-ffff-ffff000000c3","element-6066-11e4-a52e-4f735466cecf":"00000000-0000-0031-ffff-ffff000000c3"}}
[debug] &amp#27;[38;5;32m[AndroidUiautomator2Driver@57d8 (0cc448fc)]&amp#27;[0m Responding to client with driver.findElement() result: {"element-6066-11e4-a52e-4f735466cecf":"00000000-0000-0031-ffff-ffff000000c3","ELEMENT":"00000000-0000-0031-ffff-ffff000000c3"}
&amp#27;[38;5;0m[HTTP]&amp#27;[0m &amp#27;[37m<-- POST /session/0cc448fc-d9ee-4d68-9362-cf0f5e3d1047/element &amp#27;[39m&amp#27;[32m200&amp#27;[39m &amp#27;[90m494 ms - 137&amp#27;[39m
&amp#27;[38;5;0m[HTTP]&amp#27;[0m &amp#27;[90m&amp#27;[39m
&amp#27;[38;5;0m[HTTP]&amp#27;[0m &amp#27;[37m-->&amp#27;[39m &amp#27;[37mGET&amp#27;[39m &amp#27;[37m/session/0cc448fc-d9ee-4d68-9362-cf0f5e3d1047/element/00000000-0000-0031-ffff-ffff000000c3/displayed&amp#27;[39m
&amp#27;[38;5;0m[HTTP]&amp#27;[0m &amp#27;[90m{}&amp#27;[39m
[debug] &amp#27;[38;5;32m[AndroidUiautomator2Driver@57d8 (0cc448fc)]&amp#27;[0m Calling AppiumDriver.elementDisplayed() with args: ["00000000-0000-0031-ffff-ffff000000c3","0cc448fc-d9ee-4d68-9362-cf0f5e3d1047"]
[debug] &amp#27;[38;5;32m[AndroidUiautomator2Driver@57d8 (0cc448fc)]&amp#27;[0m Matched '/element/00000000-0000-0031-ffff-ffff000000c3/attribute/displayed' to command name 'getAttribute'
[debug] &amp#27;[38;5;32m[AndroidUiautomator2Driver@57d8 (0cc448fc)]&amp#27;[0m Proxying [GET /element/00000000-0000-0031-ffff-ffff000000c3/attribute/displayed] to [GET http://127.0.0.1:8200/session/715f4330-d6cb-4b7c-bcbb-525481150e55/element/00000000-0000-0031-ffff-ffff000000c3/attribute/displayed] with no body
[debug] &amp#27;[38;5;32m[AndroidUiautomator2Driver@57d8 (0cc448fc)]&amp#27;[0m Got response with status 200: {"sessionId":"715f4330-d6cb-4b7c-bcbb-525481150e55","value":"true"}
[debug] &amp#27;[38;5;32m[AndroidUiautomator2Driver@57d8 (0cc448fc)]&amp#27;[0m Responding to client with driver.elementDisplayed() result: true
&amp#27;[38;5;0m[HTTP]&amp#27;[0m &amp#27;[37m<-- GET /session/0cc448fc-d9ee-4d68-9362-cf0f5e3d1047/element/00000000-0000-0031-ffff-ffff000000c3/displayed &amp#27;[39m&amp#27;[32m200&amp#27;[39m &amp#27;[90m10 ms - 14&amp#27;[39m
&amp#27;[38;5;0m[HTTP]&amp#27;[0m &amp#27;[90m&amp#27;[39m
[INFO ] 2023-06-03 12:54:29.762 com.qa.BaseTest:291 - Login with password- secret_sauce
&amp#27;[38;5;0m[HTTP]&amp#27;[0m &amp#27;[37m-->&amp#27;[39m &amp#27;[37mGET&amp#27;[39m &amp#27;[37m/session/0cc448fc-d9ee-4d68-9362-cf0f5e3d1047/context&amp#27;[39m
&amp#27;[38;5;0m[HTTP]&amp#27;[0m &amp#27;[90m{}&amp#27;[39m
[debug] &amp#27;[38;5;32m[AndroidUiautomator2Driver@57d8 (0cc448fc)]&amp#27;[0m Calling AppiumDriver.getCurrentContext() with args: ["0cc448fc-d9ee-4d68-9362-cf0f5e3d1047"]
[debug] &amp#27;[38;5;32m[AndroidUiautomator2Driver@57d8 (0cc448fc)]&amp#27;[0m Responding to client with driver.getCurrentContext() result: "NATIVE_APP"
&amp#27;[38;5;0m[HTTP]&amp#27;[0m &amp#27;[37m<-- GET /session/0cc448fc-d9ee-4d68-9362-cf0f5e3d1047/context &amp#27;[39m&amp#27;[32m200&amp#27;[39m &amp#27;[90m1 ms - 22&amp#27;[39m
&amp#27;[38;5;0m[HTTP]&amp#27;[0m &amp#27;[90m&amp#27;[39m
&amp#27;[38;5;0m[HTTP]&amp#27;[0m &amp#27;[37m-->&amp#27;[39m &amp#27;[37mPOST&amp#27;[39m &amp#27;[37m/session/0cc448fc-d9ee-4d68-9362-cf0f5e3d1047/element&amp#27;[39m
&amp#27;[38;5;0m[HTTP]&amp#27;[0m &amp#27;[90m{"using":"accessibility id","value":"Password input field"}&amp#27;[39m
[debug] &amp#27;[38;5;32m[AndroidUiautomator2Driver@57d8 (0cc448fc)]&amp#27;[0m Calling AppiumDriver.findElement() with args: ["accessibility id","Password input field","0cc448fc-d9ee-4d68-9362-cf0f5e3d1047"]
[debug] &amp#27;[38;5;32m[AndroidUiautomator2Driver@57d8 (0cc448fc)]&amp#27;[0m Valid locator strategies for this request: xpath, id, class name, accessibility id, css selector, -android uiautomator
[debug] &amp#27;[38;5;32m[AndroidUiautomator2Driver@57d8 (0cc448fc)]&amp#27;[0m Waiting up to 0 ms for condition
[debug] &amp#27;[38;5;32m[AndroidUiautomator2Driver@57d8 (0cc448fc)]&amp#27;[0m Matched '/element' to command name 'findElement'
[debug] &amp#27;[38;5;32m[AndroidUiautomator2Driver@57d8 (0cc448fc)]&amp#27;[0m Proxying [POST /element] to [POST http://127.0.0.1:8200/session/715f4330-d6cb-4b7c-bcbb-525481150e55/element] with body: {"strategy":"accessibility id","selector":"Password input field","context":"","multiple":false}
[debug] &amp#27;[38;5;32m[AndroidUiautomator2Driver@57d8 (0cc448fc)]&amp#27;[0m Got response with status 200: {"sessionId":"715f4330-d6cb-4b7c-bcbb-525481150e55","value":{"ELEMENT":"00000000-0000-0031-ffff-ffff000000c3","element-6066-11e4-a52e-4f735466cecf":"00000000-0000-0031-ffff-ffff000000c3"}}
[debug] &amp#27;[38;5;32m[AndroidUiautomator2Driver@57d8 (0cc448fc)]&amp#27;[0m Responding to client with driver.findElement() result: {"element-6066-11e4-a52e-4f735466cecf":"00000000-0000-0031-ffff-ffff000000c3","ELEMENT":"00000000-0000-0031-ffff-ffff000000c3"}
&amp#27;[38;5;0m[HTTP]&amp#27;[0m &amp#27;[37m<-- POST /session/0cc448fc-d9ee-4d68-9362-cf0f5e3d1047/element &amp#27;[39m&amp#27;[32m200&amp#27;[39m &amp#27;[90m15 ms - 137&amp#27;[39m
&amp#27;[38;5;0m[HTTP]&amp#27;[0m &amp#27;[90m&amp#27;[39m
&amp#27;[38;5;0m[HTTP]&amp#27;[0m &amp#27;[37m-->&amp#27;[39m &amp#27;[37mPOST&amp#27;[39m &amp#27;[37m/session/0cc448fc-d9ee-4d68-9362-cf0f5e3d1047/element/00000000-0000-0031-ffff-ffff000000c3/value&amp#27;[39m
&amp#27;[38;5;0m[HTTP]&amp#27;[0m &amp#27;[90m{"id":"00000000-0000-0031-ffff-ffff000000c3","text":"secret_sauce","value":["s","e","c","r","e","t","_","s","a","u","c","e"]}&amp#27;[39m
[debug] &amp#27;[38;5;32m[AndroidUiautomator2Driver@57d8 (0cc448fc)]&amp#27;[0m Calling AppiumDriver.setValue() with args: [["s","e","c","r","e","t","_","s","a","u","c","e"],"00000000-0000-0031-ffff-ffff000000c3","0cc448fc-d9ee-4d68-9362-cf0f5e3d1047"]
[debug] &amp#27;[38;5;32m[AndroidUiautomator2Driver@57d8 (0cc448fc)]&amp#27;[0m Matched '/element/00000000-0000-0031-ffff-ffff000000c3/value' to command name 'setValue'
[debug] &amp#27;[38;5;32m[AndroidUiautomator2Driver@57d8 (0cc448fc)]&amp#27;[0m Added 'value' property ["s","e","c","r","e","t","_","s","a","u","c","e"] to 'setValue' request body
[debug] &amp#27;[38;5;32m[AndroidUiautomator2Driver@57d8 (0cc448fc)]&amp#27;[0m Proxying [POST /element/00000000-0000-0031-ffff-ffff000000c3/value] to [POST http://127.0.0.1:8200/session/715f4330-d6cb-4b7c-bcbb-525481150e55/element/00000000-0000-0031-ffff-ffff000000c3/value] with body: {"elementId":"00000000-0000-0031-ffff-ffff000000c3","text":"secret_sauce","replace":false,"value":["s","e","c","r","e","t","_","s","a","u","c","e"]}
[debug] &amp#27;[38;5;32m[AndroidUiautomator2Driver@57d8 (0cc448fc)]&amp#27;[0m Got response with status 200: {"sessionId":"715f4330-d6cb-4b7c-bcbb-525481150e55","value":null}
[debug] &amp#27;[38;5;32m[AndroidUiautomator2Driver@57d8 (0cc448fc)]&amp#27;[0m Responding to client with driver.setValue() result: null
&amp#27;[38;5;0m[HTTP]&amp#27;[0m &amp#27;[37m<-- POST /session/0cc448fc-d9ee-4d68-9362-cf0f5e3d1047/element/00000000-0000-0031-ffff-ffff000000c3/value &amp#27;[39m&amp#27;[32m200&amp#27;[39m &amp#27;[90m12 ms - 14&amp#27;[39m
&amp#27;[38;5;0m[HTTP]&amp#27;[0m &amp#27;[90m&amp#27;[39m
&amp#27;[38;5;0m[HTTP]&amp#27;[0m &amp#27;[37m-->&amp#27;[39m &amp#27;[37mGET&amp#27;[39m &amp#27;[37m/session/0cc448fc-d9ee-4d68-9362-cf0f5e3d1047/context&amp#27;[39m
&amp#27;[38;5;0m[HTTP]&amp#27;[0m &amp#27;[90m{}&amp#27;[39m
[debug] &amp#27;[38;5;32m[AndroidUiautomator2Driver@57d8 (0cc448fc)]&amp#27;[0m Calling AppiumDriver.getCurrentContext() with args: ["0cc448fc-d9ee-4d68-9362-cf0f5e3d1047"]
[debug] &amp#27;[38;5;32m[AndroidUiautomator2Driver@57d8 (0cc448fc)]&amp#27;[0m Responding to client with driver.getCurrentContext() result: "NATIVE_APP"
&amp#27;[38;5;0m[HTTP]&amp#27;[0m &amp#27;[37m<-- GET /session/0cc448fc-d9ee-4d68-9362-cf0f5e3d1047/context &amp#27;[39m&amp#27;[32m200&amp#27;[39m &amp#27;[90m1 ms - 22&amp#27;[39m
&amp#27;[38;5;0m[HTTP]&amp#27;[0m &amp#27;[90m&amp#27;[39m
&amp#27;[38;5;0m[HTTP]&amp#27;[0m &amp#27;[37m-->&amp#27;[39m &amp#27;[37mPOST&amp#27;[39m &amp#27;[37m/session/0cc448fc-d9ee-4d68-9362-cf0f5e3d1047/element&amp#27;[39m
&amp#27;[38;5;0m[HTTP]&amp#27;[0m &amp#27;[90m{"using":"accessibility id","value":"Login button"}&amp#27;[39m
[debug] &amp#27;[38;5;32m[AndroidUiautomator2Driver@57d8 (0cc448fc)]&amp#27;[0m Calling AppiumDriver.findElement() with args: ["accessibility id","Login button","0cc448fc-d9ee-4d68-9362-cf0f5e3d1047"]
[debug] &amp#27;[38;5;32m[AndroidUiautomator2Driver@57d8 (0cc448fc)]&amp#27;[0m Valid locator strategies for this request: xpath, id, class name, accessibility id, css selector, -android uiautomator
[debug] &amp#27;[38;5;32m[AndroidUiautomator2Driver@57d8 (0cc448fc)]&amp#27;[0m Waiting up to 0 ms for condition
[debug] &amp#27;[38;5;32m[AndroidUiautomator2Driver@57d8 (0cc448fc)]&amp#27;[0m Matched '/element' to command name 'findElement'
[debug] &amp#27;[38;5;32m[AndroidUiautomator2Driver@57d8 (0cc448fc)]&amp#27;[0m Proxying [POST /element] to [POST http://127.0.0.1:8200/session/715f4330-d6cb-4b7c-bcbb-525481150e55/element] with body: {"strategy":"accessibility id","selector":"Login button","context":"","multiple":false}
[debug] &amp#27;[38;5;32m[AndroidUiautomator2Driver@57d8 (0cc448fc)]&amp#27;[0m Got response with status 200: {"sessionId":"715f4330-d6cb-4b7c-bcbb-525481150e55","value":{"ELEMENT":"00000000-0000-0031-ffff-ffff000000c6","element-6066-11e4-a52e-4f735466cecf":"00000000-0000-0031-ffff-ffff000000c6"}}
[debug] &amp#27;[38;5;32m[AndroidUiautomator2Driver@57d8 (0cc448fc)]&amp#27;[0m Responding to client with driver.findElement() result: {"element-6066-11e4-a52e-4f735466cecf":"00000000-0000-0031-ffff-ffff000000c6","ELEMENT":"00000000-0000-0031-ffff-ffff000000c6"}
&amp#27;[38;5;0m[HTTP]&amp#27;[0m &amp#27;[37m<-- POST /session/0cc448fc-d9ee-4d68-9362-cf0f5e3d1047/element &amp#27;[39m&amp#27;[32m200&amp#27;[39m &amp#27;[90m605 ms - 137&amp#27;[39m
&amp#27;[38;5;0m[HTTP]&amp#27;[0m &amp#27;[90m&amp#27;[39m
&amp#27;[38;5;0m[HTTP]&amp#27;[0m &amp#27;[37m-->&amp#27;[39m &amp#27;[37mGET&amp#27;[39m &amp#27;[37m/session/0cc448fc-d9ee-4d68-9362-cf0f5e3d1047/element/00000000-0000-0031-ffff-ffff000000c6/displayed&amp#27;[39m
&amp#27;[38;5;0m[HTTP]&amp#27;[0m &amp#27;[90m{}&amp#27;[39m
[debug] &amp#27;[38;5;32m[AndroidUiautomator2Driver@57d8 (0cc448fc)]&amp#27;[0m Calling AppiumDriver.elementDisplayed() with args: ["00000000-0000-0031-ffff-ffff000000c6","0cc448fc-d9ee-4d68-9362-cf0f5e3d1047"]
[debug] &amp#27;[38;5;32m[AndroidUiautomator2Driver@57d8 (0cc448fc)]&amp#27;[0m Matched '/element/00000000-0000-0031-ffff-ffff000000c6/attribute/displayed' to command name 'getAttribute'
[debug] &amp#27;[38;5;32m[AndroidUiautomator2Driver@57d8 (0cc448fc)]&amp#27;[0m Proxying [GET /element/00000000-0000-0031-ffff-ffff000000c6/attribute/displayed] to [GET http://127.0.0.1:8200/session/715f4330-d6cb-4b7c-bcbb-525481150e55/element/00000000-0000-0031-ffff-ffff000000c6/attribute/displayed] with no body
[debug] &amp#27;[38;5;32m[AndroidUiautomator2Driver@57d8 (0cc448fc)]&amp#27;[0m Got response with status 200: {"sessionId":"715f4330-d6cb-4b7c-bcbb-525481150e55","value":"true"}
[debug] &amp#27;[38;5;32m[AndroidUiautomator2Driver@57d8 (0cc448fc)]&amp#27;[0m Responding to client with driver.elementDisplayed() result: true
&amp#27;[38;5;0m[HTTP]&amp#27;[0m &amp#27;[37m<-- GET /session/0cc448fc-d9ee-4d68-9362-cf0f5e3d1047/element/00000000-0000-0031-ffff-ffff000000c6/displayed &amp#27;[39m&amp#27;[32m200&amp#27;[39m &amp#27;[90m13 ms - 14&amp#27;[39m
&amp#27;[38;5;0m[HTTP]&amp#27;[0m &amp#27;[90m&amp#27;[39m
[INFO ] 2023-06-03 12:54:30.435 com.qa.BaseTest:279 - Press login button
&amp#27;[38;5;0m[HTTP]&amp#27;[0m &amp#27;[37m-->&amp#27;[39m &amp#27;[37mGET&amp#27;[39m &amp#27;[37m/session/0cc448fc-d9ee-4d68-9362-cf0f5e3d1047/context&amp#27;[39m
&amp#27;[38;5;0m[HTTP]&amp#27;[0m &amp#27;[90m{}&amp#27;[39m
[debug] &amp#27;[38;5;32m[AndroidUiautomator2Driver@57d8 (0cc448fc)]&amp#27;[0m Calling AppiumDriver.getCurrentContext() with args: ["0cc448fc-d9ee-4d68-9362-cf0f5e3d1047"]
[debug] &amp#27;[38;5;32m[AndroidUiautomator2Driver@57d8 (0cc448fc)]&amp#27;[0m Responding to client with driver.getCurrentContext() result: "NATIVE_APP"
&amp#27;[38;5;0m[HTTP]&amp#27;[0m &amp#27;[37m<-- GET /session/0cc448fc-d9ee-4d68-9362-cf0f5e3d1047/context &amp#27;[39m&amp#27;[32m200&amp#27;[39m &amp#27;[90m2 ms - 22&amp#27;[39m
&amp#27;[38;5;0m[HTTP]&amp#27;[0m &amp#27;[90m&amp#27;[39m
&amp#27;[38;5;0m[HTTP]&amp#27;[0m &amp#27;[37m-->&amp#27;[39m &amp#27;[37mPOST&amp#27;[39m &amp#27;[37m/session/0cc448fc-d9ee-4d68-9362-cf0f5e3d1047/element&amp#27;[39m
&amp#27;[38;5;0m[HTTP]&amp#27;[0m &amp#27;[90m{"using":"accessibility id","value":"Login button"}&amp#27;[39m
[debug] &amp#27;[38;5;32m[AndroidUiautomator2Driver@57d8 (0cc448fc)]&amp#27;[0m Calling AppiumDriver.findElement() with args: ["accessibility id","Login button","0cc448fc-d9ee-4d68-9362-cf0f5e3d1047"]
[debug] &amp#27;[38;5;32m[AndroidUiautomator2Driver@57d8 (0cc448fc)]&amp#27;[0m Valid locator strategies for this request: xpath, id, class name, accessibility id, css selector, -android uiautomator
[debug] &amp#27;[38;5;32m[AndroidUiautomator2Driver@57d8 (0cc448fc)]&amp#27;[0m Waiting up to 0 ms for condition
[debug] &amp#27;[38;5;32m[AndroidUiautomator2Driver@57d8 (0cc448fc)]&amp#27;[0m Matched '/element' to command name 'findElement'
[debug] &amp#27;[38;5;32m[AndroidUiautomator2Driver@57d8 (0cc448fc)]&amp#27;[0m Proxying [POST /element] to [POST http://127.0.0.1:8200/session/715f4330-d6cb-4b7c-bcbb-525481150e55/element] with body: {"strategy":"accessibility id","selector":"Login button","context":"","multiple":false}
[debug] &amp#27;[38;5;32m[AndroidUiautomator2Driver@57d8 (0cc448fc)]&amp#27;[0m Got response with status 200: {"sessionId":"715f4330-d6cb-4b7c-bcbb-525481150e55","value":{"ELEMENT":"00000000-0000-0031-ffff-ffff000000c6","element-6066-11e4-a52e-4f735466cecf":"00000000-0000-0031-ffff-ffff000000c6"}}
[debug] &amp#27;[38;5;32m[AndroidUiautomator2Driver@57d8 (0cc448fc)]&amp#27;[0m Responding to client with driver.findElement() result: {"element-6066-11e4-a52e-4f735466cecf":"00000000-0000-0031-ffff-ffff000000c6","ELEMENT":"00000000-0000-0031-ffff-ffff000000c6"}
&amp#27;[38;5;0m[HTTP]&amp#27;[0m &amp#27;[37m<-- POST /session/0cc448fc-d9ee-4d68-9362-cf0f5e3d1047/element &amp#27;[39m&amp#27;[32m200&amp#27;[39m &amp#27;[90m26 ms - 137&amp#27;[39m
&amp#27;[38;5;0m[HTTP]&amp#27;[0m &amp#27;[90m&amp#27;[39m
&amp#27;[38;5;0m[HTTP]&amp#27;[0m &amp#27;[37m-->&amp#27;[39m &amp#27;[37mPOST&amp#27;[39m &amp#27;[37m/session/0cc448fc-d9ee-4d68-9362-cf0f5e3d1047/element/00000000-0000-0031-ffff-ffff000000c6/click&amp#27;[39m
&amp#27;[38;5;0m[HTTP]&amp#27;[0m &amp#27;[90m{"id":"00000000-0000-0031-ffff-ffff000000c6"}&amp#27;[39m
[debug] &amp#27;[38;5;32m[AndroidUiautomator2Driver@57d8 (0cc448fc)]&amp#27;[0m Calling AppiumDriver.click() with args: ["00000000-0000-0031-ffff-ffff000000c6","0cc448fc-d9ee-4d68-9362-cf0f5e3d1047"]
[debug] &amp#27;[38;5;32m[AndroidUiautomator2Driver@57d8 (0cc448fc)]&amp#27;[0m Matched '/element/00000000-0000-0031-ffff-ffff000000c6/click' to command name 'click'
[debug] &amp#27;[38;5;32m[AndroidUiautomator2Driver@57d8 (0cc448fc)]&amp#27;[0m Proxying [POST /element/00000000-0000-0031-ffff-ffff000000c6/click] to [POST http://127.0.0.1:8200/session/715f4330-d6cb-4b7c-bcbb-525481150e55/element/00000000-0000-0031-ffff-ffff000000c6/click] with body: {"element":"00000000-0000-0031-ffff-ffff000000c6"}
[debug] &amp#27;[38;5;32m[AndroidUiautomator2Driver@57d8 (0cc448fc)]&amp#27;[0m Got response with status 200: {"sessionId":"715f4330-d6cb-4b7c-bcbb-525481150e55","value":null}
[debug] &amp#27;[38;5;32m[AndroidUiautomator2Driver@57d8 (0cc448fc)]&amp#27;[0m Responding to client with driver.click() result: null
&amp#27;[38;5;0m[HTTP]&amp#27;[0m &amp#27;[37m<-- POST /session/0cc448fc-d9ee-4d68-9362-cf0f5e3d1047/element/00000000-0000-0031-ffff-ffff000000c6/click &amp#27;[39m&amp#27;[32m200&amp#27;[39m &amp#27;[90m57 ms - 14&amp#27;[39m
&amp#27;[38;5;0m[HTTP]&amp#27;[0m &amp#27;[90m&amp#27;[39m
&amp#27;[38;5;0m[HTTP]&amp#27;[0m &amp#27;[37m-->&amp#27;[39m &amp#27;[37mGET&amp#27;[39m &amp#27;[37m/session/0cc448fc-d9ee-4d68-9362-cf0f5e3d1047/context&amp#27;[39m
&amp#27;[38;5;0m[HTTP]&amp#27;[0m &amp#27;[90m{}&amp#27;[39m
[debug] &amp#27;[38;5;32m[AndroidUiautomator2Driver@57d8 (0cc448fc)]&amp#27;[0m Calling AppiumDriver.getCurrentContext() with args: ["0cc448fc-d9ee-4d68-9362-cf0f5e3d1047"]
[debug] &amp#27;[38;5;32m[AndroidUiautomator2Driver@57d8 (0cc448fc)]&amp#27;[0m Responding to client with driver.getCurrentContext() result: "NATIVE_APP"
&amp#27;[38;5;0m[HTTP]&amp#27;[0m &amp#27;[37m<-- GET /session/0cc448fc-d9ee-4d68-9362-cf0f5e3d1047/context &amp#27;[39m&amp#27;[32m200&amp#27;[39m &amp#27;[90m2 ms - 22&amp#27;[39m
&amp#27;[38;5;0m[HTTP]&amp#27;[0m &amp#27;[90m&amp#27;[39m
&amp#27;[38;5;0m[HTTP]&amp#27;[0m &amp#27;[37m-->&amp#27;[39m &amp#27;[37mPOST&amp#27;[39m &amp#27;[37m/session/0cc448fc-d9ee-4d68-9362-cf0f5e3d1047/element&amp#27;[39m
&amp#27;[38;5;0m[HTTP]&amp#27;[0m &amp#27;[90m{"using":"xpath","value":"//android.view.ViewGroup[@content-desc=\"generic-error-message\"]/android.widget.TextView"}&amp#27;[39m
[debug] &amp#27;[38;5;32m[AndroidUiautomator2Driver@57d8 (0cc448fc)]&amp#27;[0m Calling AppiumDriver.findElement() with args: ["xpath","//android.view.ViewGroup[@content-desc=\"generic-error-message\"]/android.widget.TextView","0cc448fc-d9ee-4d68-9362-cf0f5e3d1047"]
[debug] &amp#27;[38;5;32m[AndroidUiautomator2Driver@57d8 (0cc448fc)]&amp#27;[0m Valid locator strategies for this request: xpath, id, class name, accessibility id, css selector, -android uiautomator
[debug] &amp#27;[38;5;32m[AndroidUiautomator2Driver@57d8 (0cc448fc)]&amp#27;[0m Waiting up to 0 ms for condition
[debug] &amp#27;[38;5;32m[AndroidUiautomator2Driver@57d8 (0cc448fc)]&amp#27;[0m Matched '/element' to command name 'findElement'
[debug] &amp#27;[38;5;32m[AndroidUiautomator2Driver@57d8 (0cc448fc)]&amp#27;[0m Proxying [POST /element] to [POST http://127.0.0.1:8200/session/715f4330-d6cb-4b7c-bcbb-525481150e55/element] with body: {"strategy":"xpath","selector":"//android.view.ViewGroup[@content-desc=\"generic-error-message\"]/android.widget.TextView","context":"","multiple":false}
[debug] &amp#27;[38;5;32m[AndroidUiautomator2Driver@57d8 (0cc448fc)]&amp#27;[0m Got response with status 200: {"sessionId":"715f4330-d6cb-4b7c-bcbb-525481150e55","value":{"ELEMENT":"00000000-0000-0031-ffff-ffff000000e0","element-6066-11e4-a52e-4f735466cecf":"00000000-0000-0031-ffff-ffff000000e0"}}
[debug] &amp#27;[38;5;32m[AndroidUiautomator2Driver@57d8 (0cc448fc)]&amp#27;[0m Responding to client with driver.findElement() result: {"element-6066-11e4-a52e-4f735466cecf":"00000000-0000-0031-ffff-ffff000000e0","ELEMENT":"00000000-0000-0031-ffff-ffff000000e0"}
&amp#27;[38;5;0m[HTTP]&amp#27;[0m &amp#27;[37m<-- POST /session/0cc448fc-d9ee-4d68-9362-cf0f5e3d1047/element &amp#27;[39m&amp#27;[32m200&amp#27;[39m &amp#27;[90m642 ms - 137&amp#27;[39m
&amp#27;[38;5;0m[HTTP]&amp#27;[0m &amp#27;[90m&amp#27;[39m
&amp#27;[38;5;0m[HTTP]&amp#27;[0m &amp#27;[37m-->&amp#27;[39m &amp#27;[37mGET&amp#27;[39m &amp#27;[37m/session/0cc448fc-d9ee-4d68-9362-cf0f5e3d1047/element/00000000-0000-0031-ffff-ffff000000e0/displayed&amp#27;[39m
&amp#27;[38;5;0m[HTTP]&amp#27;[0m &amp#27;[90m{}&amp#27;[39m
[debug] &amp#27;[38;5;32m[AndroidUiautomator2Driver@57d8 (0cc448fc)]&amp#27;[0m Calling AppiumDriver.elementDisplayed() with args: ["00000000-0000-0031-ffff-ffff000000e0","0cc448fc-d9ee-4d68-9362-cf0f5e3d1047"]
[debug] &amp#27;[38;5;32m[AndroidUiautomator2Driver@57d8 (0cc448fc)]&amp#27;[0m Matched '/element/00000000-0000-0031-ffff-ffff000000e0/attribute/displayed' to command name 'getAttribute'
[debug] &amp#27;[38;5;32m[AndroidUiautomator2Driver@57d8 (0cc448fc)]&amp#27;[0m Proxying [GET /element/00000000-0000-0031-ffff-ffff000000e0/attribute/displayed] to [GET http://127.0.0.1:8200/session/715f4330-d6cb-4b7c-bcbb-525481150e55/element/00000000-0000-0031-ffff-ffff000000e0/attribute/displayed] with no body
[debug] &amp#27;[38;5;32m[AndroidUiautomator2Driver@57d8 (0cc448fc)]&amp#27;[0m Got response with status 200: {"sessionId":"715f4330-d6cb-4b7c-bcbb-525481150e55","value":"true"}
[debug] &amp#27;[38;5;32m[AndroidUiautomator2Driver@57d8 (0cc448fc)]&amp#27;[0m Responding to client with driver.elementDisplayed() result: true
&amp#27;[38;5;0m[HTTP]&amp#27;[0m &amp#27;[37m<-- GET /session/0cc448fc-d9ee-4d68-9362-cf0f5e3d1047/element/00000000-0000-0031-ffff-ffff000000e0/displayed &amp#27;[39m&amp#27;[32m200&amp#27;[39m &amp#27;[90m9 ms - 14&amp#27;[39m
&amp#27;[38;5;0m[HTTP]&amp#27;[0m &amp#27;[90m&amp#27;[39m
&amp#27;[38;5;0m[HTTP]&amp#27;[0m &amp#27;[37m-->&amp#27;[39m &amp#27;[37mGET&amp#27;[39m &amp#27;[37m/session/0cc448fc-d9ee-4d68-9362-cf0f5e3d1047/context&amp#27;[39m
&amp#27;[38;5;0m[HTTP]&amp#27;[0m &amp#27;[90m{}&amp#27;[39m
[debug] &amp#27;[38;5;32m[AndroidUiautomator2Driver@57d8 (0cc448fc)]&amp#27;[0m Calling AppiumDriver.getCurrentContext() with args: ["0cc448fc-d9ee-4d68-9362-cf0f5e3d1047"]
[debug] &amp#27;[38;5;32m[AndroidUiautomator2Driver@57d8 (0cc448fc)]&amp#27;[0m Responding to client with driver.getCurrentContext() result: "NATIVE_APP"
&amp#27;[38;5;0m[HTTP]&amp#27;[0m &amp#27;[37m<-- GET /session/0cc448fc-d9ee-4d68-9362-cf0f5e3d1047/context &amp#27;[39m&amp#27;[32m200&amp#27;[39m &amp#27;[90m1 ms - 22&amp#27;[39m
&amp#27;[38;5;0m[HTTP]&amp#27;[0m &amp#27;[90m&amp#27;[39m
&amp#27;[38;5;0m[HTTP]&amp#27;[0m &amp#27;[37m-->&amp#27;[39m &amp#27;[37mPOST&amp#27;[39m &amp#27;[37m/session/0cc448fc-d9ee-4d68-9362-cf0f5e3d1047/element&amp#27;[39m
&amp#27;[38;5;0m[HTTP]&amp#27;[0m &amp#27;[90m{"using":"xpath","value":"//android.view.ViewGroup[@content-desc=\"generic-error-message\"]/android.widget.TextView"}&amp#27;[39m
[debug] &amp#27;[38;5;32m[AndroidUiautomator2Driver@57d8 (0cc448fc)]&amp#27;[0m Calling AppiumDriver.findElement() with args: ["xpath","//android.view.ViewGroup[@content-desc=\"generic-error-message\"]/android.widget.TextView","0cc448fc-d9ee-4d68-9362-cf0f5e3d1047"]
[debug] &amp#27;[38;5;32m[AndroidUiautomator2Driver@57d8 (0cc448fc)]&amp#27;[0m Valid locator strategies for this request: xpath, id, class name, accessibility id, css selector, -android uiautomator
[debug] &amp#27;[38;5;32m[AndroidUiautomator2Driver@57d8 (0cc448fc)]&amp#27;[0m Waiting up to 0 ms for condition
[debug] &amp#27;[38;5;32m[AndroidUiautomator2Driver@57d8 (0cc448fc)]&amp#27;[0m Matched '/element' to command name 'findElement'
[debug] &amp#27;[38;5;32m[AndroidUiautomator2Driver@57d8 (0cc448fc)]&amp#27;[0m Proxying [POST /element] to [POST http://127.0.0.1:8200/session/715f4330-d6cb-4b7c-bcbb-525481150e55/element] with body: {"strategy":"xpath","selector":"//android.view.ViewGroup[@content-desc=\"generic-error-message\"]/android.widget.TextView","context":"","multiple":false}
[debug] &amp#27;[38;5;32m[AndroidUiautomator2Driver@57d8 (0cc448fc)]&amp#27;[0m Got response with status 200: {"sessionId":"715f4330-d6cb-4b7c-bcbb-525481150e55","value":{"ELEMENT":"00000000-0000-0031-ffff-ffff000000e0","element-6066-11e4-a52e-4f735466cecf":"00000000-0000-0031-ffff-ffff000000e0"}}
[debug] &amp#27;[38;5;32m[AndroidUiautomator2Driver@57d8 (0cc448fc)]&amp#27;[0m Responding to client with driver.findElement() result: {"element-6066-11e4-a52e-4f735466cecf":"00000000-0000-0031-ffff-ffff000000e0","ELEMENT":"00000000-0000-0031-ffff-ffff000000e0"}
&amp#27;[38;5;0m[HTTP]&amp#27;[0m &amp#27;[37m<-- POST /session/0cc448fc-d9ee-4d68-9362-cf0f5e3d1047/element &amp#27;[39m&amp#27;[32m200&amp#27;[39m &amp#27;[90m49 ms - 137&amp#27;[39m
&amp#27;[38;5;0m[HTTP]&amp#27;[0m &amp#27;[90m&amp#27;[39m
&amp#27;[38;5;0m[HTTP]&amp#27;[0m &amp#27;[37m-->&amp#27;[39m &amp#27;[37mGET&amp#27;[39m &amp#27;[37m/session/0cc448fc-d9ee-4d68-9362-cf0f5e3d1047/element/00000000-0000-0031-ffff-ffff000000e0/attribute/text&amp#27;[39m
&amp#27;[38;5;0m[HTTP]&amp#27;[0m &amp#27;[90m{}&amp#27;[39m
[debug] &amp#27;[38;5;32m[AndroidUiautomator2Driver@57d8 (0cc448fc)]&amp#27;[0m Calling AppiumDriver.getAttribute() with args: ["text","00000000-0000-0031-ffff-ffff000000e0","0cc448fc-d9ee-4d68-9362-cf0f5e3d1047"]
[debug] &amp#27;[38;5;32m[AndroidUiautomator2Driver@57d8 (0cc448fc)]&amp#27;[0m Matched '/element/00000000-0000-0031-ffff-ffff000000e0/attribute/text' to command name 'getAttribute'
[debug] &amp#27;[38;5;32m[AndroidUiautomator2Driver@57d8 (0cc448fc)]&amp#27;[0m Proxying [GET /element/00000000-0000-0031-ffff-ffff000000e0/attribute/text] to [GET http://127.0.0.1:8200/session/715f4330-d6cb-4b7c-bcbb-525481150e55/element/00000000-0000-0031-ffff-ffff000000e0/attribute/text] with no body
[debug] &amp#27;[38;5;32m[AndroidUiautomator2Driver@57d8 (0cc448fc)]&amp#27;[0m Got response with status 200: {"sessionId":"715f4330-d6cb-4b7c-bcbb-525481150e55","value":"Provided credentials do not match any user in this service."}
[debug] &amp#27;[38;5;32m[AndroidUiautomator2Driver@57d8 (0cc448fc)]&amp#27;[0m Responding to client with driver.getAttribute() result: "Provided credentials do not match any user in this service."
&amp#27;[38;5;0m[HTTP]&amp#27;[0m &amp#27;[37m<-- GET /session/0cc448fc-d9ee-4d68-9362-cf0f5e3d1047/element/00000000-0000-0031-ffff-ffff000000e0/attribute/text &amp#27;[39m&amp#27;[32m200&amp#27;[39m &amp#27;[90m9 ms - 71&amp#27;[39m
&amp#27;[38;5;0m[HTTP]&amp#27;[0m &amp#27;[90m&amp#27;[39m
[INFO ] 2023-06-03 12:54:31.279 com.qa.BaseTest:304 - Text fetched- Provided credentials do not match any user in this service.
&amp#27;[38;5;0m[HTTP]&amp#27;[0m &amp#27;[37m-->&amp#27;[39m &amp#27;[37mGET&amp#27;[39m &amp#27;[37m/session/0cc448fc-d9ee-4d68-9362-cf0f5e3d1047/context&amp#27;[39m
&amp#27;[38;5;0m[HTTP]&amp#27;[0m &amp#27;[90m{}&amp#27;[39m
[debug] &amp#27;[38;5;32m[AndroidUiautomator2Driver@57d8 (0cc448fc)]&amp#27;[0m Calling AppiumDriver.getCurrentContext() with args: ["0cc448fc-d9ee-4d68-9362-cf0f5e3d1047"]
[debug] &amp#27;[38;5;32m[AndroidUiautomator2Driver@57d8 (0cc448fc)]&amp#27;[0m Responding to client with driver.getCurrentContext() result: "NATIVE_APP"
&amp#27;[38;5;0m[HTTP]&amp#27;[0m &amp#27;[37m<-- GET /session/0cc448fc-d9ee-4d68-9362-cf0f5e3d1047/context &amp#27;[39m&amp#27;[32m200&amp#27;[39m &amp#27;[90m1 ms - 22&amp#27;[39m
&amp#27;[38;5;0m[HTTP]&amp#27;[0m &amp#27;[90m&amp#27;[39m
&amp#27;[38;5;0m[HTTP]&amp#27;[0m &amp#27;[37m-->&amp#27;[39m &amp#27;[37mPOST&amp#27;[39m &amp#27;[37m/session/0cc448fc-d9ee-4d68-9362-cf0f5e3d1047/element&amp#27;[39m
&amp#27;[38;5;0m[HTTP]&amp#27;[0m &amp#27;[90m{"using":"xpath","value":"//android.view.ViewGroup[@content-desc=\"generic-error-message\"]/android.widget.TextView"}&amp#27;[39m
[debug] &amp#27;[38;5;32m[AndroidUiautomator2Driver@57d8 (0cc448fc)]&amp#27;[0m Calling AppiumDriver.findElement() with args: ["xpath","//android.view.ViewGroup[@content-desc=\"generic-error-message\"]/android.widget.TextView","0cc448fc-d9ee-4d68-9362-cf0f5e3d1047"]
[debug] &amp#27;[38;5;32m[AndroidUiautomator2Driver@57d8 (0cc448fc)]&amp#27;[0m Valid locator strategies for this request: xpath, id, class name, accessibility id, css selector, -android uiautomator
[debug] &amp#27;[38;5;32m[AndroidUiautomator2Driver@57d8 (0cc448fc)]&amp#27;[0m Waiting up to 0 ms for condition
[debug] &amp#27;[38;5;32m[AndroidUiautomator2Driver@57d8 (0cc448fc)]&amp#27;[0m Matched '/element' to command name 'findElement'
[debug] &amp#27;[38;5;32m[AndroidUiautomator2Driver@57d8 (0cc448fc)]&amp#27;[0m Proxying [POST /element] to [POST http://127.0.0.1:8200/session/715f4330-d6cb-4b7c-bcbb-525481150e55/element] with body: {"strategy":"xpath","selector":"//android.view.ViewGroup[@content-desc=\"generic-error-message\"]/android.widget.TextView","context":"","multiple":false}
[debug] &amp#27;[38;5;32m[AndroidUiautomator2Driver@57d8 (0cc448fc)]&amp#27;[0m Got response with status 200: {"sessionId":"715f4330-d6cb-4b7c-bcbb-525481150e55","value":{"ELEMENT":"00000000-0000-0031-ffff-ffff000000e0","element-6066-11e4-a52e-4f735466cecf":"00000000-0000-0031-ffff-ffff000000e0"}}
[debug] &amp#27;[38;5;32m[AndroidUiautomator2Driver@57d8 (0cc448fc)]&amp#27;[0m Responding to client with driver.findElement() result: {"element-6066-11e4-a52e-4f735466cecf":"00000000-0000-0031-ffff-ffff000000e0","ELEMENT":"00000000-0000-0031-ffff-ffff000000e0"}
&amp#27;[38;5;0m[HTTP]&amp#27;[0m &amp#27;[37m<-- POST /session/0cc448fc-d9ee-4d68-9362-cf0f5e3d1047/element &amp#27;[39m&amp#27;[32m200&amp#27;[39m &amp#27;[90m32 ms - 137&amp#27;[39m
&amp#27;[38;5;0m[HTTP]&amp#27;[0m &amp#27;[90m&amp#27;[39m
&amp#27;[38;5;0m[HTTP]&amp#27;[0m &amp#27;[37m-->&amp#27;[39m &amp#27;[37mGET&amp#27;[39m &amp#27;[37m/session/0cc448fc-d9ee-4d68-9362-cf0f5e3d1047/element/00000000-0000-0031-ffff-ffff000000e0/attribute/text&amp#27;[39m
&amp#27;[38;5;0m[HTTP]&amp#27;[0m &amp#27;[90m{}&amp#27;[39m
[debug] &amp#27;[38;5;32m[AndroidUiautomator2Driver@57d8 (0cc448fc)]&amp#27;[0m Calling AppiumDriver.getAttribute() with args: ["text","00000000-0000-0031-ffff-ffff000000e0","0cc448fc-d9ee-4d68-9362-cf0f5e3d1047"]
[debug] &amp#27;[38;5;32m[AndroidUiautomator2Driver@57d8 (0cc448fc)]&amp#27;[0m Matched '/element/00000000-0000-0031-ffff-ffff000000e0/attribute/text' to command name 'getAttribute'
[debug] &amp#27;[38;5;32m[AndroidUiautomator2Driver@57d8 (0cc448fc)]&amp#27;[0m Proxying [GET /element/00000000-0000-0031-ffff-ffff000000e0/attribute/text] to [GET http://127.0.0.1:8200/session/715f4330-d6cb-4b7c-bcbb-525481150e55/element/00000000-0000-0031-ffff-ffff000000e0/attribute/text] with no body
[debug] &amp#27;[38;5;32m[AndroidUiautomator2Driver@57d8 (0cc448fc)]&amp#27;[0m Got response with status 200: {"sessionId":"715f4330-d6cb-4b7c-bcbb-525481150e55","value":"Provided credentials do not match any user in this service."}
[debug] &amp#27;[38;5;32m[AndroidUiautomator2Driver@57d8 (0cc448fc)]&amp#27;[0m Responding to client with driver.getAttribute() result: "Provided credentials do not match any user in this service."
&amp#27;[38;5;0m[HTTP]&amp#27;[0m &amp#27;[37m<-- GET /session/0cc448fc-d9ee-4d68-9362-cf0f5e3d1047/element/00000000-0000-0031-ffff-ffff000000e0/attribute/text &amp#27;[39m&amp#27;[32m200&amp#27;[39m &amp#27;[90m8 ms - 71&amp#27;[39m
&amp#27;[38;5;0m[HTTP]&amp#27;[0m &amp#27;[90m&amp#27;[39m
[INFO ] 2023-06-03 12:54:31.330 com.qa.tests.LoginTests:85 - actual error text - Provided credentials do not match any user in this service.
expected error text- Provided credentials do not match any user in this service.
]]></system-out>
    <system-err><![CDATA[SLF4J: No SLF4J providers were found.
SLF4J: Defaulting to no-operation (NOP) logger implementation
SLF4J: See https://www.slf4j.org/codes.html#noProviders for further details.
]]></system-err>
  </testcase>
  <testcase name="sucessfulLogin" classname="com.qa.tests.LoginTests" time="5.952">
    <system-out><![CDATA[&amp#27;[38;5;0m[HTTP]&amp#27;[0m &amp#27;[37m-->&amp#27;[39m &amp#27;[37mPOST&amp#27;[39m &amp#27;[37m/session/0cc448fc-d9ee-4d68-9362-cf0f5e3d1047/appium/stop_recording_screen&amp#27;[39m
&amp#27;[38;5;0m[HTTP]&amp#27;[0m &amp#27;[90m{}&amp#27;[39m
[debug] &amp#27;[38;5;32m[AndroidUiautomator2Driver@57d8 (0cc448fc)]&amp#27;[0m Calling AppiumDriver.stopRecordingScreen() with args: [null,"0cc448fc-d9ee-4d68-9362-cf0f5e3d1047"]
[debug] &amp#27;[38;5;64m[ADB]&amp#27;[0m Getting IDs of all 'screenrecord' processes
[debug] &amp#27;[38;5;64m[ADB]&amp#27;[0m Running '/home/user/Android/Sdk/platform-tools/adb -P 5037 -s emulator-5554 shell pgrep -f \(\[\[:blank:\]\]\|\^\)screenrecord\(\[\[:blank:\]\]\|\$\)'
[debug] &amp#27;[38;5;64m[ADB]&amp#27;[0m Running '/home/user/Android/Sdk/platform-tools/adb -P 5037 -s emulator-5554 shell kill -2 11288'
[debug] &amp#27;[38;5;64m[ADB]&amp#27;[0m Getting IDs of all 'screenrecord' processes
[debug] &amp#27;[38;5;64m[ADB]&amp#27;[0m Running '/home/user/Android/Sdk/platform-tools/adb -P 5037 -s emulator-5554 shell pgrep -f \(\[\[:blank:\]\]\|\^\)screenrecord\(\[\[:blank:\]\]\|\$\)'
[debug] &amp#27;[38;5;64m[ADB]&amp#27;[0m Getting IDs of all 'screenrecord' processes
[debug] &amp#27;[38;5;64m[ADB]&amp#27;[0m Running '/home/user/Android/Sdk/platform-tools/adb -P 5037 -s emulator-5554 shell pgrep -f \(\[\[:blank:\]\]\|\^\)screenrecord\(\[\[:blank:\]\]\|\$\)'
[debug] &amp#27;[38;5;64m[ADB]&amp#27;[0m Running '/home/user/Android/Sdk/platform-tools/adb -P 5037 -s emulator-5554 pull /sdcard/108a2221.mp4 /tmp/202353-34989-1wxmcwn.lqv7j/108a2221.mp4'
[debug] &amp#27;[38;5;64m[ADB]&amp#27;[0m Running '/home/user/Android/Sdk/platform-tools/adb -P 5037 -s emulator-5554 shell rm -rf /sdcard/108a2221.mp4'
[debug] &amp#27;[38;5;32m[AndroidUiautomator2Driver@57d8 (0cc448fc)]&amp#27;[0m The size of the resulting screen recording is 2.55 MB
[debug] &amp#27;[38;5;32m[AndroidUiautomator2Driver@57d8 (0cc448fc)]&amp#27;[0m Responding to client with driver.stopRecordingScreen() result: "AAAAGGZ0eXBtcDQyAAAAAGlzb21tcDQyAAAHmG1vb3YAAABsbXZoZAAAAADgoJsv4KCbLwAAA+gAACcsAAEAAAEAAAAAAAAAAAAAAAABAAAAAAAAAAAAAAAAAAAAAQAAAAAAAAAAAAAAAAAAQAAAAAAAAAAAAAAAAAAAAAAAAAAAAAAAAAAAAAAAAAIAAAB2bWV0YQAAACFoZGxyAAAAAAAAAABtZHRhAAAAAAAAAAAAAAAAAAAAACtrZXlzAAAAAAAAAAEAAAAbbWR0YWNvbS5hbmRyb2lkLnZlcnNpb24AAAAiaWxzdAAAABoAAAABAAAAEmRhdGEAAAABAAAAADEwAAAGrnRyYWsAAABcdGtoZAAAAAfgoJsv4KCbLwAAAAEAAAAAAAAnLAAAAAAAAAAAAAAAAAAAAAAAAQAAAAAAAAAAAAAAAAAAAAEAAAAAAAAAAAAAAAAAAEAAAAAEOAAACKwAAAAABkptZGlhAAAAIG1kaGQAAAAA4KCbL+Cgmy8AAV+QAA3FmQAAAAAAAAAsaGRscgAAAAAAAAAAdmlkZQAAAAAAAAAAAAAAAFZpZGVvSGFuZGxlAAAABfZtaW5mAAAAFHZtaGQAAAABAAAAAAAAAAAAAAAkZGluZgAAABxkcmVmAAAAAAAAAAEAAAAMdXJsIAAAAAEAAAW2c3RibAAAALJzdHNkAAAAAAAAAAEAAACiYXZjMQAAAAAAAAABAAAAAAAAAAAAAAAAAAAAAAQ4CKwASAAAAEgAAAAAAAAAAQAgICAgICAgICAgICAgICAgICAgICAgICAgICAgICAgABj//wAAAClhdmNDAULAMv/hABBnQsAyjWgEQBF+W4B4RCNQAQAGaM4BqDXIAAAAEHBhc3AAAQAAAAEAAAAAABNjb2xybmNseAABAAEAAQAAAAMQc3R0cwAAAAAAAABgAAAAAQAABXsAAAABAAAXTAAAAAEAAB2GAAAAAQAABc4AAAABAADVKAAAAAEAAAWaAAAAAQAABgIA...
&amp#27;[38;5;0m[HTTP]&amp#27;[0m &amp#27;[37m<-- POST /session/0cc448fc-d9ee-4d68-9362-cf0f5e3d1047/appium/stop_recording_screen &amp#27;[39m&amp#27;[32m200&amp#27;[39m &amp#27;[90m684 ms - 3565068&amp#27;[39m
&amp#27;[38;5;0m[HTTP]&amp#27;[0m &amp#27;[90m&amp#27;[39m
&amp#27;[38;5;0m[HTTP]&amp#27;[0m &amp#27;[37m-->&amp#27;[39m &amp#27;[37mPOST&amp#27;[39m &amp#27;[37m/session/0cc448fc-d9ee-4d68-9362-cf0f5e3d1047/appium/start_recording_screen&amp#27;[39m
&amp#27;[38;5;0m[HTTP]&amp#27;[0m &amp#27;[90m{}&amp#27;[39m
[debug] &amp#27;[38;5;32m[AndroidUiautomator2Driver@57d8 (0cc448fc)]&amp#27;[0m Calling AppiumDriver.startRecordingScreen() with args: [null,"0cc448fc-d9ee-4d68-9362-cf0f5e3d1047"]
[debug] &amp#27;[38;5;64m[ADB]&amp#27;[0m Getting IDs of all 'screenrecord' processes
[debug] &amp#27;[38;5;64m[ADB]&amp#27;[0m Running '/home/user/Android/Sdk/platform-tools/adb -P 5037 -s emulator-5554 shell pgrep -f \(\[\[:blank:\]\]\|\^\)screenrecord\(\[\[:blank:\]\]\|\$\)'
&amp#27;[38;5;32m[AndroidUiautomator2Driver@57d8 (0cc448fc)]&amp#27;[0m Screen recording has not been previously started by Appium. There is nothing to stop
[debug] &amp#27;[38;5;64m[ADB]&amp#27;[0m Getting IDs of all 'screenrecord' processes
[debug] &amp#27;[38;5;64m[ADB]&amp#27;[0m Running '/home/user/Android/Sdk/platform-tools/adb -P 5037 -s emulator-5554 shell pgrep -f \(\[\[:blank:\]\]\|\^\)screenrecord\(\[\[:blank:\]\]\|\$\)'
[debug] &amp#27;[38;5;64m[ADB]&amp#27;[0m Building screenrecord process with the command line: adb -P 5037 -s emulator-5554 shell screenrecord --time-limit 180 /sdcard/b4b00bc9.mp4
[debug] &amp#27;[38;5;64m[ADB]&amp#27;[0m Running '/home/user/Android/Sdk/platform-tools/adb -P 5037 -s emulator-5554 shell "[ -e '/sdcard/b4b00bc9.mp4' ] && echo __PASS__"'
[debug] &amp#27;[38;5;64m[ADB]&amp#27;[0m Running '/home/user/Android/Sdk/platform-tools/adb -P 5037 -s emulator-5554 shell "[ -e '/sdcard/b4b00bc9.mp4' ] && echo __PASS__"'
[debug] &amp#27;[38;5;32m[AndroidUiautomator2Driver@57d8 (0cc448fc)]&amp#27;[0m Responding to client with driver.startRecordingScreen() result: ""
&amp#27;[38;5;0m[HTTP]&amp#27;[0m &amp#27;[37m<-- POST /session/0cc448fc-d9ee-4d68-9362-cf0f5e3d1047/appium/start_recording_screen &amp#27;[39m&amp#27;[32m200&amp#27;[39m &amp#27;[90m394 ms - 12&amp#27;[39m
&amp#27;[38;5;0m[HTTP]&amp#27;[0m &amp#27;[90m&amp#27;[39m
[INFO ] 2023-06-03 12:54:32.548 com.qa.tests.LoginTests:64 - 
******** starting test ********sucessfulLogin*******

&amp#27;[38;5;0m[HTTP]&amp#27;[0m &amp#27;[37m-->&amp#27;[39m &amp#27;[37mGET&amp#27;[39m &amp#27;[37m/session/0cc448fc-d9ee-4d68-9362-cf0f5e3d1047/context&amp#27;[39m
&amp#27;[38;5;0m[HTTP]&amp#27;[0m &amp#27;[90m{}&amp#27;[39m
[debug] &amp#27;[38;5;32m[AndroidUiautomator2Driver@57d8 (0cc448fc)]&amp#27;[0m Calling AppiumDriver.getCurrentContext() with args: ["0cc448fc-d9ee-4d68-9362-cf0f5e3d1047"]
[debug] &amp#27;[38;5;32m[AndroidUiautomator2Driver@57d8 (0cc448fc)]&amp#27;[0m Responding to client with driver.getCurrentContext() result: "NATIVE_APP"
&amp#27;[38;5;0m[HTTP]&amp#27;[0m &amp#27;[37m<-- GET /session/0cc448fc-d9ee-4d68-9362-cf0f5e3d1047/context &amp#27;[39m&amp#27;[32m200&amp#27;[39m &amp#27;[90m1 ms - 22&amp#27;[39m
&amp#27;[38;5;0m[HTTP]&amp#27;[0m &amp#27;[90m&amp#27;[39m
&amp#27;[38;5;0m[HTTP]&amp#27;[0m &amp#27;[37m-->&amp#27;[39m &amp#27;[37mPOST&amp#27;[39m &amp#27;[37m/session/0cc448fc-d9ee-4d68-9362-cf0f5e3d1047/element&amp#27;[39m
&amp#27;[38;5;0m[HTTP]&amp#27;[0m &amp#27;[90m{"using":"accessibility id","value":"Username input field"}&amp#27;[39m
[debug] &amp#27;[38;5;32m[AndroidUiautomator2Driver@57d8 (0cc448fc)]&amp#27;[0m Calling AppiumDriver.findElement() with args: ["accessibility id","Username input field","0cc448fc-d9ee-4d68-9362-cf0f5e3d1047"]
[debug] &amp#27;[38;5;32m[AndroidUiautomator2Driver@57d8 (0cc448fc)]&amp#27;[0m Valid locator strategies for this request: xpath, id, class name, accessibility id, css selector, -android uiautomator
[debug] &amp#27;[38;5;32m[AndroidUiautomator2Driver@57d8 (0cc448fc)]&amp#27;[0m Waiting up to 0 ms for condition
[debug] &amp#27;[38;5;32m[AndroidUiautomator2Driver@57d8 (0cc448fc)]&amp#27;[0m Matched '/element' to command name 'findElement'
[debug] &amp#27;[38;5;32m[AndroidUiautomator2Driver@57d8 (0cc448fc)]&amp#27;[0m Proxying [POST /element] to [POST http://127.0.0.1:8200/session/715f4330-d6cb-4b7c-bcbb-525481150e55/element] with body: {"strategy":"accessibility id","selector":"Username input field","context":"","multiple":false}
[debug] &amp#27;[38;5;32m[AndroidUiautomator2Driver@57d8 (0cc448fc)]&amp#27;[0m Got response with status 200: {"sessionId":"715f4330-d6cb-4b7c-bcbb-525481150e55","value":{"ELEMENT":"00000000-0000-0031-ffff-ffff000000c0","element-6066-11e4-a52e-4f735466cecf":"00000000-0000-0031-ffff-ffff000000c0"}}
[debug] &amp#27;[38;5;32m[AndroidUiautomator2Driver@57d8 (0cc448fc)]&amp#27;[0m Responding to client with driver.findElement() result: {"element-6066-11e4-a52e-4f735466cecf":"00000000-0000-0031-ffff-ffff000000c0","ELEMENT":"00000000-0000-0031-ffff-ffff000000c0"}
&amp#27;[38;5;0m[HTTP]&amp#27;[0m &amp#27;[37m<-- POST /session/0cc448fc-d9ee-4d68-9362-cf0f5e3d1047/element &amp#27;[39m&amp#27;[32m200&amp#27;[39m &amp#27;[90m22 ms - 137&amp#27;[39m
&amp#27;[38;5;0m[HTTP]&amp#27;[0m &amp#27;[90m&amp#27;[39m
&amp#27;[38;5;0m[HTTP]&amp#27;[0m &amp#27;[37m-->&amp#27;[39m &amp#27;[37mGET&amp#27;[39m &amp#27;[37m/session/0cc448fc-d9ee-4d68-9362-cf0f5e3d1047/element/00000000-0000-0031-ffff-ffff000000c0/displayed&amp#27;[39m
&amp#27;[38;5;0m[HTTP]&amp#27;[0m &amp#27;[90m{}&amp#27;[39m
[debug] &amp#27;[38;5;32m[AndroidUiautomator2Driver@57d8 (0cc448fc)]&amp#27;[0m Calling AppiumDriver.elementDisplayed() with args: ["00000000-0000-0031-ffff-ffff000000c0","0cc448fc-d9ee-4d68-9362-cf0f5e3d1047"]
[debug] &amp#27;[38;5;32m[AndroidUiautomator2Driver@57d8 (0cc448fc)]&amp#27;[0m Matched '/element/00000000-0000-0031-ffff-ffff000000c0/attribute/displayed' to command name 'getAttribute'
[debug] &amp#27;[38;5;32m[AndroidUiautomator2Driver@57d8 (0cc448fc)]&amp#27;[0m Proxying [GET /element/00000000-0000-0031-ffff-ffff000000c0/attribute/displayed] to [GET http://127.0.0.1:8200/session/715f4330-d6cb-4b7c-bcbb-525481150e55/element/00000000-0000-0031-ffff-ffff000000c0/attribute/displayed] with no body
[debug] &amp#27;[38;5;32m[AndroidUiautomator2Driver@57d8 (0cc448fc)]&amp#27;[0m Got response with status 200: {"sessionId":"715f4330-d6cb-4b7c-bcbb-525481150e55","value":"true"}
[debug] &amp#27;[38;5;32m[AndroidUiautomator2Driver@57d8 (0cc448fc)]&amp#27;[0m Responding to client with driver.elementDisplayed() result: true
&amp#27;[38;5;0m[HTTP]&amp#27;[0m &amp#27;[37m<-- GET /session/0cc448fc-d9ee-4d68-9362-cf0f5e3d1047/element/00000000-0000-0031-ffff-ffff000000c0/displayed &amp#27;[39m&amp#27;[32m200&amp#27;[39m &amp#27;[90m12 ms - 14&amp#27;[39m
&amp#27;[38;5;0m[HTTP]&amp#27;[0m &amp#27;[90m&amp#27;[39m
[INFO ] 2023-06-03 12:54:32.599 com.qa.BaseTest:297 - Clearing username field
&amp#27;[38;5;0m[HTTP]&amp#27;[0m &amp#27;[37m-->&amp#27;[39m &amp#27;[37mGET&amp#27;[39m &amp#27;[37m/session/0cc448fc-d9ee-4d68-9362-cf0f5e3d1047/context&amp#27;[39m
&amp#27;[38;5;0m[HTTP]&amp#27;[0m &amp#27;[90m{}&amp#27;[39m
[debug] &amp#27;[38;5;32m[AndroidUiautomator2Driver@57d8 (0cc448fc)]&amp#27;[0m Calling AppiumDriver.getCurrentContext() with args: ["0cc448fc-d9ee-4d68-9362-cf0f5e3d1047"]
[debug] &amp#27;[38;5;32m[AndroidUiautomator2Driver@57d8 (0cc448fc)]&amp#27;[0m Responding to client with driver.getCurrentContext() result: "NATIVE_APP"
&amp#27;[38;5;0m[HTTP]&amp#27;[0m &amp#27;[37m<-- GET /session/0cc448fc-d9ee-4d68-9362-cf0f5e3d1047/context &amp#27;[39m&amp#27;[32m200&amp#27;[39m &amp#27;[90m2 ms - 22&amp#27;[39m
&amp#27;[38;5;0m[HTTP]&amp#27;[0m &amp#27;[90m&amp#27;[39m
&amp#27;[38;5;0m[HTTP]&amp#27;[0m &amp#27;[37m-->&amp#27;[39m &amp#27;[37mPOST&amp#27;[39m &amp#27;[37m/session/0cc448fc-d9ee-4d68-9362-cf0f5e3d1047/element&amp#27;[39m
&amp#27;[38;5;0m[HTTP]&amp#27;[0m &amp#27;[90m{"using":"accessibility id","value":"Username input field"}&amp#27;[39m
[debug] &amp#27;[38;5;32m[AndroidUiautomator2Driver@57d8 (0cc448fc)]&amp#27;[0m Calling AppiumDriver.findElement() with args: ["accessibility id","Username input field","0cc448fc-d9ee-4d68-9362-cf0f5e3d1047"]
[debug] &amp#27;[38;5;32m[AndroidUiautomator2Driver@57d8 (0cc448fc)]&amp#27;[0m Valid locator strategies for this request: xpath, id, class name, accessibility id, css selector, -android uiautomator
[debug] &amp#27;[38;5;32m[AndroidUiautomator2Driver@57d8 (0cc448fc)]&amp#27;[0m Waiting up to 0 ms for condition
[debug] &amp#27;[38;5;32m[AndroidUiautomator2Driver@57d8 (0cc448fc)]&amp#27;[0m Matched '/element' to command name 'findElement'
[debug] &amp#27;[38;5;32m[AndroidUiautomator2Driver@57d8 (0cc448fc)]&amp#27;[0m Proxying [POST /element] to [POST http://127.0.0.1:8200/session/715f4330-d6cb-4b7c-bcbb-525481150e55/element] with body: {"strategy":"accessibility id","selector":"Username input field","context":"","multiple":false}
[debug] &amp#27;[38;5;32m[AndroidUiautomator2Driver@57d8 (0cc448fc)]&amp#27;[0m Got response with status 200: {"sessionId":"715f4330-d6cb-4b7c-bcbb-525481150e55","value":{"ELEMENT":"00000000-0000-0031-ffff-ffff000000c0","element-6066-11e4-a52e-4f735466cecf":"00000000-0000-0031-ffff-ffff000000c0"}}
[debug] &amp#27;[38;5;32m[AndroidUiautomator2Driver@57d8 (0cc448fc)]&amp#27;[0m Responding to client with driver.findElement() result: {"element-6066-11e4-a52e-4f735466cecf":"00000000-0000-0031-ffff-ffff000000c0","ELEMENT":"00000000-0000-0031-ffff-ffff000000c0"}
&amp#27;[38;5;0m[HTTP]&amp#27;[0m &amp#27;[37m<-- POST /session/0cc448fc-d9ee-4d68-9362-cf0f5e3d1047/element &amp#27;[39m&amp#27;[32m200&amp#27;[39m &amp#27;[90m22 ms - 137&amp#27;[39m
&amp#27;[38;5;0m[HTTP]&amp#27;[0m &amp#27;[90m&amp#27;[39m
&amp#27;[38;5;0m[HTTP]&amp#27;[0m &amp#27;[37m-->&amp#27;[39m &amp#27;[37mPOST&amp#27;[39m &amp#27;[37m/session/0cc448fc-d9ee-4d68-9362-cf0f5e3d1047/element/00000000-0000-0031-ffff-ffff000000c0/clear&amp#27;[39m
&amp#27;[38;5;0m[HTTP]&amp#27;[0m &amp#27;[90m{"id":"00000000-0000-0031-ffff-ffff000000c0"}&amp#27;[39m
[debug] &amp#27;[38;5;32m[AndroidUiautomator2Driver@57d8 (0cc448fc)]&amp#27;[0m Calling AppiumDriver.clear() with args: ["00000000-0000-0031-ffff-ffff000000c0","0cc448fc-d9ee-4d68-9362-cf0f5e3d1047"]
[debug] &amp#27;[38;5;32m[AndroidUiautomator2Driver@57d8 (0cc448fc)]&amp#27;[0m Matched '/element/00000000-0000-0031-ffff-ffff000000c0/clear' to command name 'clear'
[debug] &amp#27;[38;5;32m[AndroidUiautomator2Driver@57d8 (0cc448fc)]&amp#27;[0m Proxying [POST /element/00000000-0000-0031-ffff-ffff000000c0/clear] to [POST http://127.0.0.1:8200/session/715f4330-d6cb-4b7c-bcbb-525481150e55/element/00000000-0000-0031-ffff-ffff000000c0/clear] with body: {"elementId":"00000000-0000-0031-ffff-ffff000000c0"}
[debug] &amp#27;[38;5;32m[AndroidUiautomator2Driver@57d8 (0cc448fc)]&amp#27;[0m Got response with status 200: {"sessionId":"715f4330-d6cb-4b7c-bcbb-525481150e55","value":null}
[debug] &amp#27;[38;5;32m[AndroidUiautomator2Driver@57d8 (0cc448fc)]&amp#27;[0m Responding to client with driver.clear() result: null
&amp#27;[38;5;0m[HTTP]&amp#27;[0m &amp#27;[37m<-- POST /session/0cc448fc-d9ee-4d68-9362-cf0f5e3d1047/element/00000000-0000-0031-ffff-ffff000000c0/clear &amp#27;[39m&amp#27;[32m200&amp#27;[39m &amp#27;[90m17 ms - 14&amp#27;[39m
&amp#27;[38;5;0m[HTTP]&amp#27;[0m &amp#27;[90m&amp#27;[39m
&amp#27;[38;5;0m[HTTP]&amp#27;[0m &amp#27;[37m-->&amp#27;[39m &amp#27;[37mGET&amp#27;[39m &amp#27;[37m/session/0cc448fc-d9ee-4d68-9362-cf0f5e3d1047/context&amp#27;[39m
&amp#27;[38;5;0m[HTTP]&amp#27;[0m &amp#27;[90m{}&amp#27;[39m
[debug] &amp#27;[38;5;32m[AndroidUiautomator2Driver@57d8 (0cc448fc)]&amp#27;[0m Calling AppiumDriver.getCurrentContext() with args: ["0cc448fc-d9ee-4d68-9362-cf0f5e3d1047"]
[debug] &amp#27;[38;5;32m[AndroidUiautomator2Driver@57d8 (0cc448fc)]&amp#27;[0m Responding to client with driver.getCurrentContext() result: "NATIVE_APP"
&amp#27;[38;5;0m[HTTP]&amp#27;[0m &amp#27;[37m<-- GET /session/0cc448fc-d9ee-4d68-9362-cf0f5e3d1047/context &amp#27;[39m&amp#27;[32m200&amp#27;[39m &amp#27;[90m1 ms - 22&amp#27;[39m
&amp#27;[38;5;0m[HTTP]&amp#27;[0m &amp#27;[90m&amp#27;[39m
&amp#27;[38;5;0m[HTTP]&amp#27;[0m &amp#27;[37m-->&amp#27;[39m &amp#27;[37mPOST&amp#27;[39m &amp#27;[37m/session/0cc448fc-d9ee-4d68-9362-cf0f5e3d1047/element&amp#27;[39m
&amp#27;[38;5;0m[HTTP]&amp#27;[0m &amp#27;[90m{"using":"accessibility id","value":"Username input field"}&amp#27;[39m
[debug] &amp#27;[38;5;32m[AndroidUiautomator2Driver@57d8 (0cc448fc)]&amp#27;[0m Calling AppiumDriver.findElement() with args: ["accessibility id","Username input field","0cc448fc-d9ee-4d68-9362-cf0f5e3d1047"]
[debug] &amp#27;[38;5;32m[AndroidUiautomator2Driver@57d8 (0cc448fc)]&amp#27;[0m Valid locator strategies for this request: xpath, id, class name, accessibility id, css selector, -android uiautomator
[debug] &amp#27;[38;5;32m[AndroidUiautomator2Driver@57d8 (0cc448fc)]&amp#27;[0m Waiting up to 0 ms for condition
[debug] &amp#27;[38;5;32m[AndroidUiautomator2Driver@57d8 (0cc448fc)]&amp#27;[0m Matched '/element' to command name 'findElement'
[debug] &amp#27;[38;5;32m[AndroidUiautomator2Driver@57d8 (0cc448fc)]&amp#27;[0m Proxying [POST /element] to [POST http://127.0.0.1:8200/session/715f4330-d6cb-4b7c-bcbb-525481150e55/element] with body: {"strategy":"accessibility id","selector":"Username input field","context":"","multiple":false}
[debug] &amp#27;[38;5;32m[AndroidUiautomator2Driver@57d8 (0cc448fc)]&amp#27;[0m Got response with status 200: {"sessionId":"715f4330-d6cb-4b7c-bcbb-525481150e55","value":{"ELEMENT":"00000000-0000-0031-ffff-ffff000000c0","element-6066-11e4-a52e-4f735466cecf":"00000000-0000-0031-ffff-ffff000000c0"}}
[debug] &amp#27;[38;5;32m[AndroidUiautomator2Driver@57d8 (0cc448fc)]&amp#27;[0m Responding to client with driver.findElement() result: {"element-6066-11e4-a52e-4f735466cecf":"00000000-0000-0031-ffff-ffff000000c0","ELEMENT":"00000000-0000-0031-ffff-ffff000000c0"}
&amp#27;[38;5;0m[HTTP]&amp#27;[0m &amp#27;[37m<-- POST /session/0cc448fc-d9ee-4d68-9362-cf0f5e3d1047/element &amp#27;[39m&amp#27;[32m200&amp#27;[39m &amp#27;[90m629 ms - 137&amp#27;[39m
&amp#27;[38;5;0m[HTTP]&amp#27;[0m &amp#27;[90m&amp#27;[39m
&amp#27;[38;5;0m[HTTP]&amp#27;[0m &amp#27;[37m-->&amp#27;[39m &amp#27;[37mGET&amp#27;[39m &amp#27;[37m/session/0cc448fc-d9ee-4d68-9362-cf0f5e3d1047/element/00000000-0000-0031-ffff-ffff000000c0/displayed&amp#27;[39m
&amp#27;[38;5;0m[HTTP]&amp#27;[0m &amp#27;[90m{}&amp#27;[39m
[debug] &amp#27;[38;5;32m[AndroidUiautomator2Driver@57d8 (0cc448fc)]&amp#27;[0m Calling AppiumDriver.elementDisplayed() with args: ["00000000-0000-0031-ffff-ffff000000c0","0cc448fc-d9ee-4d68-9362-cf0f5e3d1047"]
[debug] &amp#27;[38;5;32m[AndroidUiautomator2Driver@57d8 (0cc448fc)]&amp#27;[0m Matched '/element/00000000-0000-0031-ffff-ffff000000c0/attribute/displayed' to command name 'getAttribute'
[debug] &amp#27;[38;5;32m[AndroidUiautomator2Driver@57d8 (0cc448fc)]&amp#27;[0m Proxying [GET /element/00000000-0000-0031-ffff-ffff000000c0/attribute/displayed] to [GET http://127.0.0.1:8200/session/715f4330-d6cb-4b7c-bcbb-525481150e55/element/00000000-0000-0031-ffff-ffff000000c0/attribute/displayed] with no body
[debug] &amp#27;[38;5;32m[AndroidUiautomator2Driver@57d8 (0cc448fc)]&amp#27;[0m Got response with status 200: {"sessionId":"715f4330-d6cb-4b7c-bcbb-525481150e55","value":"true"}
[debug] &amp#27;[38;5;32m[AndroidUiautomator2Driver@57d8 (0cc448fc)]&amp#27;[0m Responding to client with driver.elementDisplayed() result: true
&amp#27;[38;5;0m[HTTP]&amp#27;[0m &amp#27;[37m<-- GET /session/0cc448fc-d9ee-4d68-9362-cf0f5e3d1047/element/00000000-0000-0031-ffff-ffff000000c0/displayed &amp#27;[39m&amp#27;[32m200&amp#27;[39m &amp#27;[90m10 ms - 14&amp#27;[39m
&amp#27;[38;5;0m[HTTP]&amp#27;[0m &amp#27;[90m&amp#27;[39m
[INFO ] 2023-06-03 12:54:33.309 com.qa.BaseTest:291 - Login with username- bob@example.com
&amp#27;[38;5;0m[HTTP]&amp#27;[0m &amp#27;[37m-->&amp#27;[39m &amp#27;[37mGET&amp#27;[39m &amp#27;[37m/session/0cc448fc-d9ee-4d68-9362-cf0f5e3d1047/context&amp#27;[39m
&amp#27;[38;5;0m[HTTP]&amp#27;[0m &amp#27;[90m{}&amp#27;[39m
[debug] &amp#27;[38;5;32m[AndroidUiautomator2Driver@57d8 (0cc448fc)]&amp#27;[0m Calling AppiumDriver.getCurrentContext() with args: ["0cc448fc-d9ee-4d68-9362-cf0f5e3d1047"]
[debug] &amp#27;[38;5;32m[AndroidUiautomator2Driver@57d8 (0cc448fc)]&amp#27;[0m Responding to client with driver.getCurrentContext() result: "NATIVE_APP"
&amp#27;[38;5;0m[HTTP]&amp#27;[0m &amp#27;[37m<-- GET /session/0cc448fc-d9ee-4d68-9362-cf0f5e3d1047/context &amp#27;[39m&amp#27;[32m200&amp#27;[39m &amp#27;[90m1 ms - 22&amp#27;[39m
&amp#27;[38;5;0m[HTTP]&amp#27;[0m &amp#27;[90m&amp#27;[39m
&amp#27;[38;5;0m[HTTP]&amp#27;[0m &amp#27;[37m-->&amp#27;[39m &amp#27;[37mPOST&amp#27;[39m &amp#27;[37m/session/0cc448fc-d9ee-4d68-9362-cf0f5e3d1047/element&amp#27;[39m
&amp#27;[38;5;0m[HTTP]&amp#27;[0m &amp#27;[90m{"using":"accessibility id","value":"Username input field"}&amp#27;[39m
[debug] &amp#27;[38;5;32m[AndroidUiautomator2Driver@57d8 (0cc448fc)]&amp#27;[0m Calling AppiumDriver.findElement() with args: ["accessibility id","Username input field","0cc448fc-d9ee-4d68-9362-cf0f5e3d1047"]
[debug] &amp#27;[38;5;32m[AndroidUiautomator2Driver@57d8 (0cc448fc)]&amp#27;[0m Valid locator strategies for this request: xpath, id, class name, accessibility id, css selector, -android uiautomator
[debug] &amp#27;[38;5;32m[AndroidUiautomator2Driver@57d8 (0cc448fc)]&amp#27;[0m Waiting up to 0 ms for condition
[debug] &amp#27;[38;5;32m[AndroidUiautomator2Driver@57d8 (0cc448fc)]&amp#27;[0m Matched '/element' to command name 'findElement'
[debug] &amp#27;[38;5;32m[AndroidUiautomator2Driver@57d8 (0cc448fc)]&amp#27;[0m Proxying [POST /element] to [POST http://127.0.0.1:8200/session/715f4330-d6cb-4b7c-bcbb-525481150e55/element] with body: {"strategy":"accessibility id","selector":"Username input field","context":"","multiple":false}
[debug] &amp#27;[38;5;32m[AndroidUiautomator2Driver@57d8 (0cc448fc)]&amp#27;[0m Got response with status 200: {"sessionId":"715f4330-d6cb-4b7c-bcbb-525481150e55","value":{"ELEMENT":"00000000-0000-0031-ffff-ffff000000c0","element-6066-11e4-a52e-4f735466cecf":"00000000-0000-0031-ffff-ffff000000c0"}}
[debug] &amp#27;[38;5;32m[AndroidUiautomator2Driver@57d8 (0cc448fc)]&amp#27;[0m Responding to client with driver.findElement() result: {"element-6066-11e4-a52e-4f735466cecf":"00000000-0000-0031-ffff-ffff000000c0","ELEMENT":"00000000-0000-0031-ffff-ffff000000c0"}
&amp#27;[38;5;0m[HTTP]&amp#27;[0m &amp#27;[37m<-- POST /session/0cc448fc-d9ee-4d68-9362-cf0f5e3d1047/element &amp#27;[39m&amp#27;[32m200&amp#27;[39m &amp#27;[90m12 ms - 137&amp#27;[39m
&amp#27;[38;5;0m[HTTP]&amp#27;[0m &amp#27;[90m&amp#27;[39m
&amp#27;[38;5;0m[HTTP]&amp#27;[0m &amp#27;[37m-->&amp#27;[39m &amp#27;[37mPOST&amp#27;[39m &amp#27;[37m/session/0cc448fc-d9ee-4d68-9362-cf0f5e3d1047/element/00000000-0000-0031-ffff-ffff000000c0/value&amp#27;[39m
&amp#27;[38;5;0m[HTTP]&amp#27;[0m &amp#27;[90m{"id":"00000000-0000-0031-ffff-ffff000000c0","text":"bob@example.com","value":["b","o","b","@","e","x","a","m","p","l","e",".","c","o","m"]}&amp#27;[39m
[debug] &amp#27;[38;5;32m[AndroidUiautomator2Driver@57d8 (0cc448fc)]&amp#27;[0m Calling AppiumDriver.setValue() with args: [["b","o","b","@","e","x","a","m","p","l","e",".","c","o","m"],"00000000-0000-0031-ffff-ffff000000c0","0cc448fc-d9ee-4d68-9362-cf0f5e3d1047"]
[debug] &amp#27;[38;5;32m[AndroidUiautomator2Driver@57d8 (0cc448fc)]&amp#27;[0m Matched '/element/00000000-0000-0031-ffff-ffff000000c0/value' to command name 'setValue'
[debug] &amp#27;[38;5;32m[AndroidUiautomator2Driver@57d8 (0cc448fc)]&amp#27;[0m Added 'value' property ["b","o","b","@","e","x","a","m","p","l","e",".","c","o","m"] to 'setValue' request body
[debug] &amp#27;[38;5;32m[AndroidUiautomator2Driver@57d8 (0cc448fc)]&amp#27;[0m Proxying [POST /element/00000000-0000-0031-ffff-ffff000000c0/value] to [POST http://127.0.0.1:8200/session/715f4330-d6cb-4b7c-bcbb-525481150e55/element/00000000-0000-0031-ffff-ffff000000c0/value] with body: {"elementId":"00000000-0000-0031-ffff-ffff000000c0","text":"bob@example.com","replace":false,"value":["b","o","b","@","e","x","a","m","p","l","e",".","c","o","m"]}
[debug] &amp#27;[38;5;32m[AndroidUiautomator2Driver@57d8 (0cc448fc)]&amp#27;[0m Got response with status 200: {"sessionId":"715f4330-d6cb-4b7c-bcbb-525481150e55","value":null}
[debug] &amp#27;[38;5;32m[AndroidUiautomator2Driver@57d8 (0cc448fc)]&amp#27;[0m Responding to client with driver.setValue() result: null
&amp#27;[38;5;0m[HTTP]&amp#27;[0m &amp#27;[37m<-- POST /session/0cc448fc-d9ee-4d68-9362-cf0f5e3d1047/element/00000000-0000-0031-ffff-ffff000000c0/value &amp#27;[39m&amp#27;[32m200&amp#27;[39m &amp#27;[90m16 ms - 14&amp#27;[39m
&amp#27;[38;5;0m[HTTP]&amp#27;[0m &amp#27;[90m&amp#27;[39m
&amp#27;[38;5;0m[HTTP]&amp#27;[0m &amp#27;[37m-->&amp#27;[39m &amp#27;[37mGET&amp#27;[39m &amp#27;[37m/session/0cc448fc-d9ee-4d68-9362-cf0f5e3d1047/context&amp#27;[39m
&amp#27;[38;5;0m[HTTP]&amp#27;[0m &amp#27;[90m{}&amp#27;[39m
[debug] &amp#27;[38;5;32m[AndroidUiautomator2Driver@57d8 (0cc448fc)]&amp#27;[0m Calling AppiumDriver.getCurrentContext() with args: ["0cc448fc-d9ee-4d68-9362-cf0f5e3d1047"]
[debug] &amp#27;[38;5;32m[AndroidUiautomator2Driver@57d8 (0cc448fc)]&amp#27;[0m Responding to client with driver.getCurrentContext() result: "NATIVE_APP"
&amp#27;[38;5;0m[HTTP]&amp#27;[0m &amp#27;[37m<-- GET /session/0cc448fc-d9ee-4d68-9362-cf0f5e3d1047/context &amp#27;[39m&amp#27;[32m200&amp#27;[39m &amp#27;[90m1 ms - 22&amp#27;[39m
&amp#27;[38;5;0m[HTTP]&amp#27;[0m &amp#27;[90m&amp#27;[39m
&amp#27;[38;5;0m[HTTP]&amp#27;[0m &amp#27;[37m-->&amp#27;[39m &amp#27;[37mPOST&amp#27;[39m &amp#27;[37m/session/0cc448fc-d9ee-4d68-9362-cf0f5e3d1047/element&amp#27;[39m
&amp#27;[38;5;0m[HTTP]&amp#27;[0m &amp#27;[90m{"using":"accessibility id","value":"Password input field"}&amp#27;[39m
[debug] &amp#27;[38;5;32m[AndroidUiautomator2Driver@57d8 (0cc448fc)]&amp#27;[0m Calling AppiumDriver.findElement() with args: ["accessibility id","Password input field","0cc448fc-d9ee-4d68-9362-cf0f5e3d1047"]
[debug] &amp#27;[38;5;32m[AndroidUiautomator2Driver@57d8 (0cc448fc)]&amp#27;[0m Valid locator strategies for this request: xpath, id, class name, accessibility id, css selector, -android uiautomator
[debug] &amp#27;[38;5;32m[AndroidUiautomator2Driver@57d8 (0cc448fc)]&amp#27;[0m Waiting up to 0 ms for condition
[debug] &amp#27;[38;5;32m[AndroidUiautomator2Driver@57d8 (0cc448fc)]&amp#27;[0m Matched '/element' to command name 'findElement'
[debug] &amp#27;[38;5;32m[AndroidUiautomator2Driver@57d8 (0cc448fc)]&amp#27;[0m Proxying [POST /element] to [POST http://127.0.0.1:8200/session/715f4330-d6cb-4b7c-bcbb-525481150e55/element] with body: {"strategy":"accessibility id","selector":"Password input field","context":"","multiple":false}
[debug] &amp#27;[38;5;32m[AndroidUiautomator2Driver@57d8 (0cc448fc)]&amp#27;[0m Got response with status 200: {"sessionId":"715f4330-d6cb-4b7c-bcbb-525481150e55","value":{"ELEMENT":"00000000-0000-0031-ffff-ffff000000c3","element-6066-11e4-a52e-4f735466cecf":"00000000-0000-0031-ffff-ffff000000c3"}}
[debug] &amp#27;[38;5;32m[AndroidUiautomator2Driver@57d8 (0cc448fc)]&amp#27;[0m Responding to client with driver.findElement() result: {"element-6066-11e4-a52e-4f735466cecf":"00000000-0000-0031-ffff-ffff000000c3","ELEMENT":"00000000-0000-0031-ffff-ffff000000c3"}
&amp#27;[38;5;0m[HTTP]&amp#27;[0m &amp#27;[37m<-- POST /session/0cc448fc-d9ee-4d68-9362-cf0f5e3d1047/element &amp#27;[39m&amp#27;[32m200&amp#27;[39m &amp#27;[90m22 ms - 137&amp#27;[39m
&amp#27;[38;5;0m[HTTP]&amp#27;[0m &amp#27;[90m&amp#27;[39m
&amp#27;[38;5;0m[HTTP]&amp#27;[0m &amp#27;[37m-->&amp#27;[39m &amp#27;[37mGET&amp#27;[39m &amp#27;[37m/session/0cc448fc-d9ee-4d68-9362-cf0f5e3d1047/element/00000000-0000-0031-ffff-ffff000000c3/displayed&amp#27;[39m
&amp#27;[38;5;0m[HTTP]&amp#27;[0m &amp#27;[90m{}&amp#27;[39m
[debug] &amp#27;[38;5;32m[AndroidUiautomator2Driver@57d8 (0cc448fc)]&amp#27;[0m Calling AppiumDriver.elementDisplayed() with args: ["00000000-0000-0031-ffff-ffff000000c3","0cc448fc-d9ee-4d68-9362-cf0f5e3d1047"]
[debug] &amp#27;[38;5;32m[AndroidUiautomator2Driver@57d8 (0cc448fc)]&amp#27;[0m Matched '/element/00000000-0000-0031-ffff-ffff000000c3/attribute/displayed' to command name 'getAttribute'
[debug] &amp#27;[38;5;32m[AndroidUiautomator2Driver@57d8 (0cc448fc)]&amp#27;[0m Proxying [GET /element/00000000-0000-0031-ffff-ffff000000c3/attribute/displayed] to [GET http://127.0.0.1:8200/session/715f4330-d6cb-4b7c-bcbb-525481150e55/element/00000000-0000-0031-ffff-ffff000000c3/attribute/displayed] with no body
[debug] &amp#27;[38;5;32m[AndroidUiautomator2Driver@57d8 (0cc448fc)]&amp#27;[0m Got response with status 200: {"sessionId":"715f4330-d6cb-4b7c-bcbb-525481150e55","value":"true"}
[debug] &amp#27;[38;5;32m[AndroidUiautomator2Driver@57d8 (0cc448fc)]&amp#27;[0m Responding to client with driver.elementDisplayed() result: true
&amp#27;[38;5;0m[HTTP]&amp#27;[0m &amp#27;[37m<-- GET /session/0cc448fc-d9ee-4d68-9362-cf0f5e3d1047/element/00000000-0000-0031-ffff-ffff000000c3/displayed &amp#27;[39m&amp#27;[32m200&amp#27;[39m &amp#27;[90m567 ms - 14&amp#27;[39m
&amp#27;[38;5;0m[HTTP]&amp#27;[0m &amp#27;[90m&amp#27;[39m
[INFO ] 2023-06-03 12:54:33.953 com.qa.BaseTest:297 - Clearing password field
&amp#27;[38;5;0m[HTTP]&amp#27;[0m &amp#27;[37m-->&amp#27;[39m &amp#27;[37mGET&amp#27;[39m &amp#27;[37m/session/0cc448fc-d9ee-4d68-9362-cf0f5e3d1047/context&amp#27;[39m
&amp#27;[38;5;0m[HTTP]&amp#27;[0m &amp#27;[90m{}&amp#27;[39m
[debug] &amp#27;[38;5;32m[AndroidUiautomator2Driver@57d8 (0cc448fc)]&amp#27;[0m Calling AppiumDriver.getCurrentContext() with args: ["0cc448fc-d9ee-4d68-9362-cf0f5e3d1047"]
[debug] &amp#27;[38;5;32m[AndroidUiautomator2Driver@57d8 (0cc448fc)]&amp#27;[0m Responding to client with driver.getCurrentContext() result: "NATIVE_APP"
&amp#27;[38;5;0m[HTTP]&amp#27;[0m &amp#27;[37m<-- GET /session/0cc448fc-d9ee-4d68-9362-cf0f5e3d1047/context &amp#27;[39m&amp#27;[32m200&amp#27;[39m &amp#27;[90m1 ms - 22&amp#27;[39m
&amp#27;[38;5;0m[HTTP]&amp#27;[0m &amp#27;[90m&amp#27;[39m
&amp#27;[38;5;0m[HTTP]&amp#27;[0m &amp#27;[37m-->&amp#27;[39m &amp#27;[37mPOST&amp#27;[39m &amp#27;[37m/session/0cc448fc-d9ee-4d68-9362-cf0f5e3d1047/element&amp#27;[39m
&amp#27;[38;5;0m[HTTP]&amp#27;[0m &amp#27;[90m{"using":"accessibility id","value":"Password input field"}&amp#27;[39m
[debug] &amp#27;[38;5;32m[AndroidUiautomator2Driver@57d8 (0cc448fc)]&amp#27;[0m Calling AppiumDriver.findElement() with args: ["accessibility id","Password input field","0cc448fc-d9ee-4d68-9362-cf0f5e3d1047"]
[debug] &amp#27;[38;5;32m[AndroidUiautomator2Driver@57d8 (0cc448fc)]&amp#27;[0m Valid locator strategies for this request: xpath, id, class name, accessibility id, css selector, -android uiautomator
[debug] &amp#27;[38;5;32m[AndroidUiautomator2Driver@57d8 (0cc448fc)]&amp#27;[0m Waiting up to 0 ms for condition
[debug] &amp#27;[38;5;32m[AndroidUiautomator2Driver@57d8 (0cc448fc)]&amp#27;[0m Matched '/element' to command name 'findElement'
[debug] &amp#27;[38;5;32m[AndroidUiautomator2Driver@57d8 (0cc448fc)]&amp#27;[0m Proxying [POST /element] to [POST http://127.0.0.1:8200/session/715f4330-d6cb-4b7c-bcbb-525481150e55/element] with body: {"strategy":"accessibility id","selector":"Password input field","context":"","multiple":false}
[debug] &amp#27;[38;5;32m[AndroidUiautomator2Driver@57d8 (0cc448fc)]&amp#27;[0m Got response with status 200: {"sessionId":"715f4330-d6cb-4b7c-bcbb-525481150e55","value":{"ELEMENT":"00000000-0000-0031-ffff-ffff000000c3","element-6066-11e4-a52e-4f735466cecf":"00000000-0000-0031-ffff-ffff000000c3"}}
[debug] &amp#27;[38;5;32m[AndroidUiautomator2Driver@57d8 (0cc448fc)]&amp#27;[0m Responding to client with driver.findElement() result: {"element-6066-11e4-a52e-4f735466cecf":"00000000-0000-0031-ffff-ffff000000c3","ELEMENT":"00000000-0000-0031-ffff-ffff000000c3"}
&amp#27;[38;5;0m[HTTP]&amp#27;[0m &amp#27;[37m<-- POST /session/0cc448fc-d9ee-4d68-9362-cf0f5e3d1047/element &amp#27;[39m&amp#27;[32m200&amp#27;[39m &amp#27;[90m11 ms - 137&amp#27;[39m
&amp#27;[38;5;0m[HTTP]&amp#27;[0m &amp#27;[90m&amp#27;[39m
&amp#27;[38;5;0m[HTTP]&amp#27;[0m &amp#27;[37m-->&amp#27;[39m &amp#27;[37mPOST&amp#27;[39m &amp#27;[37m/session/0cc448fc-d9ee-4d68-9362-cf0f5e3d1047/element/00000000-0000-0031-ffff-ffff000000c3/clear&amp#27;[39m
&amp#27;[38;5;0m[HTTP]&amp#27;[0m &amp#27;[90m{"id":"00000000-0000-0031-ffff-ffff000000c3"}&amp#27;[39m
[debug] &amp#27;[38;5;32m[AndroidUiautomator2Driver@57d8 (0cc448fc)]&amp#27;[0m Calling AppiumDriver.clear() with args: ["00000000-0000-0031-ffff-ffff000000c3","0cc448fc-d9ee-4d68-9362-cf0f5e3d1047"]
[debug] &amp#27;[38;5;32m[AndroidUiautomator2Driver@57d8 (0cc448fc)]&amp#27;[0m Matched '/element/00000000-0000-0031-ffff-ffff000000c3/clear' to command name 'clear'
[debug] &amp#27;[38;5;32m[AndroidUiautomator2Driver@57d8 (0cc448fc)]&amp#27;[0m Proxying [POST /element/00000000-0000-0031-ffff-ffff000000c3/clear] to [POST http://127.0.0.1:8200/session/715f4330-d6cb-4b7c-bcbb-525481150e55/element/00000000-0000-0031-ffff-ffff000000c3/clear] with body: {"elementId":"00000000-0000-0031-ffff-ffff000000c3"}
[debug] &amp#27;[38;5;32m[AndroidUiautomator2Driver@57d8 (0cc448fc)]&amp#27;[0m Got response with status 200: {"sessionId":"715f4330-d6cb-4b7c-bcbb-525481150e55","value":null}
[debug] &amp#27;[38;5;32m[AndroidUiautomator2Driver@57d8 (0cc448fc)]&amp#27;[0m Responding to client with driver.clear() result: null
&amp#27;[38;5;0m[HTTP]&amp#27;[0m &amp#27;[37m<-- POST /session/0cc448fc-d9ee-4d68-9362-cf0f5e3d1047/element/00000000-0000-0031-ffff-ffff000000c3/clear &amp#27;[39m&amp#27;[32m200&amp#27;[39m &amp#27;[90m10 ms - 14&amp#27;[39m
&amp#27;[38;5;0m[HTTP]&amp#27;[0m &amp#27;[90m&amp#27;[39m
&amp#27;[38;5;0m[HTTP]&amp#27;[0m &amp#27;[37m-->&amp#27;[39m &amp#27;[37mGET&amp#27;[39m &amp#27;[37m/session/0cc448fc-d9ee-4d68-9362-cf0f5e3d1047/context&amp#27;[39m
&amp#27;[38;5;0m[HTTP]&amp#27;[0m &amp#27;[90m{}&amp#27;[39m
[debug] &amp#27;[38;5;32m[AndroidUiautomator2Driver@57d8 (0cc448fc)]&amp#27;[0m Calling AppiumDriver.getCurrentContext() with args: ["0cc448fc-d9ee-4d68-9362-cf0f5e3d1047"]
[debug] &amp#27;[38;5;32m[AndroidUiautomator2Driver@57d8 (0cc448fc)]&amp#27;[0m Responding to client with driver.getCurrentContext() result: "NATIVE_APP"
&amp#27;[38;5;0m[HTTP]&amp#27;[0m &amp#27;[37m<-- GET /session/0cc448fc-d9ee-4d68-9362-cf0f5e3d1047/context &amp#27;[39m&amp#27;[32m200&amp#27;[39m &amp#27;[90m2 ms - 22&amp#27;[39m
&amp#27;[38;5;0m[HTTP]&amp#27;[0m &amp#27;[90m&amp#27;[39m
&amp#27;[38;5;0m[HTTP]&amp#27;[0m &amp#27;[37m-->&amp#27;[39m &amp#27;[37mPOST&amp#27;[39m &amp#27;[37m/session/0cc448fc-d9ee-4d68-9362-cf0f5e3d1047/element&amp#27;[39m
&amp#27;[38;5;0m[HTTP]&amp#27;[0m &amp#27;[90m{"using":"accessibility id","value":"Password input field"}&amp#27;[39m
[debug] &amp#27;[38;5;32m[AndroidUiautomator2Driver@57d8 (0cc448fc)]&amp#27;[0m Calling AppiumDriver.findElement() with args: ["accessibility id","Password input field","0cc448fc-d9ee-4d68-9362-cf0f5e3d1047"]
[debug] &amp#27;[38;5;32m[AndroidUiautomator2Driver@57d8 (0cc448fc)]&amp#27;[0m Valid locator strategies for this request: xpath, id, class name, accessibility id, css selector, -android uiautomator
[debug] &amp#27;[38;5;32m[AndroidUiautomator2Driver@57d8 (0cc448fc)]&amp#27;[0m Waiting up to 0 ms for condition
[debug] &amp#27;[38;5;32m[AndroidUiautomator2Driver@57d8 (0cc448fc)]&amp#27;[0m Matched '/element' to command name 'findElement'
[debug] &amp#27;[38;5;32m[AndroidUiautomator2Driver@57d8 (0cc448fc)]&amp#27;[0m Proxying [POST /element] to [POST http://127.0.0.1:8200/session/715f4330-d6cb-4b7c-bcbb-525481150e55/element] with body: {"strategy":"accessibility id","selector":"Password input field","context":"","multiple":false}
[debug] &amp#27;[38;5;32m[AndroidUiautomator2Driver@57d8 (0cc448fc)]&amp#27;[0m Got response with status 200: {"sessionId":"715f4330-d6cb-4b7c-bcbb-525481150e55","value":{"ELEMENT":"00000000-0000-0031-ffff-ffff000000c3","element-6066-11e4-a52e-4f735466cecf":"00000000-0000-0031-ffff-ffff000000c3"}}
[debug] &amp#27;[38;5;32m[AndroidUiautomator2Driver@57d8 (0cc448fc)]&amp#27;[0m Responding to client with driver.findElement() result: {"element-6066-11e4-a52e-4f735466cecf":"00000000-0000-0031-ffff-ffff000000c3","ELEMENT":"00000000-0000-0031-ffff-ffff000000c3"}
&amp#27;[38;5;0m[HTTP]&amp#27;[0m &amp#27;[37m<-- POST /session/0cc448fc-d9ee-4d68-9362-cf0f5e3d1047/element &amp#27;[39m&amp#27;[32m200&amp#27;[39m &amp#27;[90m17 ms - 137&amp#27;[39m
&amp#27;[38;5;0m[HTTP]&amp#27;[0m &amp#27;[90m&amp#27;[39m
&amp#27;[38;5;0m[HTTP]&amp#27;[0m &amp#27;[37m-->&amp#27;[39m &amp#27;[37mGET&amp#27;[39m &amp#27;[37m/session/0cc448fc-d9ee-4d68-9362-cf0f5e3d1047/element/00000000-0000-0031-ffff-ffff000000c3/displayed&amp#27;[39m
&amp#27;[38;5;0m[HTTP]&amp#27;[0m &amp#27;[90m{}&amp#27;[39m
[debug] &amp#27;[38;5;32m[AndroidUiautomator2Driver@57d8 (0cc448fc)]&amp#27;[0m Calling AppiumDriver.elementDisplayed() with args: ["00000000-0000-0031-ffff-ffff000000c3","0cc448fc-d9ee-4d68-9362-cf0f5e3d1047"]
[debug] &amp#27;[38;5;32m[AndroidUiautomator2Driver@57d8 (0cc448fc)]&amp#27;[0m Matched '/element/00000000-0000-0031-ffff-ffff000000c3/attribute/displayed' to command name 'getAttribute'
[debug] &amp#27;[38;5;32m[AndroidUiautomator2Driver@57d8 (0cc448fc)]&amp#27;[0m Proxying [GET /element/00000000-0000-0031-ffff-ffff000000c3/attribute/displayed] to [GET http://127.0.0.1:8200/session/715f4330-d6cb-4b7c-bcbb-525481150e55/element/00000000-0000-0031-ffff-ffff000000c3/attribute/displayed] with no body
[debug] &amp#27;[38;5;32m[AndroidUiautomator2Driver@57d8 (0cc448fc)]&amp#27;[0m Got response with status 200: {"sessionId":"715f4330-d6cb-4b7c-bcbb-525481150e55","value":"true"}
[debug] &amp#27;[38;5;32m[AndroidUiautomator2Driver@57d8 (0cc448fc)]&amp#27;[0m Responding to client with driver.elementDisplayed() result: true
&amp#27;[38;5;0m[HTTP]&amp#27;[0m &amp#27;[37m<-- GET /session/0cc448fc-d9ee-4d68-9362-cf0f5e3d1047/element/00000000-0000-0031-ffff-ffff000000c3/displayed &amp#27;[39m&amp#27;[32m200&amp#27;[39m &amp#27;[90m572 ms - 14&amp#27;[39m
&amp#27;[38;5;0m[HTTP]&amp#27;[0m &amp#27;[90m&amp#27;[39m
[INFO ] 2023-06-03 12:54:34.586 com.qa.BaseTest:291 - Login with password- 10203040
&amp#27;[38;5;0m[HTTP]&amp#27;[0m &amp#27;[37m-->&amp#27;[39m &amp#27;[37mGET&amp#27;[39m &amp#27;[37m/session/0cc448fc-d9ee-4d68-9362-cf0f5e3d1047/context&amp#27;[39m
&amp#27;[38;5;0m[HTTP]&amp#27;[0m &amp#27;[90m{}&amp#27;[39m
[debug] &amp#27;[38;5;32m[AndroidUiautomator2Driver@57d8 (0cc448fc)]&amp#27;[0m Calling AppiumDriver.getCurrentContext() with args: ["0cc448fc-d9ee-4d68-9362-cf0f5e3d1047"]
[debug] &amp#27;[38;5;32m[AndroidUiautomator2Driver@57d8 (0cc448fc)]&amp#27;[0m Responding to client with driver.getCurrentContext() result: "NATIVE_APP"
&amp#27;[38;5;0m[HTTP]&amp#27;[0m &amp#27;[37m<-- GET /session/0cc448fc-d9ee-4d68-9362-cf0f5e3d1047/context &amp#27;[39m&amp#27;[32m200&amp#27;[39m &amp#27;[90m1 ms - 22&amp#27;[39m
&amp#27;[38;5;0m[HTTP]&amp#27;[0m &amp#27;[90m&amp#27;[39m
&amp#27;[38;5;0m[HTTP]&amp#27;[0m &amp#27;[37m-->&amp#27;[39m &amp#27;[37mPOST&amp#27;[39m &amp#27;[37m/session/0cc448fc-d9ee-4d68-9362-cf0f5e3d1047/element&amp#27;[39m
&amp#27;[38;5;0m[HTTP]&amp#27;[0m &amp#27;[90m{"using":"accessibility id","value":"Password input field"}&amp#27;[39m
[debug] &amp#27;[38;5;32m[AndroidUiautomator2Driver@57d8 (0cc448fc)]&amp#27;[0m Calling AppiumDriver.findElement() with args: ["accessibility id","Password input field","0cc448fc-d9ee-4d68-9362-cf0f5e3d1047"]
[debug] &amp#27;[38;5;32m[AndroidUiautomator2Driver@57d8 (0cc448fc)]&amp#27;[0m Valid locator strategies for this request: xpath, id, class name, accessibility id, css selector, -android uiautomator
[debug] &amp#27;[38;5;32m[AndroidUiautomator2Driver@57d8 (0cc448fc)]&amp#27;[0m Waiting up to 0 ms for condition
[debug] &amp#27;[38;5;32m[AndroidUiautomator2Driver@57d8 (0cc448fc)]&amp#27;[0m Matched '/element' to command name 'findElement'
[debug] &amp#27;[38;5;32m[AndroidUiautomator2Driver@57d8 (0cc448fc)]&amp#27;[0m Proxying [POST /element] to [POST http://127.0.0.1:8200/session/715f4330-d6cb-4b7c-bcbb-525481150e55/element] with body: {"strategy":"accessibility id","selector":"Password input field","context":"","multiple":false}
[debug] &amp#27;[38;5;32m[AndroidUiautomator2Driver@57d8 (0cc448fc)]&amp#27;[0m Got response with status 200: {"sessionId":"715f4330-d6cb-4b7c-bcbb-525481150e55","value":{"ELEMENT":"00000000-0000-0031-ffff-ffff000000c3","element-6066-11e4-a52e-4f735466cecf":"00000000-0000-0031-ffff-ffff000000c3"}}
[debug] &amp#27;[38;5;32m[AndroidUiautomator2Driver@57d8 (0cc448fc)]&amp#27;[0m Responding to client with driver.findElement() result: {"element-6066-11e4-a52e-4f735466cecf":"00000000-0000-0031-ffff-ffff000000c3","ELEMENT":"00000000-0000-0031-ffff-ffff000000c3"}
&amp#27;[38;5;0m[HTTP]&amp#27;[0m &amp#27;[37m<-- POST /session/0cc448fc-d9ee-4d68-9362-cf0f5e3d1047/element &amp#27;[39m&amp#27;[32m200&amp#27;[39m &amp#27;[90m12 ms - 137&amp#27;[39m
&amp#27;[38;5;0m[HTTP]&amp#27;[0m &amp#27;[90m&amp#27;[39m
&amp#27;[38;5;0m[HTTP]&amp#27;[0m &amp#27;[37m-->&amp#27;[39m &amp#27;[37mPOST&amp#27;[39m &amp#27;[37m/session/0cc448fc-d9ee-4d68-9362-cf0f5e3d1047/element/00000000-0000-0031-ffff-ffff000000c3/value&amp#27;[39m
&amp#27;[38;5;0m[HTTP]&amp#27;[0m &amp#27;[90m{"id":"00000000-0000-0031-ffff-ffff000000c3","text":"10203040","value":["1","0","2","0","3","0","4","0"]}&amp#27;[39m
[debug] &amp#27;[38;5;32m[AndroidUiautomator2Driver@57d8 (0cc448fc)]&amp#27;[0m Calling AppiumDriver.setValue() with args: [["1","0","2","0","3","0","4","0"],"00000000-0000-0031-ffff-ffff000000c3","0cc448fc-d9ee-4d68-9362-cf0f5e3d1047"]
[debug] &amp#27;[38;5;32m[AndroidUiautomator2Driver@57d8 (0cc448fc)]&amp#27;[0m Matched '/element/00000000-0000-0031-ffff-ffff000000c3/value' to command name 'setValue'
[debug] &amp#27;[38;5;32m[AndroidUiautomator2Driver@57d8 (0cc448fc)]&amp#27;[0m Added 'value' property ["1","0","2","0","3","0","4","0"] to 'setValue' request body
[debug] &amp#27;[38;5;32m[AndroidUiautomator2Driver@57d8 (0cc448fc)]&amp#27;[0m Proxying [POST /element/00000000-0000-0031-ffff-ffff000000c3/value] to [POST http://127.0.0.1:8200/session/715f4330-d6cb-4b7c-bcbb-525481150e55/element/00000000-0000-0031-ffff-ffff000000c3/value] with body: {"elementId":"00000000-0000-0031-ffff-ffff000000c3","text":"10203040","replace":false,"value":["1","0","2","0","3","0","4","0"]}
[debug] &amp#27;[38;5;32m[AndroidUiautomator2Driver@57d8 (0cc448fc)]&amp#27;[0m Got response with status 200: {"sessionId":"715f4330-d6cb-4b7c-bcbb-525481150e55","value":null}
[debug] &amp#27;[38;5;32m[AndroidUiautomator2Driver@57d8 (0cc448fc)]&amp#27;[0m Responding to client with driver.setValue() result: null
&amp#27;[38;5;0m[HTTP]&amp#27;[0m &amp#27;[37m<-- POST /session/0cc448fc-d9ee-4d68-9362-cf0f5e3d1047/element/00000000-0000-0031-ffff-ffff000000c3/value &amp#27;[39m&amp#27;[32m200&amp#27;[39m &amp#27;[90m11 ms - 14&amp#27;[39m
&amp#27;[38;5;0m[HTTP]&amp#27;[0m &amp#27;[90m&amp#27;[39m
&amp#27;[38;5;0m[HTTP]&amp#27;[0m &amp#27;[37m-->&amp#27;[39m &amp#27;[37mGET&amp#27;[39m &amp#27;[37m/session/0cc448fc-d9ee-4d68-9362-cf0f5e3d1047/context&amp#27;[39m
&amp#27;[38;5;0m[HTTP]&amp#27;[0m &amp#27;[90m{}&amp#27;[39m
[debug] &amp#27;[38;5;32m[AndroidUiautomator2Driver@57d8 (0cc448fc)]&amp#27;[0m Calling AppiumDriver.getCurrentContext() with args: ["0cc448fc-d9ee-4d68-9362-cf0f5e3d1047"]
[debug] &amp#27;[38;5;32m[AndroidUiautomator2Driver@57d8 (0cc448fc)]&amp#27;[0m Responding to client with driver.getCurrentContext() result: "NATIVE_APP"
&amp#27;[38;5;0m[HTTP]&amp#27;[0m &amp#27;[37m<-- GET /session/0cc448fc-d9ee-4d68-9362-cf0f5e3d1047/context &amp#27;[39m&amp#27;[32m200&amp#27;[39m &amp#27;[90m1 ms - 22&amp#27;[39m
&amp#27;[38;5;0m[HTTP]&amp#27;[0m &amp#27;[90m&amp#27;[39m
&amp#27;[38;5;0m[HTTP]&amp#27;[0m &amp#27;[37m-->&amp#27;[39m &amp#27;[37mPOST&amp#27;[39m &amp#27;[37m/session/0cc448fc-d9ee-4d68-9362-cf0f5e3d1047/element&amp#27;[39m
&amp#27;[38;5;0m[HTTP]&amp#27;[0m &amp#27;[90m{"using":"accessibility id","value":"Login button"}&amp#27;[39m
[debug] &amp#27;[38;5;32m[AndroidUiautomator2Driver@57d8 (0cc448fc)]&amp#27;[0m Calling AppiumDriver.findElement() with args: ["accessibility id","Login button","0cc448fc-d9ee-4d68-9362-cf0f5e3d1047"]
[debug] &amp#27;[38;5;32m[AndroidUiautomator2Driver@57d8 (0cc448fc)]&amp#27;[0m Valid locator strategies for this request: xpath, id, class name, accessibility id, css selector, -android uiautomator
[debug] &amp#27;[38;5;32m[AndroidUiautomator2Driver@57d8 (0cc448fc)]&amp#27;[0m Waiting up to 0 ms for condition
[debug] &amp#27;[38;5;32m[AndroidUiautomator2Driver@57d8 (0cc448fc)]&amp#27;[0m Matched '/element' to command name 'findElement'
[debug] &amp#27;[38;5;32m[AndroidUiautomator2Driver@57d8 (0cc448fc)]&amp#27;[0m Proxying [POST /element] to [POST http://127.0.0.1:8200/session/715f4330-d6cb-4b7c-bcbb-525481150e55/element] with body: {"strategy":"accessibility id","selector":"Login button","context":"","multiple":false}
[debug] &amp#27;[38;5;32m[AndroidUiautomator2Driver@57d8 (0cc448fc)]&amp#27;[0m Got response with status 200: {"sessionId":"715f4330-d6cb-4b7c-bcbb-525481150e55","value":{"ELEMENT":"00000000-0000-0031-ffff-ffff000000c6","element-6066-11e4-a52e-4f735466cecf":"00000000-0000-0031-ffff-ffff000000c6"}}
[debug] &amp#27;[38;5;32m[AndroidUiautomator2Driver@57d8 (0cc448fc)]&amp#27;[0m Responding to client with driver.findElement() result: {"element-6066-11e4-a52e-4f735466cecf":"00000000-0000-0031-ffff-ffff000000c6","ELEMENT":"00000000-0000-0031-ffff-ffff000000c6"}
&amp#27;[38;5;0m[HTTP]&amp#27;[0m &amp#27;[37m<-- POST /session/0cc448fc-d9ee-4d68-9362-cf0f5e3d1047/element &amp#27;[39m&amp#27;[32m200&amp#27;[39m &amp#27;[90m21 ms - 137&amp#27;[39m
&amp#27;[38;5;0m[HTTP]&amp#27;[0m &amp#27;[90m&amp#27;[39m
&amp#27;[38;5;0m[HTTP]&amp#27;[0m &amp#27;[37m-->&amp#27;[39m &amp#27;[37mGET&amp#27;[39m &amp#27;[37m/session/0cc448fc-d9ee-4d68-9362-cf0f5e3d1047/element/00000000-0000-0031-ffff-ffff000000c6/displayed&amp#27;[39m
&amp#27;[38;5;0m[HTTP]&amp#27;[0m &amp#27;[90m{}&amp#27;[39m
[debug] &amp#27;[38;5;32m[AndroidUiautomator2Driver@57d8 (0cc448fc)]&amp#27;[0m Calling AppiumDriver.elementDisplayed() with args: ["00000000-0000-0031-ffff-ffff000000c6","0cc448fc-d9ee-4d68-9362-cf0f5e3d1047"]
[debug] &amp#27;[38;5;32m[AndroidUiautomator2Driver@57d8 (0cc448fc)]&amp#27;[0m Matched '/element/00000000-0000-0031-ffff-ffff000000c6/attribute/displayed' to command name 'getAttribute'
[debug] &amp#27;[38;5;32m[AndroidUiautomator2Driver@57d8 (0cc448fc)]&amp#27;[0m Proxying [GET /element/00000000-0000-0031-ffff-ffff000000c6/attribute/displayed] to [GET http://127.0.0.1:8200/session/715f4330-d6cb-4b7c-bcbb-525481150e55/element/00000000-0000-0031-ffff-ffff000000c6/attribute/displayed] with no body
[debug] &amp#27;[38;5;32m[AndroidUiautomator2Driver@57d8 (0cc448fc)]&amp#27;[0m Got response with status 200: {"sessionId":"715f4330-d6cb-4b7c-bcbb-525481150e55","value":"true"}
[debug] &amp#27;[38;5;32m[AndroidUiautomator2Driver@57d8 (0cc448fc)]&amp#27;[0m Responding to client with driver.elementDisplayed() result: true
&amp#27;[38;5;0m[HTTP]&amp#27;[0m &amp#27;[37m<-- GET /session/0cc448fc-d9ee-4d68-9362-cf0f5e3d1047/element/00000000-0000-0031-ffff-ffff000000c6/displayed &amp#27;[39m&amp#27;[32m200&amp#27;[39m &amp#27;[90m573 ms - 14&amp#27;[39m
&amp#27;[38;5;0m[HTTP]&amp#27;[0m &amp#27;[90m&amp#27;[39m
[INFO ] 2023-06-03 12:54:35.226 com.qa.BaseTest:279 - Press login button
&amp#27;[38;5;0m[HTTP]&amp#27;[0m &amp#27;[37m-->&amp#27;[39m &amp#27;[37mGET&amp#27;[39m &amp#27;[37m/session/0cc448fc-d9ee-4d68-9362-cf0f5e3d1047/context&amp#27;[39m
&amp#27;[38;5;0m[HTTP]&amp#27;[0m &amp#27;[90m{}&amp#27;[39m
[debug] &amp#27;[38;5;32m[AndroidUiautomator2Driver@57d8 (0cc448fc)]&amp#27;[0m Calling AppiumDriver.getCurrentContext() with args: ["0cc448fc-d9ee-4d68-9362-cf0f5e3d1047"]
[debug] &amp#27;[38;5;32m[AndroidUiautomator2Driver@57d8 (0cc448fc)]&amp#27;[0m Responding to client with driver.getCurrentContext() result: "NATIVE_APP"
&amp#27;[38;5;0m[HTTP]&amp#27;[0m &amp#27;[37m<-- GET /session/0cc448fc-d9ee-4d68-9362-cf0f5e3d1047/context &amp#27;[39m&amp#27;[32m200&amp#27;[39m &amp#27;[90m2 ms - 22&amp#27;[39m
&amp#27;[38;5;0m[HTTP]&amp#27;[0m &amp#27;[90m&amp#27;[39m
&amp#27;[38;5;0m[HTTP]&amp#27;[0m &amp#27;[37m-->&amp#27;[39m &amp#27;[37mPOST&amp#27;[39m &amp#27;[37m/session/0cc448fc-d9ee-4d68-9362-cf0f5e3d1047/element&amp#27;[39m
&amp#27;[38;5;0m[HTTP]&amp#27;[0m &amp#27;[90m{"using":"accessibility id","value":"Login button"}&amp#27;[39m
[debug] &amp#27;[38;5;32m[AndroidUiautomator2Driver@57d8 (0cc448fc)]&amp#27;[0m Calling AppiumDriver.findElement() with args: ["accessibility id","Login button","0cc448fc-d9ee-4d68-9362-cf0f5e3d1047"]
[debug] &amp#27;[38;5;32m[AndroidUiautomator2Driver@57d8 (0cc448fc)]&amp#27;[0m Valid locator strategies for this request: xpath, id, class name, accessibility id, css selector, -android uiautomator
[debug] &amp#27;[38;5;32m[AndroidUiautomator2Driver@57d8 (0cc448fc)]&amp#27;[0m Waiting up to 0 ms for condition
[debug] &amp#27;[38;5;32m[AndroidUiautomator2Driver@57d8 (0cc448fc)]&amp#27;[0m Matched '/element' to command name 'findElement'
[debug] &amp#27;[38;5;32m[AndroidUiautomator2Driver@57d8 (0cc448fc)]&amp#27;[0m Proxying [POST /element] to [POST http://127.0.0.1:8200/session/715f4330-d6cb-4b7c-bcbb-525481150e55/element] with body: {"strategy":"accessibility id","selector":"Login button","context":"","multiple":false}
[debug] &amp#27;[38;5;32m[AndroidUiautomator2Driver@57d8 (0cc448fc)]&amp#27;[0m Got response with status 200: {"sessionId":"715f4330-d6cb-4b7c-bcbb-525481150e55","value":{"ELEMENT":"00000000-0000-0031-ffff-ffff000000c6","element-6066-11e4-a52e-4f735466cecf":"00000000-0000-0031-ffff-ffff000000c6"}}
[debug] &amp#27;[38;5;32m[AndroidUiautomator2Driver@57d8 (0cc448fc)]&amp#27;[0m Responding to client with driver.findElement() result: {"element-6066-11e4-a52e-4f735466cecf":"00000000-0000-0031-ffff-ffff000000c6","ELEMENT":"00000000-0000-0031-ffff-ffff000000c6"}
&amp#27;[38;5;0m[HTTP]&amp#27;[0m &amp#27;[37m<-- POST /session/0cc448fc-d9ee-4d68-9362-cf0f5e3d1047/element &amp#27;[39m&amp#27;[32m200&amp#27;[39m &amp#27;[90m23 ms - 137&amp#27;[39m
&amp#27;[38;5;0m[HTTP]&amp#27;[0m &amp#27;[90m&amp#27;[39m
&amp#27;[38;5;0m[HTTP]&amp#27;[0m &amp#27;[37m-->&amp#27;[39m &amp#27;[37mPOST&amp#27;[39m &amp#27;[37m/session/0cc448fc-d9ee-4d68-9362-cf0f5e3d1047/element/00000000-0000-0031-ffff-ffff000000c6/click&amp#27;[39m
&amp#27;[38;5;0m[HTTP]&amp#27;[0m &amp#27;[90m{"id":"00000000-0000-0031-ffff-ffff000000c6"}&amp#27;[39m
[debug] &amp#27;[38;5;32m[AndroidUiautomator2Driver@57d8 (0cc448fc)]&amp#27;[0m Calling AppiumDriver.click() with args: ["00000000-0000-0031-ffff-ffff000000c6","0cc448fc-d9ee-4d68-9362-cf0f5e3d1047"]
[debug] &amp#27;[38;5;32m[AndroidUiautomator2Driver@57d8 (0cc448fc)]&amp#27;[0m Matched '/element/00000000-0000-0031-ffff-ffff000000c6/click' to command name 'click'
[debug] &amp#27;[38;5;32m[AndroidUiautomator2Driver@57d8 (0cc448fc)]&amp#27;[0m Proxying [POST /element/00000000-0000-0031-ffff-ffff000000c6/click] to [POST http://127.0.0.1:8200/session/715f4330-d6cb-4b7c-bcbb-525481150e55/element/00000000-0000-0031-ffff-ffff000000c6/click] with body: {"element":"00000000-0000-0031-ffff-ffff000000c6"}
[debug] &amp#27;[38;5;32m[AndroidUiautomator2Driver@57d8 (0cc448fc)]&amp#27;[0m Got response with status 200: {"sessionId":"715f4330-d6cb-4b7c-bcbb-525481150e55","value":null}
[debug] &amp#27;[38;5;32m[AndroidUiautomator2Driver@57d8 (0cc448fc)]&amp#27;[0m Responding to client with driver.click() result: null
&amp#27;[38;5;0m[HTTP]&amp#27;[0m &amp#27;[37m<-- POST /session/0cc448fc-d9ee-4d68-9362-cf0f5e3d1047/element/00000000-0000-0031-ffff-ffff000000c6/click &amp#27;[39m&amp#27;[32m200&amp#27;[39m &amp#27;[90m38 ms - 14&amp#27;[39m
&amp#27;[38;5;0m[HTTP]&amp#27;[0m &amp#27;[90m&amp#27;[39m
&amp#27;[38;5;0m[HTTP]&amp#27;[0m &amp#27;[37m-->&amp#27;[39m &amp#27;[37mGET&amp#27;[39m &amp#27;[37m/session/0cc448fc-d9ee-4d68-9362-cf0f5e3d1047/context&amp#27;[39m
&amp#27;[38;5;0m[HTTP]&amp#27;[0m &amp#27;[90m{}&amp#27;[39m
[debug] &amp#27;[38;5;32m[AndroidUiautomator2Driver@57d8 (0cc448fc)]&amp#27;[0m Calling AppiumDriver.getCurrentContext() with args: ["0cc448fc-d9ee-4d68-9362-cf0f5e3d1047"]
[debug] &amp#27;[38;5;32m[AndroidUiautomator2Driver@57d8 (0cc448fc)]&amp#27;[0m Responding to client with driver.getCurrentContext() result: "NATIVE_APP"
&amp#27;[38;5;0m[HTTP]&amp#27;[0m &amp#27;[37m<-- GET /session/0cc448fc-d9ee-4d68-9362-cf0f5e3d1047/context &amp#27;[39m&amp#27;[32m200&amp#27;[39m &amp#27;[90m1 ms - 22&amp#27;[39m
&amp#27;[38;5;0m[HTTP]&amp#27;[0m &amp#27;[90m&amp#27;[39m
&amp#27;[38;5;0m[HTTP]&amp#27;[0m &amp#27;[37m-->&amp#27;[39m &amp#27;[37mPOST&amp#27;[39m &amp#27;[37m/session/0cc448fc-d9ee-4d68-9362-cf0f5e3d1047/element&amp#27;[39m
&amp#27;[38;5;0m[HTTP]&amp#27;[0m &amp#27;[90m{"using":"xpath","value":"//android.view.ViewGroup[@content-desc=\"container header\"]/android.widget.TextView"}&amp#27;[39m
[debug] &amp#27;[38;5;32m[AndroidUiautomator2Driver@57d8 (0cc448fc)]&amp#27;[0m Calling AppiumDriver.findElement() with args: ["xpath","//android.view.ViewGroup[@content-desc=\"container header\"]/android.widget.TextView","0cc448fc-d9ee-4d68-9362-cf0f5e3d1047"]
[debug] &amp#27;[38;5;32m[AndroidUiautomator2Driver@57d8 (0cc448fc)]&amp#27;[0m Valid locator strategies for this request: xpath, id, class name, accessibility id, css selector, -android uiautomator
[debug] &amp#27;[38;5;32m[AndroidUiautomator2Driver@57d8 (0cc448fc)]&amp#27;[0m Waiting up to 0 ms for condition
[debug] &amp#27;[38;5;32m[AndroidUiautomator2Driver@57d8 (0cc448fc)]&amp#27;[0m Matched '/element' to command name 'findElement'
[debug] &amp#27;[38;5;32m[AndroidUiautomator2Driver@57d8 (0cc448fc)]&amp#27;[0m Proxying [POST /element] to [POST http://127.0.0.1:8200/session/715f4330-d6cb-4b7c-bcbb-525481150e55/element] with body: {"strategy":"xpath","selector":"//android.view.ViewGroup[@content-desc=\"container header\"]/android.widget.TextView","context":"","multiple":false}
[debug] &amp#27;[38;5;32m[AndroidUiautomator2Driver@57d8 (0cc448fc)]&amp#27;[0m Got response with status 200: {"sessionId":"715f4330-d6cb-4b7c-bcbb-525481150e55","value":{"ELEMENT":"00000000-0000-0031-ffff-ffff00000032","element-6066-11e4-a52e-4f735466cecf":"00000000-0000-0031-ffff-ffff00000032"}}
[debug] &amp#27;[38;5;32m[AndroidUiautomator2Driver@57d8 (0cc448fc)]&amp#27;[0m Responding to client with driver.findElement() result: {"element-6066-11e4-a52e-4f735466cecf":"00000000-0000-0031-ffff-ffff00000032","ELEMENT":"00000000-0000-0031-ffff-ffff00000032"}
&amp#27;[38;5;0m[HTTP]&amp#27;[0m &amp#27;[37m<-- POST /session/0cc448fc-d9ee-4d68-9362-cf0f5e3d1047/element &amp#27;[39m&amp#27;[32m200&amp#27;[39m &amp#27;[90m55 ms - 137&amp#27;[39m
&amp#27;[38;5;0m[HTTP]&amp#27;[0m &amp#27;[90m&amp#27;[39m
&amp#27;[38;5;0m[HTTP]&amp#27;[0m &amp#27;[37m-->&amp#27;[39m &amp#27;[37mGET&amp#27;[39m &amp#27;[37m/session/0cc448fc-d9ee-4d68-9362-cf0f5e3d1047/element/00000000-0000-0031-ffff-ffff00000032/displayed&amp#27;[39m
&amp#27;[38;5;0m[HTTP]&amp#27;[0m &amp#27;[90m{}&amp#27;[39m
[debug] &amp#27;[38;5;32m[AndroidUiautomator2Driver@57d8 (0cc448fc)]&amp#27;[0m Calling AppiumDriver.elementDisplayed() with args: ["00000000-0000-0031-ffff-ffff00000032","0cc448fc-d9ee-4d68-9362-cf0f5e3d1047"]
[debug] &amp#27;[38;5;32m[AndroidUiautomator2Driver@57d8 (0cc448fc)]&amp#27;[0m Matched '/element/00000000-0000-0031-ffff-ffff00000032/attribute/displayed' to command name 'getAttribute'
[debug] &amp#27;[38;5;32m[AndroidUiautomator2Driver@57d8 (0cc448fc)]&amp#27;[0m Proxying [GET /element/00000000-0000-0031-ffff-ffff00000032/attribute/displayed] to [GET http://127.0.0.1:8200/session/715f4330-d6cb-4b7c-bcbb-525481150e55/element/00000000-0000-0031-ffff-ffff00000032/attribute/displayed] with no body
[debug] &amp#27;[38;5;32m[AndroidUiautomator2Driver@57d8 (0cc448fc)]&amp#27;[0m Got response with status 200: {"sessionId":"715f4330-d6cb-4b7c-bcbb-525481150e55","value":"true"}
[debug] &amp#27;[38;5;32m[AndroidUiautomator2Driver@57d8 (0cc448fc)]&amp#27;[0m Responding to client with driver.elementDisplayed() result: true
&amp#27;[38;5;0m[HTTP]&amp#27;[0m &amp#27;[37m<-- GET /session/0cc448fc-d9ee-4d68-9362-cf0f5e3d1047/element/00000000-0000-0031-ffff-ffff00000032/displayed &amp#27;[39m&amp#27;[32m200&amp#27;[39m &amp#27;[90m9 ms - 14&amp#27;[39m
&amp#27;[38;5;0m[HTTP]&amp#27;[0m &amp#27;[90m&amp#27;[39m
&amp#27;[38;5;0m[HTTP]&amp#27;[0m &amp#27;[37m-->&amp#27;[39m &amp#27;[37mGET&amp#27;[39m &amp#27;[37m/session/0cc448fc-d9ee-4d68-9362-cf0f5e3d1047/context&amp#27;[39m
&amp#27;[38;5;0m[HTTP]&amp#27;[0m &amp#27;[90m{}&amp#27;[39m
[debug] &amp#27;[38;5;32m[AndroidUiautomator2Driver@57d8 (0cc448fc)]&amp#27;[0m Calling AppiumDriver.getCurrentContext() with args: ["0cc448fc-d9ee-4d68-9362-cf0f5e3d1047"]
[debug] &amp#27;[38;5;32m[AndroidUiautomator2Driver@57d8 (0cc448fc)]&amp#27;[0m Responding to client with driver.getCurrentContext() result: "NATIVE_APP"
&amp#27;[38;5;0m[HTTP]&amp#27;[0m &amp#27;[37m<-- GET /session/0cc448fc-d9ee-4d68-9362-cf0f5e3d1047/context &amp#27;[39m&amp#27;[32m200&amp#27;[39m &amp#27;[90m1 ms - 22&amp#27;[39m
&amp#27;[38;5;0m[HTTP]&amp#27;[0m &amp#27;[90m&amp#27;[39m
&amp#27;[38;5;0m[HTTP]&amp#27;[0m &amp#27;[37m-->&amp#27;[39m &amp#27;[37mPOST&amp#27;[39m &amp#27;[37m/session/0cc448fc-d9ee-4d68-9362-cf0f5e3d1047/element&amp#27;[39m
&amp#27;[38;5;0m[HTTP]&amp#27;[0m &amp#27;[90m{"using":"xpath","value":"//android.view.ViewGroup[@content-desc=\"container header\"]/android.widget.TextView"}&amp#27;[39m
[debug] &amp#27;[38;5;32m[AndroidUiautomator2Driver@57d8 (0cc448fc)]&amp#27;[0m Calling AppiumDriver.findElement() with args: ["xpath","//android.view.ViewGroup[@content-desc=\"container header\"]/android.widget.TextView","0cc448fc-d9ee-4d68-9362-cf0f5e3d1047"]
[debug] &amp#27;[38;5;32m[AndroidUiautomator2Driver@57d8 (0cc448fc)]&amp#27;[0m Valid locator strategies for this request: xpath, id, class name, accessibility id, css selector, -android uiautomator
[debug] &amp#27;[38;5;32m[AndroidUiautomator2Driver@57d8 (0cc448fc)]&amp#27;[0m Waiting up to 0 ms for condition
[debug] &amp#27;[38;5;32m[AndroidUiautomator2Driver@57d8 (0cc448fc)]&amp#27;[0m Matched '/element' to command name 'findElement'
[debug] &amp#27;[38;5;32m[AndroidUiautomator2Driver@57d8 (0cc448fc)]&amp#27;[0m Proxying [POST /element] to [POST http://127.0.0.1:8200/session/715f4330-d6cb-4b7c-bcbb-525481150e55/element] with body: {"strategy":"xpath","selector":"//android.view.ViewGroup[@content-desc=\"container header\"]/android.widget.TextView","context":"","multiple":false}
[debug] &amp#27;[38;5;32m[AndroidUiautomator2Driver@57d8 (0cc448fc)]&amp#27;[0m Got response with status 200: {"sessionId":"715f4330-d6cb-4b7c-bcbb-525481150e55","value":{"ELEMENT":"00000000-0000-0031-ffff-ffff00000032","element-6066-11e4-a52e-4f735466cecf":"00000000-0000-0031-ffff-ffff00000032"}}
[debug] &amp#27;[38;5;32m[AndroidUiautomator2Driver@57d8 (0cc448fc)]&amp#27;[0m Responding to client with driver.findElement() result: {"element-6066-11e4-a52e-4f735466cecf":"00000000-0000-0031-ffff-ffff00000032","ELEMENT":"00000000-0000-0031-ffff-ffff00000032"}
&amp#27;[38;5;0m[HTTP]&amp#27;[0m &amp#27;[37m<-- POST /session/0cc448fc-d9ee-4d68-9362-cf0f5e3d1047/element &amp#27;[39m&amp#27;[32m200&amp#27;[39m &amp#27;[90m46 ms - 137&amp#27;[39m
&amp#27;[38;5;0m[HTTP]&amp#27;[0m &amp#27;[90m&amp#27;[39m
&amp#27;[38;5;0m[HTTP]&amp#27;[0m &amp#27;[37m-->&amp#27;[39m &amp#27;[37mGET&amp#27;[39m &amp#27;[37m/session/0cc448fc-d9ee-4d68-9362-cf0f5e3d1047/element/00000000-0000-0031-ffff-ffff00000032/attribute/text&amp#27;[39m
&amp#27;[38;5;0m[HTTP]&amp#27;[0m &amp#27;[90m{}&amp#27;[39m
[debug] &amp#27;[38;5;32m[AndroidUiautomator2Driver@57d8 (0cc448fc)]&amp#27;[0m Calling AppiumDriver.getAttribute() with args: ["text","00000000-0000-0031-ffff-ffff00000032","0cc448fc-d9ee-4d68-9362-cf0f5e3d1047"]
[debug] &amp#27;[38;5;32m[AndroidUiautomator2Driver@57d8 (0cc448fc)]&amp#27;[0m Matched '/element/00000000-0000-0031-ffff-ffff00000032/attribute/text' to command name 'getAttribute'
[debug] &amp#27;[38;5;32m[AndroidUiautomator2Driver@57d8 (0cc448fc)]&amp#27;[0m Proxying [GET /element/00000000-0000-0031-ffff-ffff00000032/attribute/text] to [GET http://127.0.0.1:8200/session/715f4330-d6cb-4b7c-bcbb-525481150e55/element/00000000-0000-0031-ffff-ffff00000032/attribute/text] with no body
[debug] &amp#27;[38;5;32m[AndroidUiautomator2Driver@57d8 (0cc448fc)]&amp#27;[0m Got response with status 200: {"sessionId":"715f4330-d6cb-4b7c-bcbb-525481150e55","value":"Products"}
[debug] &amp#27;[38;5;32m[AndroidUiautomator2Driver@57d8 (0cc448fc)]&amp#27;[0m Responding to client with driver.getAttribute() result: "Products"
&amp#27;[38;5;0m[HTTP]&amp#27;[0m &amp#27;[37m<-- GET /session/0cc448fc-d9ee-4d68-9362-cf0f5e3d1047/element/00000000-0000-0031-ffff-ffff00000032/attribute/text &amp#27;[39m&amp#27;[32m200&amp#27;[39m &amp#27;[90m7 ms - 20&amp#27;[39m
&amp#27;[38;5;0m[HTTP]&amp#27;[0m &amp#27;[90m&amp#27;[39m
[INFO ] 2023-06-03 12:54:38.447 com.qa.BaseTest:304 - Text fetched- Products
&amp#27;[38;5;0m[HTTP]&amp#27;[0m &amp#27;[37m-->&amp#27;[39m &amp#27;[37mGET&amp#27;[39m &amp#27;[37m/session/0cc448fc-d9ee-4d68-9362-cf0f5e3d1047/context&amp#27;[39m
&amp#27;[38;5;0m[HTTP]&amp#27;[0m &amp#27;[90m{}&amp#27;[39m
[debug] &amp#27;[38;5;32m[AndroidUiautomator2Driver@57d8 (0cc448fc)]&amp#27;[0m Calling AppiumDriver.getCurrentContext() with args: ["0cc448fc-d9ee-4d68-9362-cf0f5e3d1047"]
[debug] &amp#27;[38;5;32m[AndroidUiautomator2Driver@57d8 (0cc448fc)]&amp#27;[0m Responding to client with driver.getCurrentContext() result: "NATIVE_APP"
&amp#27;[38;5;0m[HTTP]&amp#27;[0m &amp#27;[37m<-- GET /session/0cc448fc-d9ee-4d68-9362-cf0f5e3d1047/context &amp#27;[39m&amp#27;[32m200&amp#27;[39m &amp#27;[90m1 ms - 22&amp#27;[39m
&amp#27;[38;5;0m[HTTP]&amp#27;[0m &amp#27;[90m&amp#27;[39m
&amp#27;[38;5;0m[HTTP]&amp#27;[0m &amp#27;[37m-->&amp#27;[39m &amp#27;[37mPOST&amp#27;[39m &amp#27;[37m/session/0cc448fc-d9ee-4d68-9362-cf0f5e3d1047/element&amp#27;[39m
&amp#27;[38;5;0m[HTTP]&amp#27;[0m &amp#27;[90m{"using":"xpath","value":"//android.view.ViewGroup[@content-desc=\"container header\"]/android.widget.TextView"}&amp#27;[39m
[debug] &amp#27;[38;5;32m[AndroidUiautomator2Driver@57d8 (0cc448fc)]&amp#27;[0m Calling AppiumDriver.findElement() with args: ["xpath","//android.view.ViewGroup[@content-desc=\"container header\"]/android.widget.TextView","0cc448fc-d9ee-4d68-9362-cf0f5e3d1047"]
[debug] &amp#27;[38;5;32m[AndroidUiautomator2Driver@57d8 (0cc448fc)]&amp#27;[0m Valid locator strategies for this request: xpath, id, class name, accessibility id, css selector, -android uiautomator
[debug] &amp#27;[38;5;32m[AndroidUiautomator2Driver@57d8 (0cc448fc)]&amp#27;[0m Waiting up to 0 ms for condition
[debug] &amp#27;[38;5;32m[AndroidUiautomator2Driver@57d8 (0cc448fc)]&amp#27;[0m Matched '/element' to command name 'findElement'
[debug] &amp#27;[38;5;32m[AndroidUiautomator2Driver@57d8 (0cc448fc)]&amp#27;[0m Proxying [POST /element] to [POST http://127.0.0.1:8200/session/715f4330-d6cb-4b7c-bcbb-525481150e55/element] with body: {"strategy":"xpath","selector":"//android.view.ViewGroup[@content-desc=\"container header\"]/android.widget.TextView","context":"","multiple":false}
[debug] &amp#27;[38;5;32m[AndroidUiautomator2Driver@57d8 (0cc448fc)]&amp#27;[0m Got response with status 200: {"sessionId":"715f4330-d6cb-4b7c-bcbb-525481150e55","value":{"ELEMENT":"00000000-0000-0031-ffff-ffff00000032","element-6066-11e4-a52e-4f735466cecf":"00000000-0000-0031-ffff-ffff00000032"}}
[debug] &amp#27;[38;5;32m[AndroidUiautomator2Driver@57d8 (0cc448fc)]&amp#27;[0m Responding to client with driver.findElement() result: {"element-6066-11e4-a52e-4f735466cecf":"00000000-0000-0031-ffff-ffff00000032","ELEMENT":"00000000-0000-0031-ffff-ffff00000032"}
&amp#27;[38;5;0m[HTTP]&amp#27;[0m &amp#27;[37m<-- POST /session/0cc448fc-d9ee-4d68-9362-cf0f5e3d1047/element &amp#27;[39m&amp#27;[32m200&amp#27;[39m &amp#27;[90m39 ms - 137&amp#27;[39m
&amp#27;[38;5;0m[HTTP]&amp#27;[0m &amp#27;[90m&amp#27;[39m
&amp#27;[38;5;0m[HTTP]&amp#27;[0m &amp#27;[37m-->&amp#27;[39m &amp#27;[37mGET&amp#27;[39m &amp#27;[37m/session/0cc448fc-d9ee-4d68-9362-cf0f5e3d1047/element/00000000-0000-0031-ffff-ffff00000032/attribute/text&amp#27;[39m
&amp#27;[38;5;0m[HTTP]&amp#27;[0m &amp#27;[90m{}&amp#27;[39m
[debug] &amp#27;[38;5;32m[AndroidUiautomator2Driver@57d8 (0cc448fc)]&amp#27;[0m Calling AppiumDriver.getAttribute() with args: ["text","00000000-0000-0031-ffff-ffff00000032","0cc448fc-d9ee-4d68-9362-cf0f5e3d1047"]
[debug] &amp#27;[38;5;32m[AndroidUiautomator2Driver@57d8 (0cc448fc)]&amp#27;[0m Matched '/element/00000000-0000-0031-ffff-ffff00000032/attribute/text' to command name 'getAttribute'
[debug] &amp#27;[38;5;32m[AndroidUiautomator2Driver@57d8 (0cc448fc)]&amp#27;[0m Proxying [GET /element/00000000-0000-0031-ffff-ffff00000032/attribute/text] to [GET http://127.0.0.1:8200/session/715f4330-d6cb-4b7c-bcbb-525481150e55/element/00000000-0000-0031-ffff-ffff00000032/attribute/text] with no body
[debug] &amp#27;[38;5;32m[AndroidUiautomator2Driver@57d8 (0cc448fc)]&amp#27;[0m Got response with status 200: {"sessionId":"715f4330-d6cb-4b7c-bcbb-525481150e55","value":"Products"}
[debug] &amp#27;[38;5;32m[AndroidUiautomator2Driver@57d8 (0cc448fc)]&amp#27;[0m Responding to client with driver.getAttribute() result: "Products"
&amp#27;[38;5;0m[HTTP]&amp#27;[0m &amp#27;[37m<-- GET /session/0cc448fc-d9ee-4d68-9362-cf0f5e3d1047/element/00000000-0000-0031-ffff-ffff00000032/attribute/text &amp#27;[39m&amp#27;[32m200&amp#27;[39m &amp#27;[90m6 ms - 20&amp#27;[39m
&amp#27;[38;5;0m[HTTP]&amp#27;[0m &amp#27;[90m&amp#27;[39m
[INFO ] 2023-06-03 12:54:38.503 com.qa.tests.LoginTests:103 - Actual Product Title - Products
]]></system-out>
  </testcase>
</testsuite>