<?xml version="1.0" encoding="UTF-8"?>
<!-- Generated by org.testng.reporters.JUnitReportReporter -->
<testsuite hostname="user-Latitude-3420" failures="0" tests="2" name="com.qa.tests.LoginTests" time="50.083" errors="0" timestamp="2023-05-25T11:00:50 IST" skipped="0">
  <testcase classname="com.qa.tests.LoginTests" name="invalidUserName" time="40.376"/>
  <system-out/>
  <testcase classname="com.qa.tests.LoginTests" name="sucessfulLogin" time="9.707"/>
  <system-out/>
</testsuite> <!-- com.qa.tests.LoginTests -->
