<?xml version="1.0" encoding="UTF-8"?>
<!-- Generated by org.testng.reporters.JUnitReportReporter -->
<testsuite hostname="user-Latitude-3420" failures="0" tests="2" name="com.qa.tests.LoginTests" time="18.796" errors="0" timestamp="2023-06-03T12:54:44 IST" skipped="0">
  <testcase classname="com.qa.tests.LoginTests" name="invalidUserName" time="11.469"/>
  <testcase classname="com.qa.tests.LoginTests" name="sucessfulLogin" time="7.327"/>
</testsuite> <!-- com.qa.tests.LoginTests -->
